assembling z33gcmdd.z80

No Fatal error(s)

assembling z33fcb1c.z80

No Fatal error(s)

assembling z33fcb2c.z80

No Fatal error(s)

assembling z33fcbch.z80

No Fatal error(s)

assembling z33gbdos.z80

No Fatal error(s)

assembling z33gdefd.z80

No Fatal error(s)

assembling z33gmtop.z80

No Fatal error(s)

assembling z33gter3.z80

No Fatal error(s)

assembling z33hltsu.z80

No Fatal error(s)

assembling z33gtsfc.z80

No Fatal error(s)

assembling z33gtecp.z80

No Fatal error(s)

assembling z33gtsru.z80

No Fatal error(s)

assembling z33gxsub.z80

No Fatal error(s)

assembling z33stpxs.z80

No Fatal error(s)

assembling z33pdefd.z80

No Fatal error(s)

assembling z33inver.z80

No Fatal error(s)

assembling z33pute3.z80

No Fatal error(s)

assembling z33pars2.z80

No Fatal error(s)

assembling z33pxsub.z80

No Fatal error(s)

assembling z33subon.z80

No Fatal error(s)

assembling z33reprs.z80

No Fatal error(s)

assembling z33fname.z80

No Fatal error(s)

assembling z33scan.z80

No Fatal error(s)

assembling z33hiusr.z80

No Fatal error(s)

assembling z33chk.z80

No Fatal error(s)

assembling z33sysck.z80

No Fatal error(s)

assembling z33stepb.z80

No Fatal error(s)

assembling z33rsepb.z80

No Fatal error(s)

assembling z33rtcst.z80

No Fatal error(s)

assembling z3getccp.z80

No Fatal error(s)

assembling z33prtyp.z80

No Fatal error(s)

assembling z33pgnam.z80

No Fatal error(s)

assembling atdelnum.z80

No Fatal error(s)

assembling atdigck.z80

No Fatal error(s)

assembling atinitf.z80

No Fatal error(s)

assembling atsdelm.z80

No Fatal error(s)

assembling atteol.z80

No Fatal error(s)

assembling atz3g0.z80

No Fatal error(s)

assembling atz3g2.z80

No Fatal error(s)

assembling atz3p0.z80

No Fatal error(s)

assembling z3andr.z80

No Fatal error(s)

assembling z3appcl.z80

No Fatal error(s)

assembling z3clrcl.z80

No Fatal error(s)

assembling z3dirtdu.z80

No Fatal error(s)

assembling z3dutdir.z80

No Fatal error(s)

assembling z3gcl1.z80

No Fatal error(s)

assembling z3gcl2.z80

No Fatal error(s)

assembling z3gcrt.z80

No Fatal error(s)

assembling z3gduok.z80

No Fatal error(s)

assembling z3gefcb.z80

No Fatal error(s)

assembling z3genv.z80

No Fatal error(s)

assembling z3gfcp.z80

No Fatal error(s)

assembling z3gfn12.z80

No Fatal error(s)

assembling z3gfnx.z80

No Fatal error(s)

assembling z3giop.z80

No Fatal error(s)

assembling z3giox.z80

No Fatal error(s)

assembling z3gmdisk.z80

No Fatal error(s)

assembling z3gmsg.z80

No Fatal error(s)

assembling z3gmuser.z80

No Fatal error(s)

assembling z3gndr.z80

No Fatal error(s)

assembling z3gpath.z80

No Fatal error(s)

assembling z3gprt.z80

No Fatal error(s)

assembling z3gquiet.z80

No Fatal error(s)

assembling z3grcp.z80

No Fatal error(s)

assembling z3gsh.z80

No Fatal error(s)

assembling z3gspeed.z80

No Fatal error(s)

assembling z3gvid.z80

No Fatal error(s)

assembling z3gwhl.z80

No Fatal error(s)

assembling z3gzfc.z80

No Fatal error(s)

assembling z3gznc.z80

No Fatal error(s)

assembling z3gzr.z80

No Fatal error(s)

assembling z3hzex.z80

No Fatal error(s)

assembling z3if.z80

No Fatal error(s)

assembling z3ifelse.z80

No Fatal error(s)

assembling z3ifend.z80

No Fatal error(s)

assembling z3iftest.z80

No Fatal error(s)

assembling z3indr.z80

No Fatal error(s)

assembling z3ini.z80

No Fatal error(s)

assembling z3ioma.z80

No Fatal error(s)

assembling z3ior.z80

No Fatal error(s)

assembling z3log.z80

No Fatal error(s)

assembling z3lver.z80

No Fatal error(s)

assembling z3msg1.z80

No Fatal error(s)

assembling z3msg2.z80

No Fatal error(s)

assembling z3msg3.z80

No Fatal error(s)

assembling z3msg4.z80

No Fatal error(s)

assembling z3msg5.z80

No Fatal error(s)

assembling z3msg6.z80

No Fatal error(s)

assembling z3msg7.z80

No Fatal error(s)

assembling z3msg8.z80

No Fatal error(s)

assembling z3msg9.z80

No Fatal error(s)

assembling z3msga.z80

No Fatal error(s)

assembling z3msgb.z80

No Fatal error(s)

assembling z3msgc.z80

No Fatal error(s)

assembling z3msgd.z80

No Fatal error(s)

assembling z3msge.z80

No Fatal error(s)

assembling z3msgf.z80

No Fatal error(s)

assembling z3msgg.z80

No Fatal error(s)

assembling z3msgh.z80

No Fatal error(s)

assembling z3pcl.z80

No Fatal error(s)

assembling z3pcrpr.z80

No Fatal error(s)

assembling z3pduok.z80

No Fatal error(s)

assembling z3pfind.z80

No Fatal error(s)

assembling z3pfnx.z80

No Fatal error(s)

assembling z3pmdisk.z80

No Fatal error(s)

assembling z3pmuser.z80

No Fatal error(s)

assembling z3pquiet.z80

No Fatal error(s)

assembling z3prgld.z80

No Fatal error(s)

assembling z3prs1a.z80

No Fatal error(s)

assembling z3prs1b.z80

No Fatal error(s)

assembling z3prs1c.z80

No Fatal error(s)

assembling z3prs3a.z80

No Fatal error(s)

assembling z3prs3b.z80

No Fatal error(s)

assembling z3prs3c.z80

No Fatal error(s)

assembling z3pspeed.z80

No Fatal error(s)

assembling z3pwhl.z80

No Fatal error(s)

assembling z3pznc.z80

No Fatal error(s)

assembling z3pzr.z80

No Fatal error(s)

assembling z3qcout.z80

No Fatal error(s)

assembling z3qcrlf.z80

No Fatal error(s)

assembling z3qndr.z80

No Fatal error(s)

assembling z3qout.z80

No Fatal error(s)

assembling z3qprint.z80

No Fatal error(s)

assembling z3qpstr.z80

No Fatal error(s)

assembling z3root.z80

No Fatal error(s)

assembling z3shempt.z80

No Fatal error(s)

assembling z3shfull.z80

No Fatal error(s)

assembling z3shpop.z80

No Fatal error(s)

assembling z3shpush.z80

No Fatal error(s)

assembling z3sndr.z80

No Fatal error(s)

assembling z3w1.z80

No Fatal error(s)

assembling z3w2.z80

No Fatal error(s)

assembling z3w3.z80

No Fatal error(s)

assembling z3whrenv.z80

No Fatal error(s)



Z/CPM Library Manager, Version 1.5 Copyright 1988 A.E. Hawley

Appending Z33GCMDD.REL



Z/CPM Library Manager, Version 1.5 Copyright 1988 A.E. Hawley

Appending Z33FCB1C.REL



Z/CPM Library Manager, Version 1.5 Copyright 1988 A.E. Hawley

Appending Z33FCB2C.REL



Z/CPM Library Manager, Version 1.5 Copyright 1988 A.E. Hawley

Appending Z33FCBCH.REL



Z/CPM Library Manager, Version 1.5 Copyright 1988 A.E. Hawley

Appending Z33GDEFD.REL



Z/CPM Library Manager, Version 1.5 Copyright 1988 A.E. Hawley

Appending Z33GTER3.REL



Z/CPM Library Manager, Version 1.5 Copyright 1988 A.E. Hawley

Appending Z33HLTSU.REL



Z/CPM Library Manager, Version 1.5 Copyright 1988 A.E. Hawley

Appending Z33GTSFC.REL



Z/CPM Library Manager, Version 1.5 Copyright 1988 A.E. Hawley

Appending Z33GTECP.REL



Z/CPM Library Manager, Version 1.5 Copyright 1988 A.E. Hawley

Appending Z33GTSRU.REL



Z/CPM Library Manager, Version 1.5 Copyright 1988 A.E. Hawley

Appending Z33GXSUB.REL



Z/CPM Library Manager, Version 1.5 Copyright 1988 A.E. Hawley

Appending Z33STPXS.REL



Z/CPM Library Manager, Version 1.5 Copyright 1988 A.E. Hawley

Appending Z33PDEFD.REL



Z/CPM Library Manager, Version 1.5 Copyright 1988 A.E. Hawley

Appending Z33INVER.REL



Z/CPM Library Manager, Version 1.5 Copyright 1988 A.E. Hawley

Appending Z33PUTE3.REL



Z/CPM Library Manager, Version 1.5 Copyright 1988 A.E. Hawley

Appending Z33PARS2.REL



Z/CPM Library Manager, Version 1.5 Copyright 1988 A.E. Hawley

Appending Z33PXSUB.REL



Z/CPM Library Manager, Version 1.5 Copyright 1988 A.E. Hawley

Appending Z33SUBON.REL



Z/CPM Library Manager, Version 1.5 Copyright 1988 A.E. Hawley

Appending Z33REPRS.REL



Z/CPM Library Manager, Version 1.5 Copyright 1988 A.E. Hawley

Appending Z33FNAME.REL



Z/CPM Library Manager, Version 1.5 Copyright 1988 A.E. Hawley

Appending Z33SCAN.REL



Z/CPM Library Manager, Version 1.5 Copyright 1988 A.E. Hawley

Appending Z33HIUSR.REL



Z/CPM Library Manager, Version 1.5 Copyright 1988 A.E. Hawley

Appending Z33CHK.REL



Z/CPM Library Manager, Version 1.5 Copyright 1988 A.E. Hawley

Appending Z33SYSCK.REL



Z/CPM Library Manager, Version 1.5 Copyright 1988 A.E. Hawley

Appending Z33STEPB.REL



Z/CPM Library Manager, Version 1.5 Copyright 1988 A.E. Hawley

Appending Z33RSEPB.REL



Z/CPM Library Manager, Version 1.5 Copyright 1988 A.E. Hawley

Appending Z33RTCST.REL



Z/CPM Library Manager, Version 1.5 Copyright 1988 A.E. Hawley

Appending Z33PRTYP.REL



Z/CPM Library Manager, Version 1.5 Copyright 1988 A.E. Hawley

Appending Z33PGNAM.REL



Z/CPM Library Manager, Version 1.5 Copyright 1988 A.E. Hawley

Appending Z3DIRTDU.REL



Z/CPM Library Manager, Version 1.5 Copyright 1988 A.E. Hawley

Appending Z3DUTDIR.REL



Z/CPM Library Manager, Version 1.5 Copyright 1988 A.E. Hawley

Appending Z3PRS1A.REL



Z/CPM Library Manager, Version 1.5 Copyright 1988 A.E. Hawley

Appending Z3PRS1B.REL



Z/CPM Library Manager, Version 1.5 Copyright 1988 A.E. Hawley

Appending Z3PRS1C.REL



Z/CPM Library Manager, Version 1.5 Copyright 1988 A.E. Hawley

Appending Z3PRS3A.REL



Z/CPM Library Manager, Version 1.5 Copyright 1988 A.E. Hawley

Appending Z3PRS3B.REL



Z/CPM Library Manager, Version 1.5 Copyright 1988 A.E. Hawley

Appending Z3PRS3C.REL



Z/CPM Library Manager, Version 1.5 Copyright 1988 A.E. Hawley

Appending ATDELNUM.REL



Z/CPM Library Manager, Version 1.5 Copyright 1988 A.E. Hawley

Appending ATDIGCK.REL



Z/CPM Library Manager, Version 1.5 Copyright 1988 A.E. Hawley

Appending ATSDELM.REL



Z/CPM Library Manager, Version 1.5 Copyright 1988 A.E. Hawley

Appending ATTEOL.REL



Z/CPM Library Manager, Version 1.5 Copyright 1988 A.E. Hawley

Appending ATINITF.REL



Z/CPM Library Manager, Version 1.5 Copyright 1988 A.E. Hawley

Appending Z3PFIND.REL



Z/CPM Library Manager, Version 1.5 Copyright 1988 A.E. Hawley

Appending Z3QCOUT.REL



Z/CPM Library Manager, Version 1.5 Copyright 1988 A.E. Hawley

Appending Z3QCRLF.REL



Z/CPM Library Manager, Version 1.5 Copyright 1988 A.E. Hawley

Appending Z3QOUT.REL



Z/CPM Library Manager, Version 1.5 Copyright 1988 A.E. Hawley

Appending Z3QPRINT.REL



Z/CPM Library Manager, Version 1.5 Copyright 1988 A.E. Hawley

Appending Z3QPSTR.REL



Z/CPM Library Manager, Version 1.5 Copyright 1988 A.E. Hawley

Appending Z3SHEMPT.REL



Z/CPM Library Manager, Version 1.5 Copyright 1988 A.E. Hawley

Appending Z3SHFULL.REL



Z/CPM Library Manager, Version 1.5 Copyright 1988 A.E. Hawley

Appending Z3SHPOP.REL



Z/CPM Library Manager, Version 1.5 Copyright 1988 A.E. Hawley

Appending Z3SHPUSH.REL



Z/CPM Library Manager, Version 1.5 Copyright 1988 A.E. Hawley

Appending Z3W1.REL



Z/CPM Library Manager, Version 1.5 Copyright 1988 A.E. Hawley

Appending Z3W2.REL



Z/CPM Library Manager, Version 1.5 Copyright 1988 A.E. Hawley

Appending Z3W3.REL



Z/CPM Library Manager, Version 1.5 Copyright 1988 A.E. Hawley

Appending Z3HZEX.REL



Z/CPM Library Manager, Version 1.5 Copyright 1988 A.E. Hawley

Appending Z3MSG1.REL



Z/CPM Library Manager, Version 1.5 Copyright 1988 A.E. Hawley

Appending Z3MSG2.REL



Z/CPM Library Manager, Version 1.5 Copyright 1988 A.E. Hawley

Appending Z3MSG3.REL



Z/CPM Library Manager, Version 1.5 Copyright 1988 A.E. Hawley

Appending Z3MSG4.REL



Z/CPM Library Manager, Version 1.5 Copyright 1988 A.E. Hawley

Appending Z3MSG6.REL



Z/CPM Library Manager, Version 1.5 Copyright 1988 A.E. Hawley

Appending Z3MSG7.REL



Z/CPM Library Manager, Version 1.5 Copyright 1988 A.E. Hawley

Appending Z3MSG5.REL



Z/CPM Library Manager, Version 1.5 Copyright 1988 A.E. Hawley

Appending Z3MSG8.REL



Z/CPM Library Manager, Version 1.5 Copyright 1988 A.E. Hawley

Appending Z3MSG9.REL



Z/CPM Library Manager, Version 1.5 Copyright 1988 A.E. Hawley

Appending Z3MSGB.REL



Z/CPM Library Manager, Version 1.5 Copyright 1988 A.E. Hawley

Appending Z3MSGA.REL



Z/CPM Library Manager, Version 1.5 Copyright 1988 A.E. Hawley

Appending Z3MSGC.REL



Z/CPM Library Manager, Version 1.5 Copyright 1988 A.E. Hawley

Appending Z3MSGD.REL



Z/CPM Library Manager, Version 1.5 Copyright 1988 A.E. Hawley

Appending Z3MSGE.REL



Z/CPM Library Manager, Version 1.5 Copyright 1988 A.E. Hawley

Appending Z3MSGF.REL



Z/CPM Library Manager, Version 1.5 Copyright 1988 A.E. Hawley

Appending Z3MSGG.REL



Z/CPM Library Manager, Version 1.5 Copyright 1988 A.E. Hawley

Appending Z3MSGH.REL



Z/CPM Library Manager, Version 1.5 Copyright 1988 A.E. Hawley

Appending Z3PWHL.REL



Z/CPM Library Manager, Version 1.5 Copyright 1988 A.E. Hawley

Appending Z3IF.REL



Z/CPM Library Manager, Version 1.5 Copyright 1988 A.E. Hawley

Appending Z3IFELSE.REL



Z/CPM Library Manager, Version 1.5 Copyright 1988 A.E. Hawley

Appending Z3IFEND.REL



Z/CPM Library Manager, Version 1.5 Copyright 1988 A.E. Hawley

Appending Z3IFTEST.REL



Z/CPM Library Manager, Version 1.5 Copyright 1988 A.E. Hawley

Appending Z3GZFC.REL



Z/CPM Library Manager, Version 1.5 Copyright 1988 A.E. Hawley

Appending Z3PZNC.REL



Z/CPM Library Manager, Version 1.5 Copyright 1988 A.E. Hawley

Appending Z3GZNC.REL



Z/CPM Library Manager, Version 1.5 Copyright 1988 A.E. Hawley

Appending Z3PZR.REL



Z/CPM Library Manager, Version 1.5 Copyright 1988 A.E. Hawley

Appending Z3GZR.REL



Z/CPM Library Manager, Version 1.5 Copyright 1988 A.E. Hawley

Appending Z3PCL.REL



Z/CPM Library Manager, Version 1.5 Copyright 1988 A.E. Hawley

Appending Z3APPCL.REL



Z/CPM Library Manager, Version 1.5 Copyright 1988 A.E. Hawley

Appending Z3GCL2.REL



Z/CPM Library Manager, Version 1.5 Copyright 1988 A.E. Hawley

Appending Z3GCL1.REL



Z/CPM Library Manager, Version 1.5 Copyright 1988 A.E. Hawley

Appending Z3GCRT.REL



Z/CPM Library Manager, Version 1.5 Copyright 1988 A.E. Hawley

Appending Z3GDUOK.REL



Z/CPM Library Manager, Version 1.5 Copyright 1988 A.E. Hawley

Appending Z3GEFCB.REL



Z/CPM Library Manager, Version 1.5 Copyright 1988 A.E. Hawley

Appending Z3GVID.REL



Z/CPM Library Manager, Version 1.5 Copyright 1988 A.E. Hawley

Appending Z3GENV.REL



Z/CPM Library Manager, Version 1.5 Copyright 1988 A.E. Hawley

Appending Z3GFCP.REL



Z/CPM Library Manager, Version 1.5 Copyright 1988 A.E. Hawley

Appending Z3GFN12.REL



Z/CPM Library Manager, Version 1.5 Copyright 1988 A.E. Hawley

Appending Z3IOMA.REL



Z/CPM Library Manager, Version 1.5 Copyright 1988 A.E. Hawley

Appending Z3IOR.REL



Z/CPM Library Manager, Version 1.5 Copyright 1988 A.E. Hawley

Appending Z3GIOX.REL



Z/CPM Library Manager, Version 1.5 Copyright 1988 A.E. Hawley

Appending Z3GIOP.REL



Z/CPM Library Manager, Version 1.5 Copyright 1988 A.E. Hawley

Appending Z3GMDISK.REL



Z/CPM Library Manager, Version 1.5 Copyright 1988 A.E. Hawley

Appending Z3GMSG.REL



Z/CPM Library Manager, Version 1.5 Copyright 1988 A.E. Hawley

Appending Z3GMUSER.REL



Z/CPM Library Manager, Version 1.5 Copyright 1988 A.E. Hawley

Appending Z3ANDR.REL



Z/CPM Library Manager, Version 1.5 Copyright 1988 A.E. Hawley

Appending Z3INDR.REL



Z/CPM Library Manager, Version 1.5 Copyright 1988 A.E. Hawley

Appending Z3SNDR.REL



Z/CPM Library Manager, Version 1.5 Copyright 1988 A.E. Hawley

Appending Z3QNDR.REL



Z/CPM Library Manager, Version 1.5 Copyright 1988 A.E. Hawley

Appending Z3GNDR.REL



Z/CPM Library Manager, Version 1.5 Copyright 1988 A.E. Hawley

Appending Z3GPATH.REL



Z/CPM Library Manager, Version 1.5 Copyright 1988 A.E. Hawley

Appending Z3GPRT.REL



Z/CPM Library Manager, Version 1.5 Copyright 1988 A.E. Hawley

Appending Z3GQUIET.REL



Z/CPM Library Manager, Version 1.5 Copyright 1988 A.E. Hawley

Appending Z3GRCP.REL



Z/CPM Library Manager, Version 1.5 Copyright 1988 A.E. Hawley

Appending Z3GSH.REL



Z/CPM Library Manager, Version 1.5 Copyright 1988 A.E. Hawley

Appending Z3GSPEED.REL



Z/CPM Library Manager, Version 1.5 Copyright 1988 A.E. Hawley

Appending Z3GWHL.REL



Z/CPM Library Manager, Version 1.5 Copyright 1988 A.E. Hawley

Appending Z3ROOT.REL



Z/CPM Library Manager, Version 1.5 Copyright 1988 A.E. Hawley

Appending Z3CLRCL.REL



Z/CPM Library Manager, Version 1.5 Copyright 1988 A.E. Hawley

Appending Z3PCRPR.REL



Z/CPM Library Manager, Version 1.5 Copyright 1988 A.E. Hawley

Appending Z3GFNX.REL



Z/CPM Library Manager, Version 1.5 Copyright 1988 A.E. Hawley

Appending Z3PFNX.REL



Z/CPM Library Manager, Version 1.5 Copyright 1988 A.E. Hawley

Appending Z3PDUOK.REL



Z/CPM Library Manager, Version 1.5 Copyright 1988 A.E. Hawley

Appending Z3PMDISK.REL



Z/CPM Library Manager, Version 1.5 Copyright 1988 A.E. Hawley

Appending Z3PMUSER.REL



Z/CPM Library Manager, Version 1.5 Copyright 1988 A.E. Hawley

Appending Z3PQUIET.REL



Z/CPM Library Manager, Version 1.5 Copyright 1988 A.E. Hawley

Appending Z3PSPEED.REL



Z/CPM Library Manager, Version 1.5 Copyright 1988 A.E. Hawley

Appending ATZ3G0.REL



Z/CPM Library Manager, Version 1.5 Copyright 1988 A.E. Hawley

Appending ATZ3P0.REL



Z/CPM Library Manager, Version 1.5 Copyright 1988 A.E. Hawley

Appending ATZ3G2.REL



Z/CPM Library Manager, Version 1.5 Copyright 1988 A.E. Hawley

Appending Z3LOG.REL



Z/CPM Library Manager, Version 1.5 Copyright 1988 A.E. Hawley

Appending Z3PRGLD.REL



Z/CPM Library Manager, Version 1.5 Copyright 1988 A.E. Hawley

Appending Z33GBDOS.REL



Z/CPM Library Manager, Version 1.5 Copyright 1988 A.E. Hawley

Appending Z33GMTOP.REL



Z/CPM Library Manager, Version 1.5 Copyright 1988 A.E. Hawley

Appending Z3GETCCP.REL



Z/CPM Library Manager, Version 1.5 Copyright 1988 A.E. Hawley

Appending Z3INI.REL



Z/CPM Library Manager, Version 1.5 Copyright 1988 A.E. Hawley

Appending Z3WHRENV.REL



Z/CPM Library Manager, Version 1.5 Copyright 1988 A.E. Hawley

Appending Z3LVER.REL

