

Z/CPM Library Manager, Version 1.5 Copyright 1988 A.E. Hawley

Appending DDDIRQS.REL



Z/CPM Library Manager, Version 1.5 Copyright 1988 A.E. Hawley

Appending DDDIRQ.REL



Z/CPM Library Manager, Version 1.5 Copyright 1988 A.E. Hawley

Appending DDIR.REL



Z/CPM Library Manager, Version 1.5 Copyright 1988 A.E. Hawley

Appending DDIR05.REL



Z/CPM Library Manager, Version 1.5 Copyright 1988 A.E. Hawley

Appending DDIR06.REL



Z/CPM Library Manager, Version 1.5 Copyright 1988 A.E. Hawley

Appending DDIR07.REL



Z/CPM Library Manager, Version 1.5 Copyright 1988 A.E. Hawley

Appending DDIR08.REL



Z/CPM Library Manager, Version 1.5 Copyright 1988 A.E. Hawley

Appending DDIR09.REL



Z/CPM Library Manager, Version 1.5 Copyright 1988 A.E. Hawley

Appending GETSTAMP.REL



Z/CPM Library Manager, Version 1.5 Copyright 1988 A.E. Hawley

Appending PUTSTAMP.REL



Z/CPM Library Manager, Version 1.5 Copyright 1988 A.E. Hawley

Appending DTIMINI.REL



Z/CPM Library Manager, Version 1.5 Copyright 1988 A.E. Hawley

Appending DDOSTYPE.REL



Z/CPM Library Manager, Version 1.5 Copyright 1988 A.E. Hawley

Appending D2PTIM.REL



Z/CPM Library Manager, Version 1.5 Copyright 1988 A.E. Hawley

Appending P2DTIM.REL



Z/CPM Library Manager, Version 1.5 Copyright 1988 A.E. Hawley

Appending D2MTIM.REL



Z/CPM Library Manager, Version 1.5 Copyright 1988 A.E. Hawley

Appending M2DTIM.REL



Z/CPM Library Manager, Version 1.5 Copyright 1988 A.E. Hawley

Appending DGETTD.REL



Z/CPM Library Manager, Version 1.5 Copyright 1988 A.E. Hawley

Appending DSETTD.REL



Z/CPM Library Manager, Version 1.5 Copyright 1988 A.E. Hawley

Appending DTDFILS.REL



Z/CPM Library Manager, Version 1.5 Copyright 1988 A.E. Hawley

Appending DCKTDF.REL



Z/CPM Library Manager, Version 1.5 Copyright 1988 A.E. Hawley

Appending DFSTNXT.REL



Z/CPM Library Manager, Version 1.5 Copyright 1988 A.E. Hawley

Appending DDSCLK.REL



Z/CPM Library Manager, Version 1.5 Copyright 1988 A.E. Hawley

Appending BCDBIN.REL



Z/CPM Library Manager, Version 1.5 Copyright 1988 A.E. Hawley

Appending BINBCD.REL



Z/CPM Library Manager, Version 1.5 Copyright 1988 A.E. Hawley

Appending DVERSION.REL

