

Z/CPM Library Manager, Version 1.5 Copyright 1988 A.E. Hawley

Appending Z33GCMDD.REL



Z/CPM Library Manager, Version 1.5 Copyright 1988 A.E. Hawley

Appending Z33FCB1C.REL



Z/CPM Library Manager, Version 1.5 Copyright 1988 A.E. Hawley

Appending Z33FCB2C.REL



Z/CPM Library Manager, Version 1.5 Copyright 1988 A.E. Hawley

Appending Z33FCBCH.REL



Z/CPM Library Manager, Version 1.5 Copyright 1988 A.E. Hawley

Appending Z33GDEFD.REL



Z/CPM Library Manager, Version 1.5 Copyright 1988 A.E. Hawley

Appending Z33GTER3.REL



Z/CPM Library Manager, Version 1.5 Copyright 1988 A.E. Hawley

Appending Z33HLTSU.REL



Z/CPM Library Manager, Version 1.5 Copyright 1988 A.E. Hawley

Appending Z33GTSFC.REL



Z/CPM Library Manager, Version 1.5 Copyright 1988 A.E. Hawley

Appending Z33GTECP.REL



Z/CPM Library Manager, Version 1.5 Copyright 1988 A.E. Hawley

Appending Z33GTSRU.REL



Z/CPM Library Manager, Version 1.5 Copyright 1988 A.E. Hawley

Appending Z33GXSUB.REL



Z/CPM Library Manager, Version 1.5 Copyright 1988 A.E. Hawley

Appending Z33STPXS.REL



Z/CPM Library Manager, Version 1.5 Copyright 1988 A.E. Hawley

Appending Z33PDEFD.REL



Z/CPM Library Manager, Version 1.5 Copyright 1988 A.E. Hawley

Appending Z33INVER.REL



Z/CPM Library Manager, Version 1.5 Copyright 1988 A.E. Hawley

Appending Z33PUTE3.REL



Z/CPM Library Manager, Version 1.5 Copyright 1988 A.E. Hawley

Appending Z33PARS2.REL



Z/CPM Library Manager, Version 1.5 Copyright 1988 A.E. Hawley

Appending Z33PXSUB.REL



Z/CPM Library Manager, Version 1.5 Copyright 1988 A.E. Hawley

Appending Z33SUBON.REL



Z/CPM Library Manager, Version 1.5 Copyright 1988 A.E. Hawley

Appending Z33REPRS.REL



Z/CPM Library Manager, Version 1.5 Copyright 1988 A.E. Hawley

Appending Z33FNAME.REL



Z/CPM Library Manager, Version 1.5 Copyright 1988 A.E. Hawley

Appending Z33SCAN.REL



Z/CPM Library Manager, Version 1.5 Copyright 1988 A.E. Hawley

Appending Z33HIUSR.REL



Z/CPM Library Manager, Version 1.5 Copyright 1988 A.E. Hawley

Appending Z33CHK.REL



Z/CPM Library Manager, Version 1.5 Copyright 1988 A.E. Hawley

Appending Z33SYSCK.REL



Z/CPM Library Manager, Version 1.5 Copyright 1988 A.E. Hawley

Appending Z33STEPB.REL



Z/CPM Library Manager, Version 1.5 Copyright 1988 A.E. Hawley

Appending Z33RSEPB.REL



Z/CPM Library Manager, Version 1.5 Copyright 1988 A.E. Hawley

Appending Z33RTCST.REL



Z/CPM Library Manager, Version 1.5 Copyright 1988 A.E. Hawley

Appending Z33PRTYP.REL



Z/CPM Library Manager, Version 1.5 Copyright 1988 A.E. Hawley

Appending Z33PGNAM.REL



Z/CPM Library Manager, Version 1.5 Copyright 1988 A.E. Hawley

Appending Z3DIRTDU.REL



Z/CPM Library Manager, Version 1.5 Copyright 1988 A.E. Hawley

Appending Z3DUTDIR.REL



Z/CPM Library Manager, Version 1.5 Copyright 1988 A.E. Hawley

Appending Z3PRS1A.REL



Z/CPM Library Manager, Version 1.5 Copyright 1988 A.E. Hawley

Appending Z3PRS1B.REL



Z/CPM Library Manager, Version 1.5 Copyright 1988 A.E. Hawley

Appending Z3PRS1C.REL



Z/CPM Library Manager, Version 1.5 Copyright 1988 A.E. Hawley

Appending Z3PRS3A.REL



Z/CPM Library Manager, Version 1.5 Copyright 1988 A.E. Hawley

Appending Z3PRS3B.REL



Z/CPM Library Manager, Version 1.5 Copyright 1988 A.E. Hawley

Appending Z3PRS3C.REL



Z/CPM Library Manager, Version 1.5 Copyright 1988 A.E. Hawley

Appending ATDELNUM.REL



Z/CPM Library Manager, Version 1.5 Copyright 1988 A.E. Hawley

Appending ATDIGCK.REL



Z/CPM Library Manager, Version 1.5 Copyright 1988 A.E. Hawley

Appending ATSDELM.REL



Z/CPM Library Manager, Version 1.5 Copyright 1988 A.E. Hawley

Appending ATTEOL.REL



Z/CPM Library Manager, Version 1.5 Copyright 1988 A.E. Hawley

Appending ATINITF.REL



Z/CPM Library Manager, Version 1.5 Copyright 1988 A.E. Hawley

Appending Z3PFIND.REL



Z/CPM Library Manager, Version 1.5 Copyright 1988 A.E. Hawley

Appending Z3QCOUT.REL



Z/CPM Library Manager, Version 1.5 Copyright 1988 A.E. Hawley

Appending Z3QCRLF.REL



Z/CPM Library Manager, Version 1.5 Copyright 1988 A.E. Hawley

Appending Z3QOUT.REL



Z/CPM Library Manager, Version 1.5 Copyright 1988 A.E. Hawley

Appending Z3QPRINT.REL



Z/CPM Library Manager, Version 1.5 Copyright 1988 A.E. Hawley

Appending Z3QPSTR.REL



Z/CPM Library Manager, Version 1.5 Copyright 1988 A.E. Hawley

Appending Z3SHEMPT.REL



Z/CPM Library Manager, Version 1.5 Copyright 1988 A.E. Hawley

Appending Z3SHFULL.REL



Z/CPM Library Manager, Version 1.5 Copyright 1988 A.E. Hawley

Appending Z3SHPOP.REL



Z/CPM Library Manager, Version 1.5 Copyright 1988 A.E. Hawley

Appending Z3SHPUSH.REL



Z/CPM Library Manager, Version 1.5 Copyright 1988 A.E. Hawley

Appending Z3W1.REL



Z/CPM Library Manager, Version 1.5 Copyright 1988 A.E. Hawley

Appending Z3W2.REL



Z/CPM Library Manager, Version 1.5 Copyright 1988 A.E. Hawley

Appending Z3W3.REL



Z/CPM Library Manager, Version 1.5 Copyright 1988 A.E. Hawley

Appending Z3HZEX.REL



Z/CPM Library Manager, Version 1.5 Copyright 1988 A.E. Hawley

Appending Z3MSG1.REL



Z/CPM Library Manager, Version 1.5 Copyright 1988 A.E. Hawley

Appending Z3MSG2.REL



Z/CPM Library Manager, Version 1.5 Copyright 1988 A.E. Hawley

Appending Z3MSG3.REL



Z/CPM Library Manager, Version 1.5 Copyright 1988 A.E. Hawley

Appending Z3MSG4.REL



Z/CPM Library Manager, Version 1.5 Copyright 1988 A.E. Hawley

Appending Z3MSG6.REL



Z/CPM Library Manager, Version 1.5 Copyright 1988 A.E. Hawley

Appending Z3MSG7.REL



Z/CPM Library Manager, Version 1.5 Copyright 1988 A.E. Hawley

Appending Z3MSG5.REL



Z/CPM Library Manager, Version 1.5 Copyright 1988 A.E. Hawley

Appending Z3MSG8.REL



Z/CPM Library Manager, Version 1.5 Copyright 1988 A.E. Hawley

Appending Z3MSG9.REL



Z/CPM Library Manager, Version 1.5 Copyright 1988 A.E. Hawley

Appending Z3MSGB.REL



Z/CPM Library Manager, Version 1.5 Copyright 1988 A.E. Hawley

Appending Z3MSGA.REL



Z/CPM Library Manager, Version 1.5 Copyright 1988 A.E. Hawley

Appending Z3MSGC.REL



Z/CPM Library Manager, Version 1.5 Copyright 1988 A.E. Hawley

Appending Z3MSGD.REL



Z/CPM Library Manager, Version 1.5 Copyright 1988 A.E. Hawley

Appending Z3MSGE.REL



Z/CPM Library Manager, Version 1.5 Copyright 1988 A.E. Hawley

Appending Z3MSGF.REL



Z/CPM Library Manager, Version 1.5 Copyright 1988 A.E. Hawley

Appending Z3MSGG.REL



Z/CPM Library Manager, Version 1.5 Copyright 1988 A.E. Hawley

Appending Z3MSGH.REL



Z/CPM Library Manager, Version 1.5 Copyright 1988 A.E. Hawley

Appending Z3PWHL.REL



Z/CPM Library Manager, Version 1.5 Copyright 1988 A.E. Hawley

Appending Z3IF.REL



Z/CPM Library Manager, Version 1.5 Copyright 1988 A.E. Hawley

Appending Z3IFELSE.REL



Z/CPM Library Manager, Version 1.5 Copyright 1988 A.E. Hawley

Appending Z3IFEND.REL



Z/CPM Library Manager, Version 1.5 Copyright 1988 A.E. Hawley

Appending Z3IFTEST.REL



Z/CPM Library Manager, Version 1.5 Copyright 1988 A.E. Hawley

Appending Z3GZFC.REL



Z/CPM Library Manager, Version 1.5 Copyright 1988 A.E. Hawley

Appending Z3PZNC.REL



Z/CPM Library Manager, Version 1.5 Copyright 1988 A.E. Hawley

Appending Z3GZNC.REL



Z/CPM Library Manager, Version 1.5 Copyright 1988 A.E. Hawley

Appending Z3PZR.REL



Z/CPM Library Manager, Version 1.5 Copyright 1988 A.E. Hawley

Appending Z3GZR.REL



Z/CPM Library Manager, Version 1.5 Copyright 1988 A.E. Hawley

Appending Z3PCL.REL



Z/CPM Library Manager, Version 1.5 Copyright 1988 A.E. Hawley

Appending Z3APPCL.REL



Z/CPM Library Manager, Version 1.5 Copyright 1988 A.E. Hawley

Appending Z3GCL2.REL



Z/CPM Library Manager, Version 1.5 Copyright 1988 A.E. Hawley

Appending Z3GCL1.REL



Z/CPM Library Manager, Version 1.5 Copyright 1988 A.E. Hawley

Appending Z3GCRT.REL



Z/CPM Library Manager, Version 1.5 Copyright 1988 A.E. Hawley

Appending Z3GDUOK.REL



Z/CPM Library Manager, Version 1.5 Copyright 1988 A.E. Hawley

Appending Z3GEFCB.REL



Z/CPM Library Manager, Version 1.5 Copyright 1988 A.E. Hawley

Appending Z3GVID.REL



Z/CPM Library Manager, Version 1.5 Copyright 1988 A.E. Hawley

Appending Z3GENV.REL



Z/CPM Library Manager, Version 1.5 Copyright 1988 A.E. Hawley

Appending Z3GFCP.REL



Z/CPM Library Manager, Version 1.5 Copyright 1988 A.E. Hawley

Appending Z3GFN12.REL



Z/CPM Library Manager, Version 1.5 Copyright 1988 A.E. Hawley

Appending Z3IOMA.REL



Z/CPM Library Manager, Version 1.5 Copyright 1988 A.E. Hawley

Appending Z3IOR.REL



Z/CPM Library Manager, Version 1.5 Copyright 1988 A.E. Hawley

Appending Z3GIOX.REL



Z/CPM Library Manager, Version 1.5 Copyright 1988 A.E. Hawley

Appending Z3GIOP.REL



Z/CPM Library Manager, Version 1.5 Copyright 1988 A.E. Hawley

Appending Z3GMDISK.REL



Z/CPM Library Manager, Version 1.5 Copyright 1988 A.E. Hawley

Appending Z3GMSG.REL



Z/CPM Library Manager, Version 1.5 Copyright 1988 A.E. Hawley

Appending Z3GMUSER.REL



Z/CPM Library Manager, Version 1.5 Copyright 1988 A.E. Hawley

Appending Z3ANDR.REL



Z/CPM Library Manager, Version 1.5 Copyright 1988 A.E. Hawley

Appending Z3INDR.REL



Z/CPM Library Manager, Version 1.5 Copyright 1988 A.E. Hawley

Appending Z3SNDR.REL



Z/CPM Library Manager, Version 1.5 Copyright 1988 A.E. Hawley

Appending Z3QNDR.REL



Z/CPM Library Manager, Version 1.5 Copyright 1988 A.E. Hawley

Appending Z3GNDR.REL



Z/CPM Library Manager, Version 1.5 Copyright 1988 A.E. Hawley

Appending Z3GPATH.REL



Z/CPM Library Manager, Version 1.5 Copyright 1988 A.E. Hawley

Appending Z3GPRT.REL



Z/CPM Library Manager, Version 1.5 Copyright 1988 A.E. Hawley

Appending Z3GQUIET.REL



Z/CPM Library Manager, Version 1.5 Copyright 1988 A.E. Hawley

Appending Z3GRCP.REL



Z/CPM Library Manager, Version 1.5 Copyright 1988 A.E. Hawley

Appending Z3GSH.REL



Z/CPM Library Manager, Version 1.5 Copyright 1988 A.E. Hawley

Appending Z3GSPEED.REL



Z/CPM Library Manager, Version 1.5 Copyright 1988 A.E. Hawley

Appending Z3GWHL.REL



Z/CPM Library Manager, Version 1.5 Copyright 1988 A.E. Hawley

Appending Z3ROOT.REL



Z/CPM Library Manager, Version 1.5 Copyright 1988 A.E. Hawley

Appending Z3CLRCL.REL



Z/CPM Library Manager, Version 1.5 Copyright 1988 A.E. Hawley

Appending Z3PCRPR.REL



Z/CPM Library Manager, Version 1.5 Copyright 1988 A.E. Hawley

Appending Z3GFNX.REL



Z/CPM Library Manager, Version 1.5 Copyright 1988 A.E. Hawley

Appending Z3PFNX.REL



Z/CPM Library Manager, Version 1.5 Copyright 1988 A.E. Hawley

Appending Z3PDUOK.REL



Z/CPM Library Manager, Version 1.5 Copyright 1988 A.E. Hawley

Appending Z3PMDISK.REL



Z/CPM Library Manager, Version 1.5 Copyright 1988 A.E. Hawley

Appending Z3PMUSER.REL



Z/CPM Library Manager, Version 1.5 Copyright 1988 A.E. Hawley

Appending Z3PQUIET.REL



Z/CPM Library Manager, Version 1.5 Copyright 1988 A.E. Hawley

Appending Z3PSPEED.REL



Z/CPM Library Manager, Version 1.5 Copyright 1988 A.E. Hawley

Appending ATZ3G0.REL



Z/CPM Library Manager, Version 1.5 Copyright 1988 A.E. Hawley

Appending ATZ3P0.REL



Z/CPM Library Manager, Version 1.5 Copyright 1988 A.E. Hawley

Appending ATZ3G2.REL



Z/CPM Library Manager, Version 1.5 Copyright 1988 A.E. Hawley

Appending Z3LOG.REL



Z/CPM Library Manager, Version 1.5 Copyright 1988 A.E. Hawley

Appending Z3PRGLD.REL



Z/CPM Library Manager, Version 1.5 Copyright 1988 A.E. Hawley

Appending Z33GBDOS.REL



Z/CPM Library Manager, Version 1.5 Copyright 1988 A.E. Hawley

Appending Z33GMTOP.REL



Z/CPM Library Manager, Version 1.5 Copyright 1988 A.E. Hawley

Appending Z3GETCCP.REL



Z/CPM Library Manager, Version 1.5 Copyright 1988 A.E. Hawley

Appending Z3INI.REL



Z/CPM Library Manager, Version 1.5 Copyright 1988 A.E. Hawley

Appending Z3WHRENV.REL



Z/CPM Library Manager, Version 1.5 Copyright 1988 A.E. Hawley

Appending Z3LVER.REL

