   1:			;;
   2:			;; NE-DOS LOADER part I
   3:			;;
   4:			;; This will move the real loader in upper memory
   5:			;;
   6:			
   7:			rsym	ndosboot.sym
   8:			
   9:			
  10:			
  11:	0100          		ORG TPA
  12:			
  13:	0100  210E01  		LD	HL,CODAREA
  14:	0103  11809F  		LD	DE,LOADOFFS
  15:	0106  01B703  		LD	BC,CODESIZE
  16:	0109  EDB0    		LDIR
  17:	010B  C300A0  		JP	GOBOOT
  18:			
  19:				;; That's all folks!
  20:			
  21:			
  22:	010E          	CODAREA	EQU	$	; here will be appended ndosboot code
  23:			
**** nedos.asm ****



Statistics:

   678	symbols
    14	bytes



Symbol Table:

aftrio          dcec+    fwend           f4c2+    noprow          dd55+    
alibn           f74a+    fwrdy           f4b3+    nrd1            a0d3+    
all00           e097+    gcurtrk         f418+    nrd2            a0e3+    
all01           e0ce+    gdcua           f755+    nrd3            a0ef+    
all02           dfe9+    gentr           f68c+    nrd4            a0e0+    
all03           e020+    get1hnum        f67b+    nulfn2          fddb+    
alloc           dc44+    gethnum         f686+    ocjpv           f963+    
altprnprt          3+    getkbd          a323+    ocrlf1          f998+    
appbuf            2a+    getlpen         f85b+    offcal          fe4a+    
base               0+    gfdcstat        f411+    offgt1          fe5d+    
bconin          f7d6+    gklp0           a32a+    offgtz          fe5c+    
bconout         f9e3+    gnxtc           f689+    offzer          fe64+    
bconsp          f9ac+    goboot          a000     outchr          f959+    
bconst          f9a0+    gocpm           d9f7+    outcrlf         f997+    
bdnxt           f7c4+    goexec          f750+    outgrbuf        fd22+    
bdos            ca06+    gram0buf        3040+    path            da46+    
bdosb           ca00+    gram1buf        3041+    pdnload         f22b+    
bdwtyp          dd54+    gram2buf        3042+    phydpt          d8a6+    
begdat          dd50+    gram3buf        3043+    phylen             a+    
bfailmsg        d8ff+    greet           f980+    phyoff             f+    
bhome           f421+    h2aen1          f93a+    phyprm          d89b+    
bias            8e00+    h2aj1           f93f+    physpt          d8a5+    
bindisp         f7c2+    h2aj2           f948+    phystr          dad8+    
biohby            d8+    h2aj3           f94d+    pop1prm         f684+    
bioreas          a00+    hdboot          fd47+    pop2prm         f992+    
bios            d800+    hdrvv           f394+    pop3num         f8c0+    
biosiz           550+    hehex           f682+    portin          f769+    
biostds          600+    hl2asc          f937+    portout         f771+    
bldoffs         2000+    hl2ascb         f954+    ppakstb            1+    
bmpro           f5ff+    hlistst         fdd3+    ppcntrp            2+    
boot            f59f+    hnhex           f69a+    ppdatap            3+    
bootfail        d9ef+    home            da5d+    ppdini             0+    
bootm           f5ef+    homflo          da6b+    ppdokg             2+    
botdsk          d836+    hstact          dd50+    ppdrdy             4+    
botok           d949+    hstbsz           200+    ppdstp             6+    
bread           f46c+    hstbuf          dd69+    ppstrob            0+    
bseldsk         f3fd+    hstdsk          dd61+    ppuack             7+    
bsetdma         f3f8+    hstfil          dcb7+    ppuini             1+    
bsetsec         f3f3+    hstfrd          dce9+    ppuokg             3+    
bsettrk         f3ee+    hstful          dc91+    ppurdy             5+    
btpasiz            6+    hstlgs          dd5f+    prbend          f183+    
bwaitio         f478+    hstloa          dc80+    prbloo          f151+    
bwrite          f473+    hstrdd          dc83+    prcvblk         f136+    
calchlde        f929+    hstrsf          dd0e+    prnak           f17d+    
cbboot          d916+    hstsec          dd64+    prnchr          f966+    
cbkend          f8d3+    hstsyn          dc8e+    prntbusybit        0+    
cbread          dbc4+    hsttmp          dd60+    prvtop            4f+    
cbrev              b+    hsttrk          dd62+    prwcsm          f170+    
ccp             c200+    hstwrt          dd52+    psbok           f228+    
cdisk              4+    iclp1           f09f+    psndblk         f1da+    
cfil1           fcf7+    ictlp0          f57b+    psndch          f1bb+    
chk00           e105+    idisk1            24+    psnxtc          f1f2+    
chk01           e125+    idisk2            24+    pwackb          f1c9+    
chk02           e057+    idisk3             1+    rafchr            7e+    
chk03           e077+    idisk4             1+    rafdflt         ffff+    
chkbrk          f8d6+    ini6545         f575+    rafrtr             5+    
chkctr          f8fd+    inicrt          f073+    rafshow         ffff+    
chkeor          f8c9+    inicrtcur       fafc+    ram0buf           34+    
chkhex          f8ea+    inicrtreg       f563+    ram1buf           35+    
chksid          dbaa+    init0           f526+    ram2buf           36+    
chkuna          dbff+    intron             0+    ram3buf           37+    
chome           fb38+    iobval            95+    rcp             e200+    
cibt1           f813+    iobyte             3+    rcps              10+    
cieqb           f7e9+    iocac2          fc3a+    rdflo           db0a+    
cigon           f7f9+    iocack          fafc+    rdrr19r12       f09d+    
cigrtog         f88d+    iocbas2         fbcf+    rdvrt           db19+    
cihcr           f84c+    iocbase         faf3+    readhst         daf4+    
cijp4           f87e+    iocbe2          fc10+    res3miob        fd41+    
cilop           f806+    iocbel          fb06+    resattr         fbc0+    
ciprc           f7ec+    iocbs           fb09+    resroom          400+    
cirbf           f7d2+    iocbs1          fb19+    rhstfi          dcaf+    
ciren           f848+    iocbs2          fb29+    rst7spc           38+    
cisti           f7ed+    iocca2          fbec+    rtcbuf          da58+    
citc1           f821+    ioccan          fbc6+    rwm1            f7a0+    
citc2           f828+    ioccr           fb6d+    rwm2            f7a2+    
cld1            da2b+    ioccr1          fb75+    rwm3            f787+    
cldcmnd         da28+    iocd12          fc4c+    rwmem           f783+    
clreol          fb97+    iocdc1          fbc0+    rwmove          dd38+    
clrj0           fb8a+    iocdc2          fc6a+    rwoper          dc4b+    
clrlin          fc74+    iocdc3          fc6d+    rwoshf          dc52+    
clrlin1         fc77+    iocdc4          fc58+    s_dlpr          f329+    
clrlp1          fc80+    iocdle          fc1c+    s_vhdr          f32b+    
clrscr          fb49+    iocem           fbf0+    savcolb         fa27+    
clrscrgr        f0ac+    iocen2          fc0a+    scrtst          f91a+    
clsnc           fb5e+    iocenq          fb91+    scurof          f05d+    
cmdset          da4f+    ioceo2          fc34+    scuron          f06a+    
codarea        = 10e     ioceot          fbcc+    sdcuae          f03f+    
codesize         3b7     ioces2          fc2e+    sdcuae1         f04d+    
coire           f97f+    iocesc          fbb9+    sdsta           f89f+    
coiupc          f970+    iocet2          fc70+    sectran         dad5+    
cojp1           fa07+    iocetb          fbad+    seg1            e200+    
cojp2           fa16+    iocetx          fc04+    seg10           ec00+    
colbuf            4f+    iocff           fb49+    seg11           ef00+    
coldbeg         da3e+    iocff2          fc9c+    seg12           efd0+    
coldend         da45+    iocfs           fbb1+    seg2            ea00+    
conou2          fa2b+    iocfs2          fbfe+    seg3            ea00+    
constr          f983+    iocgs           fbb5+    seg4            ed00+    
cont            d9d7+    iocgs2          fc22+    seg5            ed80+    
coutch          f8b8+    iocht           fc40+    seg6            edd0+    
cpmboot         f3c0+    ioclf           fbbd+    seg7            edf4+    
cpmsiz          1bd0+    iocnak          fbd0+    seg8            edff+    
cr                 d+    iocnul          fc66+    seg9            ee00+    
crlftab         f560+    iocrs           fbc9+    sekdsk          dd57+    
crt6545adst       8c+    iocrs2          fc52+    sekhst          dd66+    
crt6545data       8d+    iocs2           fc16+    seksec          dd5a+    
crtbase           80+    iocsi           fb97+    sektrk          dd58+    
crtbeepport       8f+    iocsi2          fc46+    selact          da8f+    
crtblinkbit        0+    iocso           fb78+    seldsk          da74+    
crtfil          fce9+    iocso2          fbf8+    selflp          dab7+    
crthilitbit        3+    iocsoh          faf4+    selhdd          dabd+    
crtkeybcnt        87+    iocst2          fc28+    selndb          dab2+    
crtkeybdat        85+    iocstx          faf8+    selvrt          dabe+    
crtmodebit         4+    iocsub          fbf4+    set3miob        fd3b+    
crtprgend       f065+    iocsy2          fbd3+    setdma          dad0+    
crtprntcnt        83+    iocsyn          fba9+    setrow          fa50+    
crtprntdat        81+    iocus           fb94+    setsec          dacb+    
crtram0cnt        82+    iocus2          fbe9+    setsid          f3b2+    
crtram0dat        80+    iocvec          fc9f+    settrk          dac6+    
crtram1cnt        86+    iocvec2         fcbf+    sfdccmd         f402+    
crtram1dat        84+    iocvt           fb38+    shsize            20+    
crtram2cnt        8a+    iocvt2          fc99+    shstk           ed00+    
crtram2dat        88+    ioflag          dd53+    shstks             4+    
crtram3port       8e+    iop                0+    sidone          f3bd+    
crtrevrsbit        1+    iops               0+    signon          d8a8+    
crtservcnt        8b+    iptrckbd        f8d5+    sk2hst          dcfb+    
crtservdat        89+    iuser1            24+    sndcl           f403+    
crttab1         f512+    iuser2             f+    spacer          f957+    
crtunderbit        2+    iuser3            24+    ssiz1           f37e+    
crtwidthbit        1+    iuser4             f+    ssiz2           f37c+    
csglp0          f0c1+    jboot           f000+    ssiz5           f37a+    
cslp0           f984+    jconin          f003+    str001          a1b3+    
curadr          fa3e+    jconou          f006+    str002          a1ca+    
curbfb          fac1+    jconst          f039+    str003          a1d1+    
curbfl          fac5+    jcpmbt          f033+    str004          a1eb+    
curblb          fab9+    jcurtr          f024+    str005          a208+    
curbll          fabd+    jdispg          f02d+    str006          a227+    
curfxb          facd+    jdrvsl          f02a+    str007          a256+    
curfxl          fad1+    jfdcmd          f021+    str008          a268+    
curofb          fac9+    jfseek          f027+    str009          a285+    
curofs          fa63+    jfstat          f01e+    str010          a28b+    
curpbuf           49+    jgethn          f036+    str011          a29b+    
currgt          fa19+    jhome           f009+    str100          f540+    
cursetmode      fad3+    jprnch          f03c+    strload         f336+    
cwflg           da3d+    jread           f018+    strwait         f32f+    
datsiz           3f5+    jselds          f00c+    synpnd          dd3b+    
dblank          fcdf+    jsetdm          f015+    time            da54+    
delay           f102+    jsetse          f012+    tmpbyte           4b+    
dfmt128            0+    jsettr          f00f+    tocpm           a334+    
dfmt256            0+    jusrcm          f030+    togju           f917+    
dfmt512         ffff+    jwrite          f01b+    togpr           f915+    
dgclp0          f0d9+    kbdbyte           4d+    togprnio        f90a+    
diff16          dd4a+    kblp0           a2e2+    tpa              100     
dirbf           df69+    keybstrbbit        7+    trans           d877+    
dismvc          faed+    lf                 a+    transk          fe23+    
dispch          f0d8+    lindn           fc58+    trask1          fe27+    
dispgr          fd05+    loadoffs        9f80     true            ffff+    
dispnortr       fd0b+    lsect           d9c5+    ucmdtab         f9af+    
dispstr         f380+    mbmenu          f62c+    ucrej           f6a5+    
div16           fe0b+    mcblist         fd89+    unacnt          dd56+    
divlo           fe11+    mco1            f6f9+    unadsk          dd5b+    
dlight          fadf+    mconin          fd50+    unasec          dd5e+    
dly1            f106+    mconout         fd63+    unatrk          dd5c+    
dly2            f104+    mconst          fd76+    uplchr          f111+    
dmaadr          dd67+    mconx           f6e7+    upload          f190+    
dmpalia         f748+    mdjmp0          fa95+    upwstrb         f11e+    
dmpalib         f743+    mdjmp1          faab+    urestr          f909+    
dogetchr        f8b5+    mdp1            f73d+    usenodeblock       0+    
doprompt        f8b2+    mdp2            f70a+    usrcmd          f6ab+    
dpbase          d837+    mdp3            f72e+    valgetchr       f8fa+    
dpbnds          d882+    mdp4            f730+    vcpmbt          f33a+    
dpbvrt          d857+    mdp5            f722+    vcresreg        fa76+    
dreadh          daf7+    mdp6            f702+    vdbufsz            a+    
drvsel          f398+    mdp7            f71b+    vdrdsec            0+    
dselbf            4e+    mejp            fab6+    vdrend          f2b3+    
dslp0           f38a+    memcomp         f6e4+    vdrnok          f2b4+    
dwrith          db27+    memdump         f6ff+    vdrok           f29a+    
endcode         a337+    memmove         f779+    vdrsl1          f25b+    
enddat          e145+    memtest         f7ab+    vdrtry          f252+    
epfill          fe7c+    miobyte           4c+    vdskbuf           2c+    
erflag          dd51+    ml1601          fe3e+    vdskrd          f24b+    
expath          edf4+    ml1602          fe44+    vdskwr          f2ba+    
expaths            5+    mlistst         fd9c+    vdwend          f321+    
extfcb          edd0+    mmnxt           f77c+    vdwnok          f323+    
extrabias       1200+    mnohd           fdfa+    vdwok           f309+    
extstk          efd0+    monmaj            32+    vdwrsec            1+    
false              0+    monmin            32+    vdwsl1          f2ca+    
fcp             ea00+    movdn           fa7b+    vdwtry          f2c1+    
fcps               4+    movdn1          fa7f+    vers              16+    
fdcbase           d0+    mprompt         f950+    wboot           d98a+    
fdccmdstatr       d0+    mpunch          fdaf+    wboote          d803+    
fdcdatareg        d7+    mreader         fdc0+    whstfi          dca8+    
fdcdrvrcnt        d6+    mscnt             f6+    wraf1           db71+    
fdcreadc          88+    msize             3c+    wraf2           db6e+    
fdcrestc           7+    msnodev         fdee+    wrafe           db80+    
fdcsectreg        d2+    mterr           f7bd+    wrall              0+    
fdcseekc          17+    mtnxt           f7ae+    wrdir              1+    
fdctrakreg        d1+    mul16           fe37+    wrfer           db91+    
fdcwritc          a8+    ndevmsg         fdde+    wrfl0           db85+    
fdrvbuf           46+    ndh1            a116+    wrfl2           db8e+    
ff                 c+    ndh2            a12b+    wrfl3           db87+    
fgtrk           f465+    ndh3            a140+    wrflo           db3a+    
fillmem         f6d8+    ndh4            a1b0+    wrflt           db40+    
filvramg        f0eb+    ndh5            a183+    write           dbd7+    
flme1           f6db+    ndh6            a194+    writehst        db24+    
flopio          f4f1+    ndh7            a162+    wrttmp          dd65+    
floppyread      f4e5+    ndispgr         a2f0+    wrual              2+    
floppywrit      f4ec+    ndispgrch       f0d8+    wrvrt           db9f+    
fmemnp          f58f+    ndossta         a2af+    z3cl            ef00+    
fmemsiz         f588+    ndshw           a0f9+    z3cls             d0+    
fmestp          f59c+    ndsj1           a074+    z3env           ec00+    
fok0            f436+    ndsj2           a07c+    z3envs             2+    
frbsy           f49a+    ndsj3           a09c+    z3msg           ed80+    
frdpbuf           42+    ndsj4           a0b6+    z3ndir          ee00+    
fretr0          f424+    ndsj5           a082+    z3ndirs           1c+    
fretr1          f444+    ndslp0          a042+    z3rev             21+    
frrdy           f49d+    ndslp1          a062+    z3whl           edff+    
frwbsy          f4b0+    ndslp2          a054+    zbufbas         e200+    
frwlp           f47c+    ndslp3          a024+    zdsmntr         f000+    
frwnxt          f483+    ndspar          9f80+    zero128         da35+    
frwwro          f4a9+    ndsrdsec        a0c7+    zerom           da37+    
fsecbuf           44+    ndst1           a2bb+    zflopkg          200+    
fseek           f43b+    nedoscr         a00f+    ziopkg             0+    
fsekbuf           40+    nextop          d9da+    zrespkg          800+    
fshtm           f4de+    nfilvramg       a30c+    zstdovr          400+    
fterr           f468+    nfvlp0          a312+    
ftrkbuf           47+    nib2asc         fc8f+    
fvlp0           f0f1+    noovf           dc3d+    
