

                                                                      Page 1
ispLEVER Classic 1.7.00.05.28.13  -  Device Utilization Chart         Sat Apr 26 17:40:51 2014

2to4dec.bls 



--------------------------------------------------------------------------------

Module                   : '2to4dec'

--------------------------------------------------------------------------------

Input files:

    ABEL PLA file        : 2to4dec.tt3
    Device library       : P16V8AS.dev

Output files:

    Report file          : 2to4dec.rpt
    Programmer load file : 2to4dec.jed

--------------------------------------------------------------------------------


                                                                      Page 2
ispLEVER Classic 1.7.00.05.28.13  -  Device Utilization Chart         Sat Apr 26 17:40:51 2014

2to4dec.bls 

P16V8AS Programmed Logic:
--------------------------------------------------------------------------------



Y3     = !(  !B & !A & !EN );

Y2     = !(  B & !A & !EN );

Y1     = !(  !B & A & !EN );

Y0     = !(  B & A & !EN );



                                                                      Page 3
ispLEVER Classic 1.7.00.05.28.13  -  Device Utilization Chart         Sat Apr 26 17:40:51 2014

2to4dec.bls 

P16V8AS Chip Diagram:
--------------------------------------------------------------------------------




                                   P16V8AS

                         +---------\       /---------+
                         |          \     /          |
                         |           -----           |
                       B |  1                    20  | Vcc                     
                         |                           |
                       A |  2                    19  | !Y2                     
                         |                           |
                      EN |  3                    18  | !Y3                     
                         |                           |
                         |  4                    17  |                         
                         |                           |
                         |  5                    16  | !Y0                     
                         |                           |
                         |  6                    15  | !Y1                     
                         |                           |
                         |  7                    14  |                         
                         |                           |
                         |  8                    13  |                         
                         |                           |
                         |  9                    12  |                         
                         |                           |
                     GND | 10                    11  |                         
                         |                           |
                         |                           |
                         `---------------------------'

                        SIGNATURE: N/A


                                                                      Page 4
ispLEVER Classic 1.7.00.05.28.13  -  Device Utilization Chart         Sat Apr 26 17:40:51 2014

2to4dec.bls 

P16V8AS Resource Allocations:
--------------------------------------------------------------------------------



        Device        | Resource  |   Design    |
       Resources      | Available | Requirement | Unused
======================|===========|=============|==============
                      |           |             |
Input Pins:           |           |             |
                      |           |             |
          Input:      |     10    |      3      |    7 ( 70 %)
                      |           |             |
Output Pins:          |           |             |
                      |           |             |
          In/Out:     |      6    |      2      |    4 ( 66 %)
          Output:     |      2    |      2      |    0 (  0 %)
                      |           |             |
Buried Nodes:         |           |             |
                      |           |             |
          Input Reg:  |      -    |      -      |    -
            Pin Reg:  |      -    |      -      |    -
          Buried Reg: |      -    |      -      |    -


                                                                      Page 5
ispLEVER Classic 1.7.00.05.28.13  -  Device Utilization Chart         Sat Apr 26 17:40:52 2014

2to4dec.bls 

P16V8AS Product Terms Distribution:
--------------------------------------------------------------------------------



            Signal                       |    Pin   | Terms | Terms | Terms
             Name                        | Assigned | Used  |  Max  | Unused
=========================================|==========|=======|=======|=======
Y3                                       |   18     |   1   |   8   |   7
Y2                                       |   19     |   1   |   8   |   7
Y1                                       |   15     |   1   |   8   |   7
Y0                                       |   16     |   1   |   8   |   7


     ==== List of Inputs/Feedbacks ====

Signal Name                              | Pin      | Pin Type
=========================================|==========|=========
B                                        |    1     | INPUT
A                                        |    2     | INPUT
EN                                       |    3     | INPUT


                                                                      Page 6
ispLEVER Classic 1.7.00.05.28.13  -  Device Utilization Chart         Sat Apr 26 17:40:52 2014

2to4dec.bls 

P16V8AS Unused Resources:
--------------------------------------------------------------------------------



 Pin   |  Pin   |   Product   | Flip-flop
Number |  Type  |   Terms     |   Type
=======|========|=============|==========
    4  |  INPUT |      -      |    -   
    5  |  INPUT |      -      |    -   
    6  |  INPUT |      -      |    -   
    7  |  INPUT |      -      |    -   
    8  |  INPUT |      -      |    -   
    9  |  INPUT |      -      |    -   
   11  |  INPUT |      -      |    -   
   12  |  BIDIR | NORMAL  8   |    -   
   13  |  BIDIR | NORMAL  8   |    -   
   14  |  BIDIR | NORMAL  8   |    -   
   17  |  BIDIR | NORMAL  8   |    -   
