

                                                                      Page 1
ispLEVER Classic 1.7.00.05.28.13  -  Device Utilization Chart         Mon Apr 28 12:16:17 2014

io_gal.bls 



--------------------------------------------------------------------------------

Module                   : 'io_gal'

--------------------------------------------------------------------------------

Input files:

    ABEL PLA file        : io_gal.tt3
    Device library       : P16V8AS.dev

Output files:

    Report file          : io_gal.rpt
    Programmer load file : io_gal.jed

--------------------------------------------------------------------------------


                                                                      Page 2
ispLEVER Classic 1.7.00.05.28.13  -  Device Utilization Chart         Mon Apr 28 12:16:17 2014

io_gal.bls 

P16V8AS Programmed Logic:
--------------------------------------------------------------------------------



RO256     = !(  !MOE.PIN & MENA 
             #   !MREQ & RFH & !MENA & A18 & A19 );

BUSEN     = !(  !MOE.PIN & MENA 
             #   !MREQ & RFH & !MENA );

RA512     = !(  !MREQ & RFH & !MENA & !A19 );

MWE     = !(  !WR & !MREQ & RFH );

MOE     = !(  !MREQ & !RD & RFH );

RA256     = !(  !MREQ & RFH & !MENA & !A18 & A19 );



                                                                      Page 3
ispLEVER Classic 1.7.00.05.28.13  -  Device Utilization Chart         Mon Apr 28 12:16:17 2014

io_gal.bls 

P16V8AS Chip Diagram:
--------------------------------------------------------------------------------




                                   P16V8AS

                         +---------\       /---------+
                         |          \     /          |
                         |           -----           |
                      WR |  1                    20  | Vcc                     
                         |                           |
                    MREQ |  2                    19  | !MOE                    
                         |                           |
                      RD |  3                    18  | !RA512                  
                         |                           |
                     RFH |  4                    17  | !BUSEN                  
                         |                           |
                    MENA |  5                    16  | !RA256                  
                         |                           |
                     A18 |  6                    15  | !MWE                    
                         |                           |
                     A19 |  7                    14  | !RO256                  
                         |                           |
                         |  8                    13  |                         
                         |                           |
                         |  9                    12  |                         
                         |                           |
                     GND | 10                    11  |                         
                         |                           |
                         |                           |
                         `---------------------------'

                        SIGNATURE: N/A


                                                                      Page 4
ispLEVER Classic 1.7.00.05.28.13  -  Device Utilization Chart         Mon Apr 28 12:16:17 2014

io_gal.bls 

P16V8AS Resource Allocations:
--------------------------------------------------------------------------------



        Device        | Resource  |   Design    |
       Resources      | Available | Requirement | Unused
======================|===========|=============|==============
                      |           |             |
Input Pins:           |           |             |
                      |           |             |
          Input:      |     10    |      7      |    3 ( 30 %)
                      |           |             |
Output Pins:          |           |             |
                      |           |             |
          In/Out:     |      6    |      4      |    2 ( 33 %)
          Output:     |      2    |      2      |    0 (  0 %)
                      |           |             |
Buried Nodes:         |           |             |
                      |           |             |
          Input Reg:  |      -    |      -      |    -
            Pin Reg:  |      -    |      -      |    -
          Buried Reg: |      -    |      -      |    -


                                                                      Page 5
ispLEVER Classic 1.7.00.05.28.13  -  Device Utilization Chart         Mon Apr 28 12:16:17 2014

io_gal.bls 

P16V8AS Product Terms Distribution:
--------------------------------------------------------------------------------



            Signal                       |    Pin   | Terms | Terms | Terms
             Name                        | Assigned | Used  |  Max  | Unused
=========================================|==========|=======|=======|=======
RO256                                    |   14     |   2   |   8   |   6
BUSEN                                    |   17     |   2   |   8   |   6
RA512                                    |   18     |   1   |   8   |   7
MWE                                      |   15     |   1   |   8   |   7
MOE                                      |   19     |   1   |   8   |   7
RA256                                    |   16     |   1   |   8   |   7


     ==== List of Inputs/Feedbacks ====

Signal Name                              | Pin      | Pin Type
=========================================|==========|=========
MOE.PIN                                  |   19     | COMB FB
WR                                       |    1     | INPUT
MREQ                                     |    2     | INPUT
RD                                       |    3     | INPUT
RFH                                      |    4     | INPUT
MENA                                     |    5     | INPUT
A18                                      |    6     | INPUT
A19                                      |    7     | INPUT


                                                                      Page 6
ispLEVER Classic 1.7.00.05.28.13  -  Device Utilization Chart         Mon Apr 28 12:16:17 2014

io_gal.bls 

P16V8AS Unused Resources:
--------------------------------------------------------------------------------



 Pin   |  Pin   |   Product   | Flip-flop
Number |  Type  |   Terms     |   Type
=======|========|=============|==========
    8  |  INPUT |      -      |    -   
    9  |  INPUT |      -      |    -   
   11  |  INPUT |      -      |    -   
   12  |  BIDIR | NORMAL  8   |    -   
   13  |  BIDIR | NORMAL  8   |    -   
