eeschema (2013-jul-07)-stable  >> Creation date: ven 29 ago 2014 10:13:49 CEST
#Cmp ( ordine = Riferimento )
| C1         1.0 uF      
| C2         1.0 uF      
| C3         1.0 uF      
| C4         1.0 uF      
| C5         1.0 uF      
| C6         1.0 uF      
| C7         1.0 uF      
| C8         1.0 uF      
| C9         1.0 uF      
| C10        1.0 uF      
| C11        10 uF       
| C12        0.1         
| C13        0.1         
| C14        0.1         
| C15        0.1         
| C16        0.1         
| C17        0.1         
| C18        0.1         
| C19        0.1         
| C20        0.1         
| C21        0.1         
| C22        0.1         
| C23        0.1         
| C24        0.1         
| C25        0.1         
| C26        0.1         
| C27        0.1         
| C28        0.1         
| C29        0.1         
| C30        0.1         
| C31        0.1         
| C32        0.1         
| C33        0.1         
| C34        0.1         
| C35        0.1         
| C36        0.1         
| C37        0.1         
| C38        0.1         
| C39        0.1         
| C40        0.1         
| C41        0.047       
| D1         IDE_LED     
| JP1        PINHD-1X3   
| JP2        PINHD-1X3   
| JP3        IDE_VCC     
| JP4        PINHD-1X3   
| JP5        PINHD-2X4   
| JPA1       PINHD-1X24  
| JPB1       PINHD-1X24  
| P1         SERIAL1     
| P2         SERIAL2     
| P3         IDE         
| P4         IDE_LED     
| QG1        OSC         
| R1         3300        
| R2         10k         
| R3         10k         
| R4         10k         
| R5         10k         
| R6         470         
| R7         470         
| R8         3300        
| R9         3300        
| R10        330         
| U1         74LS14      
| U2         8255        
| U3         74LS244     
| U4         74LS244     
| U5         74LS244     
| U6         74LS14      
| U7         74LS32      
| U8         74LS11      
| U9         74LS245     
| U10        MMU_GAL     
| U11        7489        
| U12        7489        
| U13        74LS245     
| U14        74LS90      
| U15        74LS244     
| U16        74LS240     
| U17        TI16550     
| U18        SRAM_512K   
| U19        74LS138     
| U20        MAX-232     
| U21        SRAM_256K   
| U22        74LS32      
| U23        MEM_GAL     
| U24        74LS06      
| U25        29EE020     
| U26        TI16550     
| U27        74LS244     
| U28        Z80-CTC     
| U29        MAX-232     
#End Cmp
