This file contains any messages produced by compilers while
running configure, to aid debugging if configure makes a mistake.

It was created by configure, which was
generated by GNU Autoconf 2.61.  Invocation command line was

  $ /home/pbetti/elettronica/Z80-CPM/hardware/Z80DarkStar/software/NE-DOS/trs2bin/configure --enable-debug=full CFLAGS=-O0 -g3  --no-create --no-recursion

## --------- ##
## Platform. ##
## --------- ##

hostname = vger-wl.lpconsul.net
uname -m = i686
uname -r = 2.6.24-0.rc8.1etech
uname -s = Linux
uname -v = #1 SMP Mon Jan 21 15:26:42 CET 2008

/usr/bin/uname -p = unknown
/bin/uname -X     = unknown

/bin/arch              = i686
/usr/bin/arch -k       = unknown
/usr/convex/getsysinfo = unknown
/usr/bin/hostinfo      = unknown
/bin/machine           = unknown
/usr/bin/oslevel       = unknown
/bin/universe          = unknown

PATH: /home/pbetti/vdsk/bin
PATH: /usr/bin
PATH: /bin
PATH: /usr/local/bin
PATH: /usr/X11R6/bin/
PATH: /usr/games
PATH: /usr/lib/qt3//bin
PATH: /home/pbetti/bin
PATH: .


## ----------- ##
## Core tests. ##
## ----------- ##

configure:1969: checking for a BSD-compatible install
configure:2025: result: /usr/bin/install -c
configure:2036: checking whether build environment is sane
configure:2079: result: yes
configure:2107: checking for a thread-safe mkdir -p
configure:2146: result: /bin/mkdir -p
configure:2159: checking for gawk
configure:2175: found /usr/bin/gawk
configure:2186: result: gawk
configure:2197: checking whether make sets $(MAKE)
configure:2218: result: yes
configure:2461: checking for gcc
configure:2477: found /usr/bin/gcc
configure:2488: result: gcc
configure:2726: checking for C compiler version
configure:2733: gcc --version >&5
gcc (GCC) 4.2.2 20070909 (prerelease) (4.2.2-0.RC.1mdv2008.0)
Copyright (C) 2007 Free Software Foundation, Inc.
This is free software; see the source for copying conditions.  There is NO
warranty; not even for MERCHANTABILITY or FITNESS FOR A PARTICULAR PURPOSE.

configure:2736: $? = 0
configure:2743: gcc -v >&5
Using built-in specs.
Target: i586-mandriva-linux-gnu
Configured with: ../configure --prefix=/usr --libexecdir=/usr/lib --with-slibdir=/lib --mandir=/usr/share/man --infodir=/usr/share/info --enable-checking=release --enable-languages=c,c++,ada,fortran,objc,obj-c++,java --host=i586-mandriva-linux-gnu --with-cpu=generic --with-system-zlib --enable-threads=posix --enable-shared --enable-long-long --enable-__cxa_atexit --disable-libunwind-exceptions --enable-clocale=gnu --enable-java-awt=gtk --with-java-home=/usr/lib/jvm/java-1.4.2-gcj-1.4.2.0/jre --enable-gtk-cairo --disable-libjava-multilib --enable-ssp --disable-libssp
Thread model: posix
gcc version 4.2.2 20070909 (prerelease) (4.2.2-0.RC.1mdv2008.0)
configure:2746: $? = 0
configure:2753: gcc -V >&5
gcc: '-V' option must have argument
configure:2756: $? = 1
configure:2779: checking for C compiler default output file name
configure:2806: gcc -O0 -g3    conftest.c  >&5
configure:2809: $? = 0
configure:2847: result: a.out
configure:2864: checking whether the C compiler works
configure:2874: ./a.out
configure:2877: $? = 0
configure:2894: result: yes
configure:2901: checking whether we are cross compiling
configure:2903: result: no
configure:2906: checking for suffix of executables
configure:2913: gcc -o conftest -O0 -g3    conftest.c  >&5
configure:2916: $? = 0
configure:2940: result: 
configure:2946: checking for suffix of object files
configure:2972: gcc -c -O0 -g3   conftest.c >&5
configure:2975: $? = 0
configure:2998: result: o
configure:3002: checking whether we are using the GNU C compiler
configure:3031: gcc -c -O0 -g3   conftest.c >&5
configure:3037: $? = 0
configure:3054: result: yes
configure:3059: checking whether gcc accepts -g
configure:3089: gcc -c -g  conftest.c >&5
configure:3095: $? = 0
configure:3194: result: yes
configure:3211: checking for gcc option to accept ISO C89
configure:3285: gcc  -c -O0 -g3   conftest.c >&5
configure:3291: $? = 0
configure:3314: result: none needed
configure:3343: checking for style of include used by make
configure:3371: result: GNU
configure:3396: checking dependency style of gcc
configure:3487: result: gcc3
configure:3580: checking build system type
configure:3598: result: i686-pc-linux-gnu
configure:3620: checking host system type
configure:3635: result: i686-pc-linux-gnu
configure:3657: checking for a sed that does not truncate output
configure:3713: result: /bin/sed
configure:3716: checking for grep that handles long lines and -e
configure:3790: result: /bin/grep
configure:3795: checking for egrep
configure:3873: result: /bin/grep -E
configure:3889: checking for ld used by gcc
configure:3956: result: /usr/bin/ld
configure:3965: checking if the linker (/usr/bin/ld) is GNU ld
configure:3980: result: yes
configure:3985: checking for /usr/bin/ld option to reload object files
configure:3992: result: -r
configure:4010: checking for BSD-compatible nm
configure:4059: result: /usr/bin/nm -B
configure:4063: checking whether ln -s works
configure:4067: result: yes
configure:4074: checking how to recognize dependent libraries
configure:4260: result: pass_all
configure:4501: checking how to run the C preprocessor
configure:4541: gcc -E  conftest.c
configure:4547: $? = 0
configure:4578: gcc -E  conftest.c
conftest.c:10:28: error: ac_nonexistent.h: No such file or directory
configure:4584: $? = 1
configure: failed program was:
| /* confdefs.h.  */
| #define PACKAGE_NAME ""
| #define PACKAGE_TARNAME ""
| #define PACKAGE_VERSION ""
| #define PACKAGE_STRING ""
| #define PACKAGE_BUGREPORT ""
| #define PACKAGE "trs2bin"
| #define VERSION "0.1"
| /* end confdefs.h.  */
| #include <ac_nonexistent.h>
configure:4617: result: gcc -E
configure:4646: gcc -E  conftest.c
configure:4652: $? = 0
configure:4683: gcc -E  conftest.c
conftest.c:10:28: error: ac_nonexistent.h: No such file or directory
configure:4689: $? = 1
configure: failed program was:
| /* confdefs.h.  */
| #define PACKAGE_NAME ""
| #define PACKAGE_TARNAME ""
| #define PACKAGE_VERSION ""
| #define PACKAGE_STRING ""
| #define PACKAGE_BUGREPORT ""
| #define PACKAGE "trs2bin"
| #define VERSION "0.1"
| /* end confdefs.h.  */
| #include <ac_nonexistent.h>
configure:4727: checking for ANSI C header files
configure:4757: gcc -c -O0 -g3   conftest.c >&5
configure:4763: $? = 0
configure:4862: gcc -o conftest -O0 -g3    conftest.c  >&5
configure:4865: $? = 0
configure:4871: ./conftest
configure:4874: $? = 0
configure:4891: result: yes
configure:4915: checking for sys/types.h
configure:4936: gcc -c -O0 -g3   conftest.c >&5
configure:4942: $? = 0
configure:4958: result: yes
configure:4915: checking for sys/stat.h
configure:4936: gcc -c -O0 -g3   conftest.c >&5
configure:4942: $? = 0
configure:4958: result: yes
configure:4915: checking for stdlib.h
configure:4936: gcc -c -O0 -g3   conftest.c >&5
configure:4942: $? = 0
configure:4958: result: yes
configure:4915: checking for string.h
configure:4936: gcc -c -O0 -g3   conftest.c >&5
configure:4942: $? = 0
configure:4958: result: yes
configure:4915: checking for memory.h
configure:4936: gcc -c -O0 -g3   conftest.c >&5
configure:4942: $? = 0
configure:4958: result: yes
configure:4915: checking for strings.h
configure:4936: gcc -c -O0 -g3   conftest.c >&5
configure:4942: $? = 0
configure:4958: result: yes
configure:4915: checking for inttypes.h
configure:4936: gcc -c -O0 -g3   conftest.c >&5
configure:4942: $? = 0
configure:4958: result: yes
configure:4915: checking for stdint.h
configure:4936: gcc -c -O0 -g3   conftest.c >&5
configure:4942: $? = 0
configure:4958: result: yes
configure:4915: checking for unistd.h
configure:4936: gcc -c -O0 -g3   conftest.c >&5
configure:4942: $? = 0
configure:4958: result: yes
configure:4985: checking dlfcn.h usability
configure:5002: gcc -c -O0 -g3   conftest.c >&5
configure:5008: $? = 0
configure:5022: result: yes
configure:5026: checking dlfcn.h presence
configure:5041: gcc -E  conftest.c
configure:5047: $? = 0
configure:5061: result: yes
configure:5089: checking for dlfcn.h
configure:5097: result: yes
configure:5168: checking for g++
configure:5184: found /usr/bin/g++
configure:5195: result: g++
configure:5226: checking for C++ compiler version
configure:5233: g++ --version >&5
g++ (GCC) 4.2.2 20070909 (prerelease) (4.2.2-0.RC.1mdv2008.0)
Copyright (C) 2007 Free Software Foundation, Inc.
This is free software; see the source for copying conditions.  There is NO
warranty; not even for MERCHANTABILITY or FITNESS FOR A PARTICULAR PURPOSE.

configure:5236: $? = 0
configure:5243: g++ -v >&5
Using built-in specs.
Target: i586-mandriva-linux-gnu
Configured with: ../configure --prefix=/usr --libexecdir=/usr/lib --with-slibdir=/lib --mandir=/usr/share/man --infodir=/usr/share/info --enable-checking=release --enable-languages=c,c++,ada,fortran,objc,obj-c++,java --host=i586-mandriva-linux-gnu --with-cpu=generic --with-system-zlib --enable-threads=posix --enable-shared --enable-long-long --enable-__cxa_atexit --disable-libunwind-exceptions --enable-clocale=gnu --enable-java-awt=gtk --with-java-home=/usr/lib/jvm/java-1.4.2-gcj-1.4.2.0/jre --enable-gtk-cairo --disable-libjava-multilib --enable-ssp --disable-libssp
Thread model: posix
gcc version 4.2.2 20070909 (prerelease) (4.2.2-0.RC.1mdv2008.0)
configure:5246: $? = 0
configure:5253: g++ -V >&5
g++: '-V' option must have argument
configure:5256: $? = 1
configure:5259: checking whether we are using the GNU C++ compiler
configure:5288: g++ -c   conftest.cpp >&5
configure:5294: $? = 0
configure:5311: result: yes
configure:5316: checking whether g++ accepts -g
configure:5346: g++ -c -g  conftest.cpp >&5
configure:5352: $? = 0
configure:5451: result: yes
configure:5476: checking dependency style of g++
configure:5567: result: gcc3
configure:5592: checking how to run the C++ preprocessor
configure:5628: g++ -E  conftest.cpp
configure:5634: $? = 0
configure:5665: g++ -E  conftest.cpp
conftest.cpp:21:28: error: ac_nonexistent.h: No such file or directory
configure:5671: $? = 1
configure: failed program was:
| /* confdefs.h.  */
| #define PACKAGE_NAME ""
| #define PACKAGE_TARNAME ""
| #define PACKAGE_VERSION ""
| #define PACKAGE_STRING ""
| #define PACKAGE_BUGREPORT ""
| #define PACKAGE "trs2bin"
| #define VERSION "0.1"
| #define STDC_HEADERS 1
| #define HAVE_SYS_TYPES_H 1
| #define HAVE_SYS_STAT_H 1
| #define HAVE_STDLIB_H 1
| #define HAVE_STRING_H 1
| #define HAVE_MEMORY_H 1
| #define HAVE_STRINGS_H 1
| #define HAVE_INTTYPES_H 1
| #define HAVE_STDINT_H 1
| #define HAVE_UNISTD_H 1
| #define HAVE_DLFCN_H 1
| /* end confdefs.h.  */
| #include <ac_nonexistent.h>
configure:5704: result: g++ -E
configure:5733: g++ -E  conftest.cpp
configure:5739: $? = 0
configure:5770: g++ -E  conftest.cpp
conftest.cpp:21:28: error: ac_nonexistent.h: No such file or directory
configure:5776: $? = 1
configure: failed program was:
| /* confdefs.h.  */
| #define PACKAGE_NAME ""
| #define PACKAGE_TARNAME ""
| #define PACKAGE_VERSION ""
| #define PACKAGE_STRING ""
| #define PACKAGE_BUGREPORT ""
| #define PACKAGE "trs2bin"
| #define VERSION "0.1"
| #define STDC_HEADERS 1
| #define HAVE_SYS_TYPES_H 1
| #define HAVE_SYS_STAT_H 1
| #define HAVE_STDLIB_H 1
| #define HAVE_STRING_H 1
| #define HAVE_MEMORY_H 1
| #define HAVE_STRINGS_H 1
| #define HAVE_INTTYPES_H 1
| #define HAVE_STDINT_H 1
| #define HAVE_UNISTD_H 1
| #define HAVE_DLFCN_H 1
| /* end confdefs.h.  */
| #include <ac_nonexistent.h>
configure:5869: checking for g77
configure:5899: result: no
configure:5869: checking for xlf
configure:5899: result: no
configure:5869: checking for f77
configure:5899: result: no
configure:5869: checking for frt
configure:5899: result: no
configure:5869: checking for pgf77
configure:5899: result: no
configure:5869: checking for cf77
configure:5899: result: no
configure:5869: checking for fort77
configure:5899: result: no
configure:5869: checking for fl32
configure:5899: result: no
configure:5869: checking for af77
configure:5899: result: no
configure:5869: checking for xlf90
configure:5899: result: no
configure:5869: checking for f90
configure:5899: result: no
configure:5869: checking for pgf90
configure:5899: result: no
configure:5869: checking for pghpf
configure:5899: result: no
configure:5869: checking for epcf90
configure:5899: result: no
configure:5869: checking for gfortran
configure:5899: result: no
configure:5869: checking for g95
configure:5899: result: no
configure:5869: checking for xlf95
configure:5899: result: no
configure:5869: checking for f95
configure:5899: result: no
configure:5869: checking for fort
configure:5899: result: no
configure:5869: checking for ifort
configure:5899: result: no
configure:5869: checking for ifc
configure:5899: result: no
configure:5869: checking for efc
configure:5899: result: no
configure:5869: checking for pgf95
configure:5899: result: no
configure:5869: checking for lf95
configure:5899: result: no
configure:5869: checking for ftn
configure:5899: result: no
configure:5926: checking for Fortran 77 compiler version
configure:5933:  --version >&5
/home/pbetti/elettronica/Z80-CPM/hardware/Z80DarkStar/software/NE-DOS/trs2bin/configure: line 5934: --version: command not found
configure:5936: $? = 127
configure:5943:  -v >&5
/home/pbetti/elettronica/Z80-CPM/hardware/Z80DarkStar/software/NE-DOS/trs2bin/configure: line 5944: -v: command not found
configure:5946: $? = 127
configure:5953:  -V >&5
/home/pbetti/elettronica/Z80-CPM/hardware/Z80DarkStar/software/NE-DOS/trs2bin/configure: line 5954: -V: command not found
configure:5956: $? = 127
configure:5964: checking whether we are using the GNU Fortran 77 compiler
configure:5983:  -c  conftest.F >&5
/home/pbetti/elettronica/Z80-CPM/hardware/Z80DarkStar/software/NE-DOS/trs2bin/configure: line 5984: -c: command not found
configure:5989: $? = 127
configure: failed program was:
|       program main
| #ifndef __GNUC__
|        choke me
| #endif
| 
|       end
configure:6006: result: no
configure:6012: checking whether  accepts -g
configure:6029:  -c -g conftest.f >&5
/home/pbetti/elettronica/Z80-CPM/hardware/Z80DarkStar/software/NE-DOS/trs2bin/configure: line 6030: -c: command not found
configure:6035: $? = 127
configure: failed program was:
|       program main
| 
|       end
configure:6051: result: no
configure:6081: checking the maximum length of command line arguments
configure:6193: result: 98304
configure:6205: checking command to parse /usr/bin/nm -B output from gcc object
configure:6310: gcc -c -O0 -g3   conftest.c >&5
configure:6313: $? = 0
configure:6317: /usr/bin/nm -B conftest.o \| sed -n -e 's/^.*[ 	]\([ABCDGIRSTW][ABCDGIRSTW]*\)[ 	][ 	]*\([_A-Za-z][_A-Za-z0-9]*\)$/\1 \2 \2/p' \> conftest.nm
configure:6320: $? = 0
configure:6372: gcc -o conftest -O0 -g3    conftest.c conftstm.o >&5
configure:6375: $? = 0
configure:6413: result: ok
configure:6417: checking for objdir
configure:6432: result: .libs
configure:6524: checking for ar
configure:6540: found /usr/bin/ar
configure:6551: result: ar
configure:6620: checking for ranlib
configure:6636: found /usr/bin/ranlib
configure:6647: result: ranlib
configure:6716: checking for strip
configure:6732: found /usr/bin/strip
configure:6743: result: strip
configure:7029: checking if gcc supports -fno-rtti -fno-exceptions
configure:7047: gcc -c -O0 -g3   -fno-rtti -fno-exceptions conftest.c >&5
cc1: warning: command line option "-fno-rtti" is valid for C++/ObjC++ but not for C
configure:7051: $? = 0
configure:7064: result: no
configure:7079: checking for gcc option to produce PIC
configure:7311: result: -fPIC
configure:7319: checking if gcc PIC flag -fPIC works
configure:7337: gcc -c -O0 -g3   -fPIC -DPIC conftest.c >&5
configure:7341: $? = 0
configure:7354: result: yes
configure:7382: checking if gcc static flag -static works
configure:7410: result: no
configure:7420: checking if gcc supports -c -o file.o
configure:7441: gcc -c -O0 -g3   -o out/conftest2.o conftest.c >&5
configure:7445: $? = 0
configure:7467: result: yes
configure:7493: checking whether the gcc linker (/usr/bin/ld) supports shared libraries
configure:8473: result: yes
configure:8494: checking whether -lc should be explicitly linked in
configure:8499: gcc -c -O0 -g3   conftest.c >&5
configure:8502: $? = 0
configure:8517: gcc -shared conftest.o  -v -Wl,-soname -Wl,conftest -o conftest 2\>\&1 \| grep  -lc  \>/dev/null 2\>\&1
configure:8520: $? = 0
configure:8532: result: no
configure:8540: checking dynamic linker characteristics
configure:9163: result: GNU/Linux ld.so
configure:9172: checking how to hardcode library paths into programs
configure:9197: result: immediate
configure:9211: checking whether stripping libraries is possible
configure:9216: result: yes
configure:10018: checking if libtool supports shared libraries
configure:10020: result: yes
configure:10023: checking whether to build shared libraries
configure:10044: result: yes
configure:10047: checking whether to build static libraries
configure:10051: result: yes
configure:10144: creating libtool
configure:10735: checking for ld used by g++
configure:10802: result: /usr/bin/ld
configure:10811: checking if the linker (/usr/bin/ld) is GNU ld
configure:10826: result: yes
configure:10877: checking whether the g++ linker (/usr/bin/ld) supports shared libraries
configure:11851: result: yes
configure:11869: g++ -c -g -O2  conftest.cpp >&5
configure:11872: $? = 0
configure:12024: checking for g++ option to produce PIC
configure:12308: result: -fPIC
configure:12316: checking if g++ PIC flag -fPIC works
configure:12334: g++ -c -g -O2  -fPIC -DPIC conftest.cpp >&5
configure:12338: $? = 0
configure:12351: result: yes
configure:12379: checking if g++ static flag -static works
configure:12407: result: no
configure:12417: checking if g++ supports -c -o file.o
configure:12438: g++ -c -g -O2  -o out/conftest2.o conftest.cpp >&5
configure:12442: $? = 0
configure:12464: result: yes
configure:12490: checking whether the g++ linker (/usr/bin/ld) supports shared libraries
configure:12515: result: yes
configure:12582: checking dynamic linker characteristics
configure:13153: result: GNU/Linux ld.so
configure:13162: checking how to hardcode library paths into programs
configure:13187: result: immediate
configure:19537: creating ./config.status

## ---------------- ##
## Cache variables. ##
## ---------------- ##

ac_cv_build=i686-pc-linux-gnu
ac_cv_c_compiler_gnu=yes
ac_cv_cxx_compiler_gnu=yes
ac_cv_env_CCC_set=
ac_cv_env_CCC_value=
ac_cv_env_CC_set=
ac_cv_env_CC_value=
ac_cv_env_CFLAGS_set=set
ac_cv_env_CFLAGS_value='-O0 -g3 '
ac_cv_env_CPPFLAGS_set=
ac_cv_env_CPPFLAGS_value=
ac_cv_env_CPP_set=
ac_cv_env_CPP_value=
ac_cv_env_CXXCPP_set=
ac_cv_env_CXXCPP_value=
ac_cv_env_CXXFLAGS_set=
ac_cv_env_CXXFLAGS_value=
ac_cv_env_CXX_set=
ac_cv_env_CXX_value=
ac_cv_env_F77_set=
ac_cv_env_F77_value=
ac_cv_env_FFLAGS_set=
ac_cv_env_FFLAGS_value=
ac_cv_env_LDFLAGS_set=
ac_cv_env_LDFLAGS_value=
ac_cv_env_LIBS_set=
ac_cv_env_LIBS_value=
ac_cv_env_build_alias_set=
ac_cv_env_build_alias_value=
ac_cv_env_host_alias_set=
ac_cv_env_host_alias_value=
ac_cv_env_target_alias_set=
ac_cv_env_target_alias_value=
ac_cv_f77_compiler_gnu=no
ac_cv_header_dlfcn_h=yes
ac_cv_header_inttypes_h=yes
ac_cv_header_memory_h=yes
ac_cv_header_stdc=yes
ac_cv_header_stdint_h=yes
ac_cv_header_stdlib_h=yes
ac_cv_header_string_h=yes
ac_cv_header_strings_h=yes
ac_cv_header_sys_stat_h=yes
ac_cv_header_sys_types_h=yes
ac_cv_header_unistd_h=yes
ac_cv_host=i686-pc-linux-gnu
ac_cv_objext=o
ac_cv_path_EGREP='/bin/grep -E'
ac_cv_path_GREP=/bin/grep
ac_cv_path_install='/usr/bin/install -c'
ac_cv_path_mkdir=/bin/mkdir
ac_cv_prog_AWK=gawk
ac_cv_prog_CPP='gcc -E'
ac_cv_prog_CXXCPP='g++ -E'
ac_cv_prog_ac_ct_AR=ar
ac_cv_prog_ac_ct_CC=gcc
ac_cv_prog_ac_ct_CXX=g++
ac_cv_prog_ac_ct_RANLIB=ranlib
ac_cv_prog_ac_ct_STRIP=strip
ac_cv_prog_cc_c89=
ac_cv_prog_cc_g=yes
ac_cv_prog_cxx_g=yes
ac_cv_prog_f77_g=no
ac_cv_prog_make_make_set=yes
am_cv_CC_dependencies_compiler_type=gcc3
am_cv_CXX_dependencies_compiler_type=gcc3
lt_cv_deplibs_check_method=pass_all
lt_cv_file_magic_cmd='$MAGIC_CMD'
lt_cv_file_magic_test_file=
lt_cv_ld_reload_flag=-r
lt_cv_objdir=.libs
lt_cv_path_LD=/usr/bin/ld
lt_cv_path_LDCXX=/usr/bin/ld
lt_cv_path_NM='/usr/bin/nm -B'
lt_cv_path_SED=/bin/sed
lt_cv_prog_compiler_c_o=yes
lt_cv_prog_compiler_c_o_CXX=yes
lt_cv_prog_compiler_rtti_exceptions=no
lt_cv_prog_gnu_ld=yes
lt_cv_prog_gnu_ldcxx=yes
lt_cv_sys_global_symbol_pipe='sed -n -e '\''s/^.*[ 	]\([ABCDGIRSTW][ABCDGIRSTW]*\)[ 	][ 	]*\([_A-Za-z][_A-Za-z0-9]*\)$/\1 \2 \2/p'\'''
lt_cv_sys_global_symbol_to_c_name_address='sed -n -e '\''s/^: \([^ ]*\) $/  {\"\1\", (lt_ptr) 0},/p'\'' -e '\''s/^[BCDEGRST] \([^ ]*\) \([^ ]*\)$/  {"\2", (lt_ptr) \&\2},/p'\'''
lt_cv_sys_global_symbol_to_cdecl='sed -n -e '\''s/^. .* \(.*\)$/extern int \1;/p'\'''
lt_cv_sys_max_cmd_len=98304
lt_lt_cv_prog_compiler_c_o='"yes"'
lt_lt_cv_prog_compiler_c_o_CXX='"yes"'
lt_lt_cv_sys_global_symbol_pipe='"sed -n -e '\''s/^.*[ 	]\\([ABCDGIRSTW][ABCDGIRSTW]*\\)[ 	][ 	]*\\([_A-Za-z][_A-Za-z0-9]*\\)\$/\\1 \\2 \\2/p'\''"'
lt_lt_cv_sys_global_symbol_to_c_name_address='"sed -n -e '\''s/^: \\([^ ]*\\) \$/  {\\\"\\1\\\", (lt_ptr) 0},/p'\'' -e '\''s/^[BCDEGRST] \\([^ ]*\\) \\([^ ]*\\)\$/  {\"\\2\", (lt_ptr) \\&\\2},/p'\''"'
lt_lt_cv_sys_global_symbol_to_cdecl='"sed -n -e '\''s/^. .* \\(.*\\)\$/extern int \\1;/p'\''"'

## ----------------- ##
## Output variables. ##
## ----------------- ##

ACLOCAL='${SHELL} /home/pbetti/elettronica/Z80-CPM/hardware/Z80DarkStar/software/NE-DOS/trs2bin/missing --run aclocal-1.10'
AMDEPBACKSLASH='\'
AMDEP_FALSE='#'
AMDEP_TRUE=''
AMTAR='${SHELL} /home/pbetti/elettronica/Z80-CPM/hardware/Z80DarkStar/software/NE-DOS/trs2bin/missing --run tar'
AR='ar'
AUTOCONF='${SHELL} /home/pbetti/elettronica/Z80-CPM/hardware/Z80DarkStar/software/NE-DOS/trs2bin/missing --run autoconf'
AUTOHEADER='${SHELL} /home/pbetti/elettronica/Z80-CPM/hardware/Z80DarkStar/software/NE-DOS/trs2bin/missing --run autoheader'
AUTOMAKE='${SHELL} /home/pbetti/elettronica/Z80-CPM/hardware/Z80DarkStar/software/NE-DOS/trs2bin/missing --run automake-1.10'
AWK='gawk'
CC='gcc'
CCDEPMODE='depmode=gcc3'
CFLAGS='-O0 -g3 '
CPP='gcc -E'
CPPFLAGS=''
CXX='g++'
CXXCPP='g++ -E'
CXXDEPMODE='depmode=gcc3'
CXXFLAGS='-g -O2'
CYGPATH_W='echo'
DEFS='-DHAVE_CONFIG_H'
DEPDIR='.deps'
ECHO='echo'
ECHO_C=''
ECHO_N='-n'
ECHO_T=''
EGREP='/bin/grep -E'
EXEEXT=''
F77=''
FFLAGS=''
GREP='/bin/grep'
INSTALL_DATA='${INSTALL} -m 644'
INSTALL_PROGRAM='${INSTALL}'
INSTALL_SCRIPT='${INSTALL}'
INSTALL_STRIP_PROGRAM='$(install_sh) -c -s'
LDFLAGS=''
LIBOBJS=''
LIBS=''
LIBTOOL='$(SHELL) $(top_builddir)/libtool'
LN_S='ln -s'
LTLIBOBJS=''
MAKEINFO='${SHELL} /home/pbetti/elettronica/Z80-CPM/hardware/Z80DarkStar/software/NE-DOS/trs2bin/missing --run makeinfo'
OBJEXT='o'
PACKAGE='trs2bin'
PACKAGE_BUGREPORT=''
PACKAGE_NAME=''
PACKAGE_STRING=''
PACKAGE_TARNAME=''
PACKAGE_VERSION=''
PATH_SEPARATOR=':'
RANLIB='ranlib'
SED='/bin/sed'
SET_MAKE=''
SHELL='/bin/sh'
STRIP='strip'
VERSION='0.1'
ac_ct_CC='gcc'
ac_ct_CXX='g++'
ac_ct_F77=''
am__fastdepCC_FALSE='#'
am__fastdepCC_TRUE=''
am__fastdepCXX_FALSE='#'
am__fastdepCXX_TRUE=''
am__include='include'
am__isrc=' -I$(srcdir)'
am__leading_dot='.'
am__quote=''
am__tar='${AMTAR} chof - "$$tardir"'
am__untar='${AMTAR} xf -'
bindir='${exec_prefix}/bin'
build='i686-pc-linux-gnu'
build_alias=''
build_cpu='i686'
build_os='linux-gnu'
build_vendor='pc'
datadir='${datarootdir}'
datarootdir='${prefix}/share'
docdir='${datarootdir}/doc/${PACKAGE}'
dvidir='${docdir}'
exec_prefix='${prefix}'
host='i686-pc-linux-gnu'
host_alias=''
host_cpu='i686'
host_os='linux-gnu'
host_vendor='pc'
htmldir='${docdir}'
includedir='${prefix}/include'
infodir='${datarootdir}/info'
install_sh='$(SHELL) /home/pbetti/elettronica/Z80-CPM/hardware/Z80DarkStar/software/NE-DOS/trs2bin/install-sh'
libdir='${exec_prefix}/lib'
libexecdir='${exec_prefix}/libexec'
localedir='${datarootdir}/locale'
localstatedir='${prefix}/var'
mandir='${datarootdir}/man'
mkdir_p='/bin/mkdir -p'
oldincludedir='/usr/include'
pdfdir='${docdir}'
prefix='/usr/local'
program_transform_name='s,x,x,'
psdir='${docdir}'
sbindir='${exec_prefix}/sbin'
sharedstatedir='${prefix}/com'
sysconfdir='${prefix}/etc'
target_alias=''

## ----------- ##
## confdefs.h. ##
## ----------- ##

#define PACKAGE_NAME ""
#define PACKAGE_TARNAME ""
#define PACKAGE_VERSION ""
#define PACKAGE_STRING ""
#define PACKAGE_BUGREPORT ""
#define PACKAGE "trs2bin"
#define VERSION "0.1"
#define STDC_HEADERS 1
#define HAVE_SYS_TYPES_H 1
#define HAVE_SYS_STAT_H 1
#define HAVE_STDLIB_H 1
#define HAVE_STRING_H 1
#define HAVE_MEMORY_H 1
#define HAVE_STRINGS_H 1
#define HAVE_INTTYPES_H 1
#define HAVE_STDINT_H 1
#define HAVE_UNISTD_H 1
#define HAVE_DLFCN_H 1

configure: exit 0

## ---------------------- ##
## Running config.status. ##
## ---------------------- ##

This file was extended by config.status, which was
generated by GNU Autoconf 2.61.  Invocation command line was

  CONFIG_FILES    = 
  CONFIG_HEADERS  = 
  CONFIG_LINKS    = 
  CONFIG_COMMANDS = 
  $ ./config.status 

on vger-wl.lpconsul.net

config.status:663: creating Makefile
config.status:663: creating src/Makefile
config.status:663: creating config.h
config.status:883: config.h is unchanged
config.status:929: executing depfiles commands
