   1:			
   2:	8302          	string	equ	$8302
   3:			
   4:	03C1          		org $03c1
   5:			
   6:	03C1  CB49    		bit	1,c
   7:	03C3  2806    		jr	z,nowarn
   8:	03C5  21F303  		ld	hl,vblink
   9:	03C8  C30283  		jp	string
  10:	03CB          	nowarn:
  11:	03CB  CB51    		bit	2,c
  12:	03CD  2806    		jr	z,nomark
  13:	03CF  21F703  		ld	hl,vrev
  14:	03D2  C30283  		jp	string
  15:	03D5          	nomark:
  16:	03D5  CB59    		bit	3,c
  17:	03D7  2806    		jr	z,nound
  18:	03D9  21FB03  		ld	hl,vund
  19:	03DC  C30283  		jp	string
  20:	03DF          	nound:
  21:	03DF  79      		ld	a,c
  22:	03E0  E60E    		and	00001110B
  23:	03E2  2806    		jr	z,nohigh
  24:	03E4  21FF03  		ld	hl,vhigh
  25:	03E7  C30283  		jp	string
  26:	03EA          	nohigh:
  27:	03EA  21F003  		ld	hl,vnor
  28:	03ED  C30283  		jp	string
  29:			
  30:			
  31:	03F0  02110D  	vnor:	defb	02,$11,$0d
  32:	03F3  031B020D	vblink:	defb	03,$1b,$02,$0d
  33:	03F7  031B1B0D	vrev:	defb	03,$1b,$1b,$0d
  34:	03FB  031B030D	vund:	defb	03,$1b,$03,$0d
  35:	03FF  031B060D	vhigh:	defb	03,$1b,$06,$0d
  36:			
  37:	0403          		end



Statistics:

     5	passes
     0	jr promotions
    10	symbols
     0	bytes



Symbol Table:

nohigh           3ea     string         =8302+    vrev             3f7     
nomark           3d5     vblink           3f3     vund             3fb     
nound            3df     vhigh            3ff     
nowarn           3cb     vnor             3f0     
