

Z/CPM Library Manager, Version 1.5 Copyright 1988 A.E. Hawley

Appending SVERSION.REL



Z/CPM Library Manager, Version 1.5 Copyright 1988 A.E. Hawley

Appending SDIRQ.REL



Z/CPM Library Manager, Version 1.5 Copyright 1988 A.E. Hawley

Appending SDIRQS.REL



Z/CPM Library Manager, Version 1.5 Copyright 1988 A.E. Hawley

Appending SDIR.REL



Z/CPM Library Manager, Version 1.5 Copyright 1988 A.E. Hawley

Appending SDIR0.REL



Z/CPM Library Manager, Version 1.5 Copyright 1988 A.E. Hawley

Appending SDIR06.REL



Z/CPM Library Manager, Version 1.5 Copyright 1988 A.E. Hawley

Appending SDIR05.REL



Z/CPM Library Manager, Version 1.5 Copyright 1988 A.E. Hawley

Appending SDIR08.REL



Z/CPM Library Manager, Version 1.5 Copyright 1988 A.E. Hawley

Appending SDIR09.REL



Z/CPM Library Manager, Version 1.5 Copyright 1988 A.E. Hawley

Appending SDIR01.REL



Z/CPM Library Manager, Version 1.5 Copyright 1988 A.E. Hawley

Appending SDIR02.REL



Z/CPM Library Manager, Version 1.5 Copyright 1988 A.E. Hawley

Appending SDIR03.REL



Z/CPM Library Manager, Version 1.5 Copyright 1988 A.E. Hawley

Appending SDIR04.REL



Z/CPM Library Manager, Version 1.5 Copyright 1988 A.E. Hawley

Appending SDIR07.REL



Z/CPM Library Manager, Version 1.5 Copyright 1988 A.E. Hawley

Appending SDIR10.REL



Z/CPM Library Manager, Version 1.5 Copyright 1988 A.E. Hawley

Appending SDIRBF.REL



Z/CPM Library Manager, Version 1.5 Copyright 1988 A.E. Hawley

Appending SLUREAD.REL



Z/CPM Library Manager, Version 1.5 Copyright 1988 A.E. Hawley

Appending SLUOPEN.REL



Z/CPM Library Manager, Version 1.5 Copyright 1988 A.E. Hawley

Appending SLUINIT.REL



Z/CPM Library Manager, Version 1.5 Copyright 1988 A.E. Hawley

Appending SLUDIR.REL



Z/CPM Library Manager, Version 1.5 Copyright 1988 A.E. Hawley

Appending SLUCLOSE.REL



Z/CPM Library Manager, Version 1.5 Copyright 1988 A.E. Hawley

Appending SFXIO.REL



Z/CPM Library Manager, Version 1.5 Copyright 1988 A.E. Hawley

Appending SFYIO.REL



Z/CPM Library Manager, Version 1.5 Copyright 1988 A.E. Hawley

Appending SFAPPND0.REL



Z/CPM Library Manager, Version 1.5 Copyright 1988 A.E. Hawley

Appending SFAPPND1.REL



Z/CPM Library Manager, Version 1.5 Copyright 1988 A.E. Hawley

Appending SACAS1.REL



Z/CPM Library Manager, Version 1.5 Copyright 1988 A.E. Hawley

Appending SACAS2.REL



Z/CPM Library Manager, Version 1.5 Copyright 1988 A.E. Hawley

Appending SACAS3.REL



Z/CPM Library Manager, Version 1.5 Copyright 1988 A.E. Hawley

Appending SAGO1.REL



Z/CPM Library Manager, Version 1.5 Copyright 1988 A.E. Hawley

Appending SAGO2.REL



Z/CPM Library Manager, Version 1.5 Copyright 1988 A.E. Hawley

Appending SAIF1.REL



Z/CPM Library Manager, Version 1.5 Copyright 1988 A.E. Hawley

Appending SAIF2.REL



Z/CPM Library Manager, Version 1.5 Copyright 1988 A.E. Hawley

Appending SBGO1.REL



Z/CPM Library Manager, Version 1.5 Copyright 1988 A.E. Hawley

Appending SBGO2.REL



Z/CPM Library Manager, Version 1.5 Copyright 1988 A.E. Hawley

Appending SDGO1.REL



Z/CPM Library Manager, Version 1.5 Copyright 1988 A.E. Hawley

Appending SDGO2.REL



Z/CPM Library Manager, Version 1.5 Copyright 1988 A.E. Hawley

Appending SHCAS1.REL



Z/CPM Library Manager, Version 1.5 Copyright 1988 A.E. Hawley

Appending SHCAS2.REL



Z/CPM Library Manager, Version 1.5 Copyright 1988 A.E. Hawley

Appending SHCAS3.REL



Z/CPM Library Manager, Version 1.5 Copyright 1988 A.E. Hawley

Appending SHGO1.REL



Z/CPM Library Manager, Version 1.5 Copyright 1988 A.E. Hawley

Appending SHGO2.REL



Z/CPM Library Manager, Version 1.5 Copyright 1988 A.E. Hawley

Appending SHIF1.REL



Z/CPM Library Manager, Version 1.5 Copyright 1988 A.E. Hawley

Appending SHIF2.REL



Z/CPM Library Manager, Version 1.5 Copyright 1988 A.E. Hawley

Appending SCRC.REL



Z/CPM Library Manager, Version 1.5 Copyright 1988 A.E. Hawley

Appending SCRC1.REL



Z/CPM Library Manager, Version 1.5 Copyright 1988 A.E. Hawley

Appending SCRC2.REL



Z/CPM Library Manager, Version 1.5 Copyright 1988 A.E. Hawley

Appending SCRC3.REL



Z/CPM Library Manager, Version 1.5 Copyright 1988 A.E. Hawley

Appending SINS.REL



Z/CPM Library Manager, Version 1.5 Copyright 1988 A.E. Hawley

Appending SDEL.REL



Z/CPM Library Manager, Version 1.5 Copyright 1988 A.E. Hawley

Appending SSRC.REL



Z/CPM Library Manager, Version 1.5 Copyright 1988 A.E. Hawley

Appending SSORT0.REL



Z/CPM Library Manager, Version 1.5 Copyright 1988 A.E. Hawley

Appending SSORT1.REL



Z/CPM Library Manager, Version 1.5 Copyright 1988 A.E. Hawley

Appending SSORT2.REL



Z/CPM Library Manager, Version 1.5 Copyright 1988 A.E. Hawley

Appending SRAND.REL



Z/CPM Library Manager, Version 1.5 Copyright 1988 A.E. Hawley

Appending S0FILEIO.REL



Z/CPM Library Manager, Version 1.5 Copyright 1988 A.E. Hawley

Appending S1FILEIO.REL



Z/CPM Library Manager, Version 1.5 Copyright 1988 A.E. Hawley

Appending S2FILEIO.REL



Z/CPM Library Manager, Version 1.5 Copyright 1988 A.E. Hawley

Appending S3FILEIO.REL



Z/CPM Library Manager, Version 1.5 Copyright 1988 A.E. Hawley

Appending SFILEIO.REL



Z/CPM Library Manager, Version 1.5 Copyright 1988 A.E. Hawley

Appending SSCFA.REL



Z/CPM Library Manager, Version 1.5 Copyright 1988 A.E. Hawley

Appending SGFA.REL



Z/CPM Library Manager, Version 1.5 Copyright 1988 A.E. Hawley

Appending SSFA.REL



Z/CPM Library Manager, Version 1.5 Copyright 1988 A.E. Hawley

Appending SUD1.REL



Z/CPM Library Manager, Version 1.5 Copyright 1988 A.E. Hawley

Appending SUD2.REL



Z/CPM Library Manager, Version 1.5 Copyright 1988 A.E. Hawley

Appending SUD3.REL



Z/CPM Library Manager, Version 1.5 Copyright 1988 A.E. Hawley

Appending SGUA.REL



Z/CPM Library Manager, Version 1.5 Copyright 1988 A.E. Hawley

Appending SSUA.REL



Z/CPM Library Manager, Version 1.5 Copyright 1988 A.E. Hawley

Appending SGRR.REL



Z/CPM Library Manager, Version 1.5 Copyright 1988 A.E. Hawley

Appending SGRR1.REL



Z/CPM Library Manager, Version 1.5 Copyright 1988 A.E. Hawley

Appending SRWRITE.REL



Z/CPM Library Manager, Version 1.5 Copyright 1988 A.E. Hawley

Appending SRREAD.REL



Z/CPM Library Manager, Version 1.5 Copyright 1988 A.E. Hawley

Appending SFEXIST.REL



Z/CPM Library Manager, Version 1.5 Copyright 1988 A.E. Hawley

Appending SFMOPEN.REL



Z/CPM Library Manager, Version 1.5 Copyright 1988 A.E. Hawley

Appending SFMAKE.REL



Z/CPM Library Manager, Version 1.5 Copyright 1988 A.E. Hawley

Appending SFCLOSE.REL



Z/CPM Library Manager, Version 1.5 Copyright 1988 A.E. Hawley

Appending SFDELETE.REL



Z/CPM Library Manager, Version 1.5 Copyright 1988 A.E. Hawley

Appending SFOPEN.REL



Z/CPM Library Manager, Version 1.5 Copyright 1988 A.E. Hawley

Appending SFREAD.REL



Z/CPM Library Manager, Version 1.5 Copyright 1988 A.E. Hawley

Appending SFRENAME.REL



Z/CPM Library Manager, Version 1.5 Copyright 1988 A.E. Hawley

Appending SFWRITE.REL



Z/CPM Library Manager, Version 1.5 Copyright 1988 A.E. Hawley

Appending SFSIZE.REL



Z/CPM Library Manager, Version 1.5 Copyright 1988 A.E. Hawley

Appending SSDMA.REL



Z/CPM Library Manager, Version 1.5 Copyright 1988 A.E. Hawley

Appending SINITFCB.REL



Z/CPM Library Manager, Version 1.5 Copyright 1988 A.E. Hawley

Appending SMTH01.REL



Z/CPM Library Manager, Version 1.5 Copyright 1988 A.E. Hawley

Appending SMTH02.REL



Z/CPM Library Manager, Version 1.5 Copyright 1988 A.E. Hawley

Appending SMTH03.REL



Z/CPM Library Manager, Version 1.5 Copyright 1988 A.E. Hawley

Appending SMTH04.REL



Z/CPM Library Manager, Version 1.5 Copyright 1988 A.E. Hawley

Appending SMTH05.REL



Z/CPM Library Manager, Version 1.5 Copyright 1988 A.E. Hawley

Appending SMTH06.REL



Z/CPM Library Manager, Version 1.5 Copyright 1988 A.E. Hawley

Appending SMTH07.REL



Z/CPM Library Manager, Version 1.5 Copyright 1988 A.E. Hawley

Appending SMTH08.REL



Z/CPM Library Manager, Version 1.5 Copyright 1988 A.E. Hawley

Appending SMTH09.REL



Z/CPM Library Manager, Version 1.5 Copyright 1988 A.E. Hawley

Appending SMTH10.REL



Z/CPM Library Manager, Version 1.5 Copyright 1988 A.E. Hawley

Appending SMTH10A.REL



Z/CPM Library Manager, Version 1.5 Copyright 1988 A.E. Hawley

Appending SMTH11.REL



Z/CPM Library Manager, Version 1.5 Copyright 1988 A.E. Hawley

Appending SMTH12.REL



Z/CPM Library Manager, Version 1.5 Copyright 1988 A.E. Hawley

Appending SINLINE.REL



Z/CPM Library Manager, Version 1.5 Copyright 1988 A.E. Hawley

Appending SBLINE.REL



Z/CPM Library Manager, Version 1.5 Copyright 1988 A.E. Hawley

Appending SBBLINE.REL



Z/CPM Library Manager, Version 1.5 Copyright 1988 A.E. Hawley

Appending SEPRINT.REL



Z/CPM Library Manager, Version 1.5 Copyright 1988 A.E. Hawley

Appending SEPSTR.REL



Z/CPM Library Manager, Version 1.5 Copyright 1988 A.E. Hawley

Appending SPRINT.REL



Z/CPM Library Manager, Version 1.5 Copyright 1988 A.E. Hawley

Appending SLPRINT.REL



Z/CPM Library Manager, Version 1.5 Copyright 1988 A.E. Hawley

Appending SSPRINT.REL



Z/CPM Library Manager, Version 1.5 Copyright 1988 A.E. Hawley

Appending SCPSTR.REL



Z/CPM Library Manager, Version 1.5 Copyright 1988 A.E. Hawley

Appending SLPSTR.REL



Z/CPM Library Manager, Version 1.5 Copyright 1988 A.E. Hawley

Appending SSPSTR.REL



Z/CPM Library Manager, Version 1.5 Copyright 1988 A.E. Hawley

Appending SBIN.REL



Z/CPM Library Manager, Version 1.5 Copyright 1988 A.E. Hawley

Appending SBIST.REL



Z/CPM Library Manager, Version 1.5 Copyright 1988 A.E. Hawley

Appending SBOUT.REL



Z/CPM Library Manager, Version 1.5 Copyright 1988 A.E. Hawley

Appending SBDOS.REL



Z/CPM Library Manager, Version 1.5 Copyright 1988 A.E. Hawley

Appending SBDOSA.REL



Z/CPM Library Manager, Version 1.5 Copyright 1988 A.E. Hawley

Appending SSCOUT.REL



Z/CPM Library Manager, Version 1.5 Copyright 1988 A.E. Hawley

Appending SSCRLF.REL



Z/CPM Library Manager, Version 1.5 Copyright 1988 A.E. Hawley

Appending SCRLF.REL



Z/CPM Library Manager, Version 1.5 Copyright 1988 A.E. Hawley

Appending SLCRLF.REL



Z/CPM Library Manager, Version 1.5 Copyright 1988 A.E. Hawley

Appending SCAPINE.REL



Z/CPM Library Manager, Version 1.5 Copyright 1988 A.E. Hawley

Appending SCAPIN.REL



Z/CPM Library Manager, Version 1.5 Copyright 1988 A.E. Hawley

Appending SCONDIN.REL



Z/CPM Library Manager, Version 1.5 Copyright 1988 A.E. Hawley

Appending SCIN.REL



Z/CPM Library Manager, Version 1.5 Copyright 1988 A.E. Hawley

Appending SRIN.REL



Z/CPM Library Manager, Version 1.5 Copyright 1988 A.E. Hawley

Appending SCST.REL



Z/CPM Library Manager, Version 1.5 Copyright 1988 A.E. Hawley

Appending SCCOUT.REL



Z/CPM Library Manager, Version 1.5 Copyright 1988 A.E. Hawley

Appending SCLOUT.REL



Z/CPM Library Manager, Version 1.5 Copyright 1988 A.E. Hawley

Appending SCPOUT.REL



Z/CPM Library Manager, Version 1.5 Copyright 1988 A.E. Hawley

Appending SATCCCHK.REL



Z/CPM Library Manager, Version 1.5 Copyright 1988 A.E. Hawley

Appending SCFN1.REL



Z/CPM Library Manager, Version 1.5 Copyright 1988 A.E. Hawley

Appending SLFN1.REL



Z/CPM Library Manager, Version 1.5 Copyright 1988 A.E. Hawley

Appending SMFN1.REL



Z/CPM Library Manager, Version 1.5 Copyright 1988 A.E. Hawley

Appending SSFN1.REL



Z/CPM Library Manager, Version 1.5 Copyright 1988 A.E. Hawley

Appending SCFN2.REL



Z/CPM Library Manager, Version 1.5 Copyright 1988 A.E. Hawley

Appending SLFN2.REL



Z/CPM Library Manager, Version 1.5 Copyright 1988 A.E. Hawley

Appending SMFN2.REL



Z/CPM Library Manager, Version 1.5 Copyright 1988 A.E. Hawley

Appending SSFN2.REL



Z/CPM Library Manager, Version 1.5 Copyright 1988 A.E. Hawley

Appending SCFN3.REL



Z/CPM Library Manager, Version 1.5 Copyright 1988 A.E. Hawley

Appending SLFN3.REL



Z/CPM Library Manager, Version 1.5 Copyright 1988 A.E. Hawley

Appending SMFN3.REL



Z/CPM Library Manager, Version 1.5 Copyright 1988 A.E. Hawley

Appending SSFN3.REL



Z/CPM Library Manager, Version 1.5 Copyright 1988 A.E. Hawley

Appending SCA3DC.REL



Z/CPM Library Manager, Version 1.5 Copyright 1988 A.E. Hawley

Appending SCADC.REL



Z/CPM Library Manager, Version 1.5 Copyright 1988 A.E. Hawley

Appending SCAFDC.REL



Z/CPM Library Manager, Version 1.5 Copyright 1988 A.E. Hawley

Appending SLA3DC.REL



Z/CPM Library Manager, Version 1.5 Copyright 1988 A.E. Hawley

Appending SLADC.REL



Z/CPM Library Manager, Version 1.5 Copyright 1988 A.E. Hawley

Appending SLAFDC.REL



Z/CPM Library Manager, Version 1.5 Copyright 1988 A.E. Hawley

Appending SSA3DC.REL



Z/CPM Library Manager, Version 1.5 Copyright 1988 A.E. Hawley

Appending SSADC.REL



Z/CPM Library Manager, Version 1.5 Copyright 1988 A.E. Hawley

Appending SSAFDC.REL



Z/CPM Library Manager, Version 1.5 Copyright 1988 A.E. Hawley

Appending SMA3DC.REL



Z/CPM Library Manager, Version 1.5 Copyright 1988 A.E. Hawley

Appending SMADC.REL



Z/CPM Library Manager, Version 1.5 Copyright 1988 A.E. Hawley

Appending SMAFDC.REL



Z/CPM Library Manager, Version 1.5 Copyright 1988 A.E. Hawley

Appending SCHL4DC.REL



Z/CPM Library Manager, Version 1.5 Copyright 1988 A.E. Hawley

Appending SCHL5DC.REL



Z/CPM Library Manager, Version 1.5 Copyright 1988 A.E. Hawley

Appending SLHL4DC.REL



Z/CPM Library Manager, Version 1.5 Copyright 1988 A.E. Hawley

Appending SLHL5DC.REL



Z/CPM Library Manager, Version 1.5 Copyright 1988 A.E. Hawley

Appending SSHL4DC.REL



Z/CPM Library Manager, Version 1.5 Copyright 1988 A.E. Hawley

Appending SSHL5DC.REL



Z/CPM Library Manager, Version 1.5 Copyright 1988 A.E. Hawley

Appending SMHL4DC.REL



Z/CPM Library Manager, Version 1.5 Copyright 1988 A.E. Hawley

Appending SMHL5DC.REL



Z/CPM Library Manager, Version 1.5 Copyright 1988 A.E. Hawley

Appending SCHLDC.REL



Z/CPM Library Manager, Version 1.5 Copyright 1988 A.E. Hawley

Appending SCHLFDC.REL



Z/CPM Library Manager, Version 1.5 Copyright 1988 A.E. Hawley

Appending SLHLDC.REL



Z/CPM Library Manager, Version 1.5 Copyright 1988 A.E. Hawley

Appending SLHLFDC.REL



Z/CPM Library Manager, Version 1.5 Copyright 1988 A.E. Hawley

Appending SSHLDC.REL



Z/CPM Library Manager, Version 1.5 Copyright 1988 A.E. Hawley

Appending SSHLFDC.REL



Z/CPM Library Manager, Version 1.5 Copyright 1988 A.E. Hawley

Appending SMHLDC.REL



Z/CPM Library Manager, Version 1.5 Copyright 1988 A.E. Hawley

Appending SMHLFDC.REL



Z/CPM Library Manager, Version 1.5 Copyright 1988 A.E. Hawley

Appending SLHL4HC.REL



Z/CPM Library Manager, Version 1.5 Copyright 1988 A.E. Hawley

Appending SMHL4HC.REL



Z/CPM Library Manager, Version 1.5 Copyright 1988 A.E. Hawley

Appending SPHL4HC.REL



Z/CPM Library Manager, Version 1.5 Copyright 1988 A.E. Hawley

Appending SSHL4HC.REL



Z/CPM Library Manager, Version 1.5 Copyright 1988 A.E. Hawley

Appending SLA2HC.REL



Z/CPM Library Manager, Version 1.5 Copyright 1988 A.E. Hawley

Appending SMA2HC.REL



Z/CPM Library Manager, Version 1.5 Copyright 1988 A.E. Hawley

Appending SPA2HC.REL



Z/CPM Library Manager, Version 1.5 Copyright 1988 A.E. Hawley

Appending SSA2HC.REL



Z/CPM Library Manager, Version 1.5 Copyright 1988 A.E. Hawley

Appending SSOUT.REL



Z/CPM Library Manager, Version 1.5 Copyright 1988 A.E. Hawley

Appending SCOUT.REL



Z/CPM Library Manager, Version 1.5 Copyright 1988 A.E. Hawley

Appending SLOUT.REL



Z/CPM Library Manager, Version 1.5 Copyright 1988 A.E. Hawley

Appending SPOUT.REL



Z/CPM Library Manager, Version 1.5 Copyright 1988 A.E. Hawley

Appending SSCTLFL.REL



Z/CPM Library Manager, Version 1.5 Copyright 1988 A.E. Hawley

Appending SEVAL.REL



Z/CPM Library Manager, Version 1.5 Copyright 1988 A.E. Hawley

Appending SEVAL1.REL



Z/CPM Library Manager, Version 1.5 Copyright 1988 A.E. Hawley

Appending SEVAL2.REL



Z/CPM Library Manager, Version 1.5 Copyright 1988 A.E. Hawley

Appending SEVAL3.REL



Z/CPM Library Manager, Version 1.5 Copyright 1988 A.E. Hawley

Appending SEVAL4.REL



Z/CPM Library Manager, Version 1.5 Copyright 1988 A.E. Hawley

Appending SCAPSTR.REL



Z/CPM Library Manager, Version 1.5 Copyright 1988 A.E. Hawley

Appending SFNAME.REL



Z/CPM Library Manager, Version 1.5 Copyright 1988 A.E. Hawley

Appending SSKSP.REL



Z/CPM Library Manager, Version 1.5 Copyright 1988 A.E. Hawley

Appending SSKPUN.REL



Z/CPM Library Manager, Version 1.5 Copyright 1988 A.E. Hawley

Appending SINSTR.REL



Z/CPM Library Manager, Version 1.5 Copyright 1988 A.E. Hawley

Appending SSCANNER.REL



Z/CPM Library Manager, Version 1.5 Copyright 1988 A.E. Hawley

Appending SALLOC.REL



Z/CPM Library Manager, Version 1.5 Copyright 1988 A.E. Hawley

Appending SARGV.REL



Z/CPM Library Manager, Version 1.5 Copyright 1988 A.E. Hawley

Appending SCLINE.REL



Z/CPM Library Manager, Version 1.5 Copyright 1988 A.E. Hawley

Appending SCOMPB.REL



Z/CPM Library Manager, Version 1.5 Copyright 1988 A.E. Hawley

Appending SCOMPBC.REL



Z/CPM Library Manager, Version 1.5 Copyright 1988 A.E. Hawley

Appending SCOMPHD.REL



Z/CPM Library Manager, Version 1.5 Copyright 1988 A.E. Hawley

Appending SFILL0.REL



Z/CPM Library Manager, Version 1.5 Copyright 1988 A.E. Hawley

Appending SFILL1.REL



Z/CPM Library Manager, Version 1.5 Copyright 1988 A.E. Hawley

Appending SFILL2.REL



Z/CPM Library Manager, Version 1.5 Copyright 1988 A.E. Hawley

Appending SFILL3.REL



Z/CPM Library Manager, Version 1.5 Copyright 1988 A.E. Hawley

Appending SMOVE0.REL



Z/CPM Library Manager, Version 1.5 Copyright 1988 A.E. Hawley

Appending SMOVE1.REL



Z/CPM Library Manager, Version 1.5 Copyright 1988 A.E. Hawley

Appending SMOVE2.REL



Z/CPM Library Manager, Version 1.5 Copyright 1988 A.E. Hawley

Appending SMOVE3.REL



Z/CPM Library Manager, Version 1.5 Copyright 1988 A.E. Hawley

Appending SPAUSE.REL



Z/CPM Library Manager, Version 1.5 Copyright 1988 A.E. Hawley

Appending SCATH.REL



Z/CPM Library Manager, Version 1.5 Copyright 1988 A.E. Hawley

Appending SEN.REL



Z/CPM Library Manager, Version 1.5 Copyright 1988 A.E. Hawley

Appending SISPUN.REL



Z/CPM Library Manager, Version 1.5 Copyright 1988 A.E. Hawley

Appending SISALNUM.REL



Z/CPM Library Manager, Version 1.5 Copyright 1988 A.E. Hawley

Appending SISHEX.REL



Z/CPM Library Manager, Version 1.5 Copyright 1988 A.E. Hawley

Appending SISALPHA.REL



Z/CPM Library Manager, Version 1.5 Copyright 1988 A.E. Hawley

Appending SISCTRL.REL



Z/CPM Library Manager, Version 1.5 Copyright 1988 A.E. Hawley

Appending SISDIGIT.REL



Z/CPM Library Manager, Version 1.5 Copyright 1988 A.E. Hawley

Appending SISGRAPH.REL



Z/CPM Library Manager, Version 1.5 Copyright 1988 A.E. Hawley

Appending SISPRINT.REL



Z/CPM Library Manager, Version 1.5 Copyright 1988 A.E. Hawley

Appending SISSP.REL



Z/CPM Library Manager, Version 1.5 Copyright 1988 A.E. Hawley

Appending SCAPS.REL



Z/CPM Library Manager, Version 1.5 Copyright 1988 A.E. Hawley

Appending SATBIOSA.REL



Z/CPM Library Manager, Version 1.5 Copyright 1988 A.E. Hawley

Appending SBIOS.REL



Z/CPM Library Manager, Version 1.5 Copyright 1988 A.E. Hawley

Appending SGETMTOP.REL



Z/CPM Library Manager, Version 1.5 Copyright 1988 A.E. Hawley

Appending SAFNCMP.REL



Z/CPM Library Manager, Version 1.5 Copyright 1988 A.E. Hawley

Appending SFNCMP.REL



Z/CPM Library Manager, Version 1.5 Copyright 1988 A.E. Hawley

Appending SB2H.REL



Z/CPM Library Manager, Version 1.5 Copyright 1988 A.E. Hawley

Appending SCODEND.REL



Z/CPM Library Manager, Version 1.5 Copyright 1988 A.E. Hawley

Appending SMEMRY.REL

