

                                                                      Page 1
ispLEVER Classic 1.7.00.05.28.13  -  Device Utilization Chart         Sat Jun 14 19:54:58 2014

simpletoggle.bls 



--------------------------------------------------------------------------------

Module                   : 'simpletoggle'

--------------------------------------------------------------------------------

Input files:

    ABEL PLA file        : simpletoggle.tt3
    Device library       : P16V8AS.dev

Output files:

    Report file          : simpletoggle.rpt
    Programmer load file : simpletoggle.jed

--------------------------------------------------------------------------------


                                                                      Page 2
ispLEVER Classic 1.7.00.05.28.13  -  Device Utilization Chart         Sat Jun 14 19:54:58 2014

simpletoggle.bls 

P16V8AS Programmed Logic:
--------------------------------------------------------------------------------



Q0     = !(  Q1.PIN & !T );

Q1     = !(  Q0.PIN & R & !T );



                                                                      Page 3
ispLEVER Classic 1.7.00.05.28.13  -  Device Utilization Chart         Sat Jun 14 19:54:58 2014

simpletoggle.bls 

P16V8AS Chip Diagram:
--------------------------------------------------------------------------------




                                   P16V8AS

                         +---------\       /---------+
                         |          \     /          |
                         |           -----           |
                       R |  1                    20  | Vcc                     
                         |                           |
                       T |  2                    19  | !Q1                     
                         |                           |
                         |  3                    18  | !Q0                     
                         |                           |
                         |  4                    17  |                         
                         |                           |
                         |  5                    16  |                         
                         |                           |
                         |  6                    15  |                         
                         |                           |
                         |  7                    14  |                         
                         |                           |
                         |  8                    13  |                         
                         |                           |
                         |  9                    12  |                         
                         |                           |
                     GND | 10                    11  |                         
                         |                           |
                         |                           |
                         `---------------------------'

                        SIGNATURE: N/A


                                                                      Page 4
ispLEVER Classic 1.7.00.05.28.13  -  Device Utilization Chart         Sat Jun 14 19:54:58 2014

simpletoggle.bls 

P16V8AS Resource Allocations:
--------------------------------------------------------------------------------



        Device        | Resource  |   Design    |
       Resources      | Available | Requirement | Unused
======================|===========|=============|==============
                      |           |             |
Input Pins:           |           |             |
                      |           |             |
          Input:      |     10    |      2      |    8 ( 80 %)
                      |           |             |
Output Pins:          |           |             |
                      |           |             |
          In/Out:     |      6    |      2      |    4 ( 66 %)
          Output:     |      2    |      0      |    2 (100 %)
                      |           |             |
Buried Nodes:         |           |             |
                      |           |             |
          Input Reg:  |      -    |      -      |    -
            Pin Reg:  |      -    |      -      |    -
          Buried Reg: |      -    |      -      |    -


                                                                      Page 5
ispLEVER Classic 1.7.00.05.28.13  -  Device Utilization Chart         Sat Jun 14 19:54:58 2014

simpletoggle.bls 

P16V8AS Product Terms Distribution:
--------------------------------------------------------------------------------



            Signal                       |    Pin   | Terms | Terms | Terms
             Name                        | Assigned | Used  |  Max  | Unused
=========================================|==========|=======|=======|=======
Q0                                       |   18     |   1   |   8   |   7
Q1                                       |   19     |   1   |   8   |   7


     ==== List of Inputs/Feedbacks ====

Signal Name                              | Pin      | Pin Type
=========================================|==========|=========
Q0.PIN                                   |   18     | COMB FB
Q1.PIN                                   |   19     | COMB FB
R                                        |    1     | INPUT
T                                        |    2     | INPUT


                                                                      Page 6
ispLEVER Classic 1.7.00.05.28.13  -  Device Utilization Chart         Sat Jun 14 19:54:58 2014

simpletoggle.bls 

P16V8AS Unused Resources:
--------------------------------------------------------------------------------



 Pin   |  Pin   |   Product   | Flip-flop
Number |  Type  |   Terms     |   Type
=======|========|=============|==========
    3  |  INPUT |      -      |    -   
    4  |  INPUT |      -      |    -   
    5  |  INPUT |      -      |    -   
    6  |  INPUT |      -      |    -   
    7  |  INPUT |      -      |    -   
    8  |  INPUT |      -      |    -   
    9  |  INPUT |      -      |    -   
   11  |  INPUT |      -      |    -   
   12  |  BIDIR | NORMAL  8   |    -   
   13  |  BIDIR | NORMAL  8   |    -   
   14  |  BIDIR | NORMAL  8   |    -   
   15  | OUTPUT | NORMAL  8   |    -   
   16  | OUTPUT | NORMAL  8   |    -   
   17  |  BIDIR | NORMAL  8   |    -   
