

                                                                      Page 1
ispLEVER Classic 1.7.00.05.28.13  -  Device Utilization Chart         Thu Jun 25 12:18:12 2015

mmu_gal.bls 



--------------------------------------------------------------------------------

Module                   : 'mmu_gal'

--------------------------------------------------------------------------------

Input files:

    ABEL PLA file        : untitled.tt3
    Device library       : P16V8AS.dev

Output files:

    Report file          : untitled.rpt
    Programmer load file : untitled.jed

--------------------------------------------------------------------------------


                                                                      Page 2
ispLEVER Classic 1.7.00.05.28.13  -  Device Utilization Chart         Thu Jun 25 12:18:12 2015

mmu_gal.bls 

P16V8AS Programmed Logic:
--------------------------------------------------------------------------------



MEMENA     = !(  !MEMENA.PIN & RST 
              #   M1 & !A2 & !A1 & A0 & RST & !IORQ & !A7 & !A6 & A5 & !A4 & !A3 );

MMURD     = !(  M1 & !A2 & !A1 & !A0 & !RD & !IORQ & !A7 & !A6 & A5 & !A4 & !A3 );

MMUWR     = !(  M1 & !A2 & !A1 & !A0 & !WR & !IORQ & !A7 & !A6 & A5 & !A4 & !A3 );



                                                                      Page 3
ispLEVER Classic 1.7.00.05.28.13  -  Device Utilization Chart         Thu Jun 25 12:18:12 2015

mmu_gal.bls 

P16V8AS Chip Diagram:
--------------------------------------------------------------------------------




                                   P16V8AS

                         +---------\       /---------+
                         |          \     /          |
                         |           -----           |
                      M1 |  1                    20  | Vcc                     
                         |                           |
                      A2 |  2                    19  | !MEMENA                 
                         |                           |
                      A1 |  3                    18  | A5                      
                         |                           |
                      A0 |  4                    17  | A4                      
                         |                           |
                      RD |  5                    16  | !MMUWR                  
                         |                           |
                     RST |  6                    15  | !MMURD                  
                         |                           |
                      WR |  7                    14  | A3                      
                         |                           |
                    IORQ |  8                    13  |                         
                         |                           |
                      A7 |  9                    12  |                         
                         |                           |
                     GND | 10                    11  | A6                      
                         |                           |
                         |                           |
                         `---------------------------'

                        SIGNATURE: N/A


                                                                      Page 4
ispLEVER Classic 1.7.00.05.28.13  -  Device Utilization Chart         Thu Jun 25 12:18:12 2015

mmu_gal.bls 

P16V8AS Resource Allocations:
--------------------------------------------------------------------------------



        Device        | Resource  |   Design    |
       Resources      | Available | Requirement | Unused
======================|===========|=============|==============
                      |           |             |
Input Pins:           |           |             |
                      |           |             |
          Input:      |     10    |     10      |    0 (  0 %)
                      |           |             |
Output Pins:          |           |             |
                      |           |             |
          In/Out:     |      6    |      4      |    2 ( 33 %)
          Output:     |      2    |      2      |    0 (  0 %)
                      |           |             |
Buried Nodes:         |           |             |
                      |           |             |
          Input Reg:  |      -    |      -      |    -
            Pin Reg:  |      -    |      -      |    -
          Buried Reg: |      -    |      -      |    -


                                                                      Page 5
ispLEVER Classic 1.7.00.05.28.13  -  Device Utilization Chart         Thu Jun 25 12:18:12 2015

mmu_gal.bls 

P16V8AS Product Terms Distribution:
--------------------------------------------------------------------------------



            Signal                       |    Pin   | Terms | Terms | Terms
             Name                        | Assigned | Used  |  Max  | Unused
=========================================|==========|=======|=======|=======
MEMENA                                   |   19     |   2   |   8   |   6
MMURD                                    |   15     |   1   |   8   |   7
MMUWR                                    |   16     |   1   |   8   |   7


     ==== List of Inputs/Feedbacks ====

Signal Name                              | Pin      | Pin Type
=========================================|==========|=========
MEMENA.PIN                               |   19     | COMB FB
M1                                       |    1     | INPUT
A2                                       |    2     | INPUT
A1                                       |    3     | INPUT
A0                                       |    4     | INPUT
RD                                       |    5     | INPUT
RST                                      |    6     | INPUT
WR                                       |    7     | INPUT
IORQ                                     |    8     | INPUT
A7                                       |    9     | INPUT
A6                                       |   11     | INPUT
A5                                       |   18     | BIDIR
A4                                       |   17     | BIDIR
A3                                       |   14     | BIDIR


                                                                      Page 6
ispLEVER Classic 1.7.00.05.28.13  -  Device Utilization Chart         Thu Jun 25 12:18:12 2015

mmu_gal.bls 

P16V8AS Unused Resources:
--------------------------------------------------------------------------------



 Pin   |  Pin   |   Product   | Flip-flop
Number |  Type  |   Terms     |   Type
=======|========|=============|==========
   12  |  BIDIR | NORMAL  8   |    -   
   13  |  BIDIR | NORMAL  8   |    -   
