

Z/CPM Library Manager, Version 1.5 Copyright 1988 A.E. Hawley

Appending VVERSION.REL



Z/CPM Library Manager, Version 1.5 Copyright 1988 A.E. Hawley

Appending VIDS.REL



Z/CPM Library Manager, Version 1.5 Copyright 1988 A.E. Hawley

Appending VIDR.REL



Z/CPM Library Manager, Version 1.5 Copyright 1988 A.E. Hawley

Appending VIDQ.REL



Z/CPM Library Manager, Version 1.5 Copyright 1988 A.E. Hawley

Appending VIDP.REL



Z/CPM Library Manager, Version 1.5 Copyright 1988 A.E. Hawley

Appending VIDJ.REL



Z/CPM Library Manager, Version 1.5 Copyright 1988 A.E. Hawley

Appending VIDH.REL



Z/CPM Library Manager, Version 1.5 Copyright 1988 A.E. Hawley

Appending VIDF.REL



Z/CPM Library Manager, Version 1.5 Copyright 1988 A.E. Hawley

Appending VIDG.REL



Z/CPM Library Manager, Version 1.5 Copyright 1988 A.E. Hawley

Appending VIDD.REL



Z/CPM Library Manager, Version 1.5 Copyright 1988 A.E. Hawley

Appending VIDI.REL



Z/CPM Library Manager, Version 1.5 Copyright 1988 A.E. Hawley

Appending VIDE.REL



Z/CPM Library Manager, Version 1.5 Copyright 1988 A.E. Hawley

Appending VIDK.REL



Z/CPM Library Manager, Version 1.5 Copyright 1988 A.E. Hawley

Appending VIDL.REL



Z/CPM Library Manager, Version 1.5 Copyright 1988 A.E. Hawley

Appending VIDM.REL



Z/CPM Library Manager, Version 1.5 Copyright 1988 A.E. Hawley

Appending VIDO.REL



Z/CPM Library Manager, Version 1.5 Copyright 1988 A.E. Hawley

Appending VIDN.REL



Z/CPM Library Manager, Version 1.5 Copyright 1988 A.E. Hawley

Appending VLGXYMSG.REL



Z/CPM Library Manager, Version 1.5 Copyright 1988 A.E. Hawley

Appending VLAT.REL



Z/CPM Library Manager, Version 1.5 Copyright 1988 A.E. Hawley

Appending VID2.REL



Z/CPM Library Manager, Version 1.5 Copyright 1988 A.E. Hawley

Appending VID34.REL



Z/CPM Library Manager, Version 1.5 Copyright 1988 A.E. Hawley

Appending VID56.REL



Z/CPM Library Manager, Version 1.5 Copyright 1988 A.E. Hawley

Appending VIDC.REL



Z/CPM Library Manager, Version 1.5 Copyright 1988 A.E. Hawley

Appending VID1.REL



Z/CPM Library Manager, Version 1.5 Copyright 1988 A.E. Hawley

Appending VID7.REL



Z/CPM Library Manager, Version 1.5 Copyright 1988 A.E. Hawley

Appending VID89.REL



Z/CPM Library Manager, Version 1.5 Copyright 1988 A.E. Hawley

Appending VIDAB.REL

