This file contains any messages produced by compilers while
running configure, to aid debugging if configure makes a mistake.

It was created by configure, which was
generated by GNU Autoconf 2.68.  Invocation command line was

  $ ./configure 

## --------- ##
## Platform. ##
## --------- ##

hostname = vger.home.site
uname -m = x86_64
uname -r = 4.14.12-1-default
uname -s = Linux
uname -v = #1 SMP PREEMPT Fri Jan 5 18:15:55 UTC 2018 (3cf399e)

/usr/bin/uname -p = x86_64
/bin/uname -X     = unknown

/bin/arch              = x86_64
/usr/bin/arch -k       = unknown
/usr/convex/getsysinfo = unknown
/usr/bin/hostinfo      = unknown
/bin/machine           = unknown
/usr/bin/oslevel       = unknown
/bin/universe          = unknown

PATH: /home/pbetti/bin
PATH: /home/pbetti/bin
PATH: /usr/local/bin
PATH: /usr/bin
PATH: /bin
PATH: /usr/lib/mit/bin
PATH: /usr/lib/mit/sbin
PATH: .


## ----------- ##
## Core tests. ##
## ----------- ##

configure:2134: loading site script /usr/share/site/x86_64-unknown-linux-gnu
| #!/bin/sh
| # Site script for configure. It is resourced via $CONFIG_SITE environment varaible.
| 
| # If user did not specify libdir, guess the correct target:
| # Use lib64 for 64 bit bi-arch targets, keep the default for the rest.
| if test "$libdir" = '${exec_prefix}/lib' ; then
| 
| 	ac_config_site_64bit_host=NONE
| 
| 	case "$host" in
| 	"" )
| 		# User did not specify host target.
| 		# The native platform x86_64 is a bi-arch platform.
| 		# Try to detect cross-compilation to inferior architecture.
| 
| 		# We are trying to guess 32-bit target compilation. It's not as easy as
| 		# it sounds, as there is possible several intermediate combinations.
| 		ac_config_site_cross_to_32bit_host=NONE
| 
| 		# User defined -m32 in CFLAGS or CXXFLAGS or CC or CXX:
| 		# (It's sufficient for 32-bit, but alone may cause mis-behavior of some checks.)
| 		case "$CFLAGS $CXXFLAGS $CC $CXX" in
| 		*-m32*)
| 			ac_config_site_cross_to_32bit_host=YES
| 			;;
| 		esac
| 
| 		# Running with linux32:
| 		# (Changes detected platform, but not the toolchain target.)
| 		case "`/bin/uname -i`" in
| 		x86_64 | ppc64 | s390x | aarch64 )
| 			;;
| 		* )
| 			ac_config_site_cross_to_32bit_host=YES
| 			;;
| 		esac
| 
| 		if test "x$ac_config_site_cross_to_32bit_host" = xNONE; then
| 			ac_config_site_64bit_host=YES
| 		fi
| 
| 		;;
| 	*x86_64* | *ppc64* | *s390x* | *aarch64* )
| 		ac_config_site_64bit_host=YES
| 		;;
| 	esac
| 
| 	if test "x$ac_config_site_64bit_host" = xYES; then
| 		libdir='${exec_prefix}/lib64'
| 	fi
| fi
| 
| # If user did not specify libexecdir, set the correct target:
| # Nor FHS nor openSUSE allow prefix/libexec. Let's default to prefix/lib.
| 
| if test "$libexecdir" = '${exec_prefix}/libexec' ; then
| 	libexecdir='${exec_prefix}/lib'
| fi
| 
| # Continue with the standard behavior of configure defined in AC_SITE_LOAD:
| if test "x$prefix" != xNONE; then
| 	ac_site_file1=$prefix/share/config.site
| 	ac_site_file2=$prefix/etc/config.site
| else
| 	ac_site_file1=$ac_default_prefix/share/config.site
| 	ac_site_file2=$ac_default_prefix/etc/config.site
| fi
| for ac_site_file in "$ac_site_file1" "$ac_site_file2"
| do
| 	test "x$ac_site_file" = xNONE && continue
| 	if test /dev/null != "$ac_site_file" && test -r "$ac_site_file"; then
| 		{ $as_echo "/usr/share/site/x86_64-unknown-linux-gnu:${as_lineno-$LINENO}: loading site script $ac_site_file" >&5
| $as_echo "/usr/share/site/x86_64-unknown-linux-gnu: loading site script $ac_site_file" >&6;}
| 		sed 's/^/| /' "$ac_site_file" >&5
| 		. "$ac_site_file" \
| 			|| { { $as_echo "/usr/share/site/x86_64-unknown-linux-gnu:${as_lineno-$LINENO}: error: in \`$ac_pwd':" >&5
| $as_echo "/usr/share/site/x86_64-unknown-linux-gnu: error: in \`$ac_pwd':" >&2;}
| as_fn_error $? "failed to load site script $ac_site_file
| See \`config.log' for more details" "$LINENO" 5; }
| 	fi
| done
configure:2278: checking for a BSD-compatible install
configure:2346: result: /usr/bin/install -c
configure:2357: checking whether build environment is sane
configure:2407: result: yes
configure:2548: checking for a thread-safe mkdir -p
configure:2587: result: /usr/bin/mkdir -p
configure:2600: checking for gawk
configure:2616: found /usr/bin/gawk
configure:2627: result: gawk
configure:2638: checking whether make sets $(MAKE)
configure:2660: result: yes
configure:2771: checking build system type
configure:2785: result: x86_64-unknown-linux-gnu
configure:2805: checking host system type
configure:2818: result: x86_64-unknown-linux-gnu
configure:2859: checking how to print strings
configure:2886: result: printf
configure:2919: checking for style of include used by make
configure:2947: result: GNU
configure:3018: checking for gcc
configure:3034: found /usr/bin/gcc
configure:3045: result: gcc
configure:3274: checking for C compiler version
configure:3283: gcc --version >&5
gcc (SUSE Linux) 7.2.1 20171020 [gcc-7-branch revision 253932]
Copyright (C) 2017 Free Software Foundation, Inc.
This is free software; see the source for copying conditions.  There is NO
warranty; not even for MERCHANTABILITY or FITNESS FOR A PARTICULAR PURPOSE.

configure:3294: $? = 0
configure:3283: gcc -v >&5
Using built-in specs.
COLLECT_GCC=gcc
COLLECT_LTO_WRAPPER=/usr/lib64/gcc/x86_64-suse-linux/7/lto-wrapper
OFFLOAD_TARGET_NAMES=hsa:nvptx-none
Target: x86_64-suse-linux
Configured with: ../configure --prefix=/usr --infodir=/usr/share/info --mandir=/usr/share/man --libdir=/usr/lib64 --libexecdir=/usr/lib64 --enable-languages=c,c++,objc,fortran,obj-c++,ada,go --enable-offload-targets=hsa,nvptx-none=/usr/nvptx-none, --without-cuda-driver --enable-checking=release --disable-werror --with-gxx-include-dir=/usr/include/c++/7 --enable-ssp --disable-libssp --disable-libvtv --disable-libcc1 --enable-plugin --with-bugurl=http://bugs.opensuse.org/ --with-pkgversion='SUSE Linux' --with-slibdir=/lib64 --with-system-zlib --enable-__cxa_atexit --enable-libstdcxx-allocator=new --disable-libstdcxx-pch --enable-version-specific-runtime-libs --with-gcc-major-version-only --enable-linker-build-id --enable-linux-futex --enable-gnu-indirect-function --program-suffix=-7 --without-system-libunwind --enable-multilib --with-arch-32=x86-64 --with-tune=generic --build=x86_64-suse-linux --host=x86_64-suse-linux
Thread model: posix
gcc version 7.2.1 20171020 [gcc-7-branch revision 253932] (SUSE Linux) 
configure:3294: $? = 0
configure:3283: gcc -V >&5
gcc: error: unrecognized command line option '-V'
gcc: fatal error: no input files
compilation terminated.
configure:3294: $? = 1
configure:3283: gcc -qversion >&5
gcc: error: unrecognized command line option '-qversion'; did you mean '--version'?
gcc: fatal error: no input files
compilation terminated.
configure:3294: $? = 1
configure:3314: checking whether the C compiler works
configure:3336: gcc    conftest.c  >&5
configure:3340: $? = 0
configure:3388: result: yes
configure:3391: checking for C compiler default output file name
configure:3393: result: a.out
configure:3399: checking for suffix of executables
configure:3406: gcc -o conftest    conftest.c  >&5
configure:3410: $? = 0
configure:3432: result: 
configure:3454: checking whether we are cross compiling
configure:3462: gcc -o conftest    conftest.c  >&5
configure:3466: $? = 0
configure:3473: ./conftest
configure:3477: $? = 0
configure:3492: result: no
configure:3497: checking for suffix of object files
configure:3519: gcc -c   conftest.c >&5
configure:3523: $? = 0
configure:3544: result: o
configure:3548: checking whether we are using the GNU C compiler
configure:3567: gcc -c   conftest.c >&5
configure:3567: $? = 0
configure:3576: result: yes
configure:3585: checking whether gcc accepts -g
configure:3605: gcc -c -g  conftest.c >&5
configure:3605: $? = 0
configure:3646: result: yes
configure:3663: checking for gcc option to accept ISO C89
configure:3727: gcc  -c -g -O2  conftest.c >&5
configure:3727: $? = 0
configure:3740: result: none needed
configure:3762: checking dependency style of gcc
configure:3873: result: gcc3
configure:3888: checking for a sed that does not truncate output
configure:3952: result: /usr/bin/sed
configure:3970: checking for grep that handles long lines and -e
configure:4028: result: /usr/bin/grep
configure:4033: checking for egrep
configure:4095: result: /usr/bin/grep -E
configure:4100: checking for fgrep
configure:4162: result: /usr/bin/grep -F
configure:4197: checking for ld used by gcc
configure:4264: result: /usr/x86_64-suse-linux/bin/ld
configure:4271: checking if the linker (/usr/x86_64-suse-linux/bin/ld) is GNU ld
configure:4286: result: yes
configure:4298: checking for BSD- or MS-compatible name lister (nm)
configure:4347: result: /usr/bin/nm -B
configure:4477: checking the name lister (/usr/bin/nm -B) interface
configure:4484: gcc -c -g -O2  conftest.c >&5
configure:4487: /usr/bin/nm -B "conftest.o"
configure:4490: output
0000000000000000 B some_variable
configure:4497: result: BSD nm
configure:4500: checking whether ln -s works
configure:4504: result: yes
configure:4512: checking the maximum length of command line arguments
configure:4642: result: 1572864
configure:4659: checking whether the shell understands some XSI constructs
configure:4669: result: yes
configure:4673: checking whether the shell understands "+="
configure:4679: result: yes
configure:4714: checking how to convert x86_64-unknown-linux-gnu file names to x86_64-unknown-linux-gnu format
configure:4754: result: func_convert_file_noop
configure:4761: checking how to convert x86_64-unknown-linux-gnu file names to toolchain format
configure:4781: result: func_convert_file_noop
configure:4788: checking for /usr/x86_64-suse-linux/bin/ld option to reload object files
configure:4795: result: -r
configure:4869: checking for objdump
configure:4885: found /usr/bin/objdump
configure:4896: result: objdump
configure:4928: checking how to recognize dependent libraries
configure:5130: result: pass_all
configure:5215: checking for dlltool
configure:5245: result: no
configure:5275: checking how to associate runtime and link libraries
configure:5302: result: printf %s\n
configure:5363: checking for ar
configure:5379: found /usr/bin/ar
configure:5390: result: ar
configure:5427: checking for archiver @FILE support
configure:5444: gcc -c -g -O2  conftest.c >&5
configure:5444: $? = 0
configure:5447: ar cru libconftest.a @conftest.lst >&5
configure:5450: $? = 0
configure:5455: ar cru libconftest.a @conftest.lst >&5
ar: conftest.o: No such file or directory
configure:5458: $? = 1
configure:5470: result: @
configure:5528: checking for strip
configure:5544: found /usr/bin/strip
configure:5555: result: strip
configure:5627: checking for ranlib
configure:5643: found /usr/bin/ranlib
configure:5654: result: ranlib
configure:5756: checking command to parse /usr/bin/nm -B output from gcc object
configure:5876: gcc -c -g -O2  conftest.c >&5
configure:5879: $? = 0
configure:5883: /usr/bin/nm -B conftest.o \| sed -n -e 's/^.*[ ]\([ABCDGIRSTW][ABCDGIRSTW]*\)[ ][ ]*\([_A-Za-z][_A-Za-z0-9]*\)$/\1 \2 \2/p' | sed '/ __gnu_lto/d' \> conftest.nm
configure:5886: $? = 0
configure:5952: gcc -o conftest -g -O2   conftest.c conftstm.o >&5
configure:5955: $? = 0
configure:5993: result: ok
configure:6030: checking for sysroot
configure:6060: result: no
configure:6137: gcc -c -g -O2  conftest.c >&5
configure:6140: $? = 0
configure:6316: checking for mt
configure:6332: found /usr/bin/mt
configure:6343: result: mt
configure:6366: checking if mt is a manifest tool
configure:6372: mt '-?'
usage: mt [-v] [--version] [-h] [ -f device ] command [ count ]
configure:6380: result: no
configure:7022: checking how to run the C preprocessor
configure:7053: gcc -E  conftest.c
configure:7053: $? = 0
configure:7067: gcc -E  conftest.c
conftest.c:11:10: fatal error: ac_nonexistent.h: No such file or directory
 #include <ac_nonexistent.h>
          ^~~~~~~~~~~~~~~~~~
compilation terminated.
configure:7067: $? = 1
configure: failed program was:
| /* confdefs.h */
| #define PACKAGE_NAME ""
| #define PACKAGE_TARNAME ""
| #define PACKAGE_VERSION ""
| #define PACKAGE_STRING ""
| #define PACKAGE_BUGREPORT ""
| #define PACKAGE_URL ""
| #define PACKAGE "zxcc"
| #define VERSION "0.5.7"
| /* end confdefs.h.  */
| #include <ac_nonexistent.h>
configure:7092: result: gcc -E
configure:7112: gcc -E  conftest.c
configure:7112: $? = 0
configure:7126: gcc -E  conftest.c
conftest.c:11:10: fatal error: ac_nonexistent.h: No such file or directory
 #include <ac_nonexistent.h>
          ^~~~~~~~~~~~~~~~~~
compilation terminated.
configure:7126: $? = 1
configure: failed program was:
| /* confdefs.h */
| #define PACKAGE_NAME ""
| #define PACKAGE_TARNAME ""
| #define PACKAGE_VERSION ""
| #define PACKAGE_STRING ""
| #define PACKAGE_BUGREPORT ""
| #define PACKAGE_URL ""
| #define PACKAGE "zxcc"
| #define VERSION "0.5.7"
| /* end confdefs.h.  */
| #include <ac_nonexistent.h>
configure:7155: checking for ANSI C header files
configure:7175: gcc -c -g -O2  conftest.c >&5
configure:7175: $? = 0
configure:7248: gcc -o conftest -g -O2   conftest.c  >&5
configure:7248: $? = 0
configure:7248: ./conftest
configure:7248: $? = 0
configure:7259: result: yes
configure:7272: checking for sys/types.h
configure:7272: gcc -c -g -O2  conftest.c >&5
configure:7272: $? = 0
configure:7272: result: yes
configure:7272: checking for sys/stat.h
configure:7272: gcc -c -g -O2  conftest.c >&5
configure:7272: $? = 0
configure:7272: result: yes
configure:7272: checking for stdlib.h
configure:7272: gcc -c -g -O2  conftest.c >&5
configure:7272: $? = 0
configure:7272: result: yes
configure:7272: checking for string.h
configure:7272: gcc -c -g -O2  conftest.c >&5
configure:7272: $? = 0
configure:7272: result: yes
configure:7272: checking for memory.h
configure:7272: gcc -c -g -O2  conftest.c >&5
configure:7272: $? = 0
configure:7272: result: yes
configure:7272: checking for strings.h
configure:7272: gcc -c -g -O2  conftest.c >&5
configure:7272: $? = 0
configure:7272: result: yes
configure:7272: checking for inttypes.h
configure:7272: gcc -c -g -O2  conftest.c >&5
configure:7272: $? = 0
configure:7272: result: yes
configure:7272: checking for stdint.h
configure:7272: gcc -c -g -O2  conftest.c >&5
configure:7272: $? = 0
configure:7272: result: yes
configure:7272: checking for unistd.h
configure:7272: gcc -c -g -O2  conftest.c >&5
configure:7272: $? = 0
configure:7272: result: yes
configure:7286: checking for dlfcn.h
configure:7286: gcc -c -g -O2  conftest.c >&5
configure:7286: $? = 0
configure:7286: result: yes
configure:7492: checking for objdir
configure:7507: result: .libs
configure:7778: checking if gcc supports -fno-rtti -fno-exceptions
configure:7796: gcc -c -g -O2  -fno-rtti -fno-exceptions conftest.c >&5
cc1: warning: command line option '-fno-rtti' is valid for C++/ObjC++ but not for C
configure:7800: $? = 0
configure:7813: result: no
configure:8140: checking for gcc option to produce PIC
configure:8147: result: -fPIC -DPIC
configure:8155: checking if gcc PIC flag -fPIC -DPIC works
configure:8173: gcc -c -g -O2  -fPIC -DPIC -DPIC conftest.c >&5
configure:8177: $? = 0
configure:8190: result: yes
configure:8219: checking if gcc static flag -static works
configure:8247: result: no
configure:8262: checking if gcc supports -c -o file.o
configure:8283: gcc -c -g -O2  -o out/conftest2.o conftest.c >&5
configure:8287: $? = 0
configure:8309: result: yes
configure:8317: checking if gcc supports -c -o file.o
configure:8364: result: yes
configure:8397: checking whether the gcc linker (/usr/x86_64-suse-linux/bin/ld -m elf_x86_64) supports shared libraries
configure:9554: result: yes
configure:9591: checking whether -lc should be explicitly linked in
configure:9599: gcc -c -g -O2  conftest.c >&5
configure:9602: $? = 0
configure:9617: gcc -shared  -fPIC -DPIC conftest.o  -v -Wl,-soname -Wl,conftest -o conftest 2\>\&1 \| /usr/bin/grep  -lc  \>/dev/null 2\>\&1
configure:9620: $? = 0
configure:9634: result: no
configure:9794: checking dynamic linker characteristics
configure:10305: gcc -o conftest -g -O2   -Wl,-rpath -Wl,/foo conftest.c  >&5
configure:10305: $? = 0
configure:10539: result: GNU/Linux ld.so
configure:10646: checking how to hardcode library paths into programs
configure:10671: result: immediate
configure:11211: checking whether stripping libraries is possible
configure:11216: result: yes
configure:11251: checking if libtool supports shared libraries
configure:11253: result: yes
configure:11256: checking whether to build shared libraries
configure:11277: result: yes
configure:11280: checking whether to build static libraries
configure:11284: result: yes
configure:11396: checking for gcc
configure:11423: result: gcc
configure:11652: checking for C compiler version
configure:11661: gcc --version >&5
gcc (SUSE Linux) 7.2.1 20171020 [gcc-7-branch revision 253932]
Copyright (C) 2017 Free Software Foundation, Inc.
This is free software; see the source for copying conditions.  There is NO
warranty; not even for MERCHANTABILITY or FITNESS FOR A PARTICULAR PURPOSE.

configure:11672: $? = 0
configure:11661: gcc -v >&5
Using built-in specs.
COLLECT_GCC=gcc
COLLECT_LTO_WRAPPER=/usr/lib64/gcc/x86_64-suse-linux/7/lto-wrapper
OFFLOAD_TARGET_NAMES=hsa:nvptx-none
Target: x86_64-suse-linux
Configured with: ../configure --prefix=/usr --infodir=/usr/share/info --mandir=/usr/share/man --libdir=/usr/lib64 --libexecdir=/usr/lib64 --enable-languages=c,c++,objc,fortran,obj-c++,ada,go --enable-offload-targets=hsa,nvptx-none=/usr/nvptx-none, --without-cuda-driver --enable-checking=release --disable-werror --with-gxx-include-dir=/usr/include/c++/7 --enable-ssp --disable-libssp --disable-libvtv --disable-libcc1 --enable-plugin --with-bugurl=http://bugs.opensuse.org/ --with-pkgversion='SUSE Linux' --with-slibdir=/lib64 --with-system-zlib --enable-__cxa_atexit --enable-libstdcxx-allocator=new --disable-libstdcxx-pch --enable-version-specific-runtime-libs --with-gcc-major-version-only --enable-linker-build-id --enable-linux-futex --enable-gnu-indirect-function --program-suffix=-7 --without-system-libunwind --enable-multilib --with-arch-32=x86-64 --with-tune=generic --build=x86_64-suse-linux --host=x86_64-suse-linux
Thread model: posix
gcc version 7.2.1 20171020 [gcc-7-branch revision 253932] (SUSE Linux) 
configure:11672: $? = 0
configure:11661: gcc -V >&5
gcc: error: unrecognized command line option '-V'
gcc: fatal error: no input files
compilation terminated.
configure:11672: $? = 1
configure:11661: gcc -qversion >&5
gcc: error: unrecognized command line option '-qversion'; did you mean '--version'?
gcc: fatal error: no input files
compilation terminated.
configure:11672: $? = 1
configure:11676: checking whether we are using the GNU C compiler
configure:11704: result: yes
configure:11713: checking whether gcc accepts -g
configure:11774: result: yes
configure:11791: checking for gcc option to accept ISO C89
configure:11868: result: none needed
configure:11890: checking dependency style of gcc
configure:12001: result: gcc3
configure:12069: checking for printw in -lncurses
configure:12094: gcc -o conftest -g -O2   conftest.c -lncurses   >&5
configure:12094: $? = 0
configure:12103: result: yes
configure:12114: checking for printw in -lcurses
configure:12139: gcc -o conftest -g -O2   conftest.c -lcurses  -lncurses  >&5
/usr/lib64/gcc/x86_64-suse-linux/7/../../../../x86_64-suse-linux/bin/ld: cannot find -lcurses
collect2: error: ld returned 1 exit status
configure:12139: $? = 1
configure: failed program was:
| /* confdefs.h */
| #define PACKAGE_NAME ""
| #define PACKAGE_TARNAME ""
| #define PACKAGE_VERSION ""
| #define PACKAGE_STRING ""
| #define PACKAGE_BUGREPORT ""
| #define PACKAGE_URL ""
| #define PACKAGE "zxcc"
| #define VERSION "0.5.7"
| #define STDC_HEADERS 1
| #define HAVE_SYS_TYPES_H 1
| #define HAVE_SYS_STAT_H 1
| #define HAVE_STDLIB_H 1
| #define HAVE_STRING_H 1
| #define HAVE_MEMORY_H 1
| #define HAVE_STRINGS_H 1
| #define HAVE_INTTYPES_H 1
| #define HAVE_STDINT_H 1
| #define HAVE_UNISTD_H 1
| #define HAVE_DLFCN_H 1
| #define LT_OBJDIR ".libs/"
| #define HAVE_LIBNCURSES 1
| /* end confdefs.h.  */
| 
| /* Override any GCC internal prototype to avoid an error.
|    Use char because int might match the return type of a GCC
|    builtin and then its argument prototype would still apply.  */
| #ifdef __cplusplus
| extern "C"
| #endif
| char printw ();
| int
| main ()
| {
| return printw ();
|   ;
|   return 0;
| }
configure:12148: result: no
configure:12171: checking for ANSI C header files
configure:12275: result: yes
configure:12286: checking fcntl.h usability
configure:12286: gcc -c -g -O2  -I/home/pbetti/elettronica/Z80-CPM/hardware/Z80DarkStar/support/zxcc/zxcc-0.5.7/cpmio/include -DUSE_CPMIO -I/home/pbetti/elettronica/Z80-CPM/hardware/Z80DarkStar/support/zxcc/zxcc-0.5.7/cpmredir/include -DZXCC conftest.c >&5
configure:12286: $? = 0
configure:12286: result: yes
configure:12286: checking fcntl.h presence
configure:12286: gcc -E  -I/home/pbetti/elettronica/Z80-CPM/hardware/Z80DarkStar/support/zxcc/zxcc-0.5.7/cpmio/include -DUSE_CPMIO -I/home/pbetti/elettronica/Z80-CPM/hardware/Z80DarkStar/support/zxcc/zxcc-0.5.7/cpmredir/include -DZXCC conftest.c
configure:12286: $? = 0
configure:12286: result: yes
configure:12286: checking for fcntl.h
configure:12286: result: yes
configure:12286: checking for unistd.h
configure:12286: result: yes
configure:12286: checking sys/param.h usability
configure:12286: gcc -c -g -O2  -I/home/pbetti/elettronica/Z80-CPM/hardware/Z80DarkStar/support/zxcc/zxcc-0.5.7/cpmio/include -DUSE_CPMIO -I/home/pbetti/elettronica/Z80-CPM/hardware/Z80DarkStar/support/zxcc/zxcc-0.5.7/cpmredir/include -DZXCC conftest.c >&5
configure:12286: $? = 0
configure:12286: result: yes
configure:12286: checking sys/param.h presence
configure:12286: gcc -E  -I/home/pbetti/elettronica/Z80-CPM/hardware/Z80DarkStar/support/zxcc/zxcc-0.5.7/cpmio/include -DUSE_CPMIO -I/home/pbetti/elettronica/Z80-CPM/hardware/Z80DarkStar/support/zxcc/zxcc-0.5.7/cpmredir/include -DZXCC conftest.c
configure:12286: $? = 0
configure:12286: result: yes
configure:12286: checking for sys/param.h
configure:12286: result: yes
configure:12297: checking for off_t
configure:12297: gcc -c -g -O2  -I/home/pbetti/elettronica/Z80-CPM/hardware/Z80DarkStar/support/zxcc/zxcc-0.5.7/cpmio/include -DUSE_CPMIO -I/home/pbetti/elettronica/Z80-CPM/hardware/Z80DarkStar/support/zxcc/zxcc-0.5.7/cpmredir/include -DZXCC conftest.c >&5
configure:12297: $? = 0
configure:12297: gcc -c -g -O2  -I/home/pbetti/elettronica/Z80-CPM/hardware/Z80DarkStar/support/zxcc/zxcc-0.5.7/cpmio/include -DUSE_CPMIO -I/home/pbetti/elettronica/Z80-CPM/hardware/Z80DarkStar/support/zxcc/zxcc-0.5.7/cpmredir/include -DZXCC conftest.c >&5
conftest.c: In function 'main':
conftest.c:64:20: error: expected expression before ')' token
 if (sizeof ((off_t)))
                    ^
configure:12297: $? = 1
configure: failed program was:
| /* confdefs.h */
| #define PACKAGE_NAME ""
| #define PACKAGE_TARNAME ""
| #define PACKAGE_VERSION ""
| #define PACKAGE_STRING ""
| #define PACKAGE_BUGREPORT ""
| #define PACKAGE_URL ""
| #define PACKAGE "zxcc"
| #define VERSION "0.5.7"
| #define STDC_HEADERS 1
| #define HAVE_SYS_TYPES_H 1
| #define HAVE_SYS_STAT_H 1
| #define HAVE_STDLIB_H 1
| #define HAVE_STRING_H 1
| #define HAVE_MEMORY_H 1
| #define HAVE_STRINGS_H 1
| #define HAVE_INTTYPES_H 1
| #define HAVE_STDINT_H 1
| #define HAVE_UNISTD_H 1
| #define HAVE_DLFCN_H 1
| #define LT_OBJDIR ".libs/"
| #define HAVE_LIBNCURSES 1
| #define STDC_HEADERS 1
| #define HAVE_FCNTL_H 1
| #define HAVE_UNISTD_H 1
| #define HAVE_SYS_PARAM_H 1
| /* end confdefs.h.  */
| #include <stdio.h>
| #ifdef HAVE_SYS_TYPES_H
| # include <sys/types.h>
| #endif
| #ifdef HAVE_SYS_STAT_H
| # include <sys/stat.h>
| #endif
| #ifdef STDC_HEADERS
| # include <stdlib.h>
| # include <stddef.h>
| #else
| # ifdef HAVE_STDLIB_H
| #  include <stdlib.h>
| # endif
| #endif
| #ifdef HAVE_STRING_H
| # if !defined STDC_HEADERS && defined HAVE_MEMORY_H
| #  include <memory.h>
| # endif
| # include <string.h>
| #endif
| #ifdef HAVE_STRINGS_H
| # include <strings.h>
| #endif
| #ifdef HAVE_INTTYPES_H
| # include <inttypes.h>
| #endif
| #ifdef HAVE_STDINT_H
| # include <stdint.h>
| #endif
| #ifdef HAVE_UNISTD_H
| # include <unistd.h>
| #endif
| int
| main ()
| {
| if (sizeof ((off_t)))
| 	    return 0;
|   ;
|   return 0;
| }
configure:12297: result: yes
configure:12311: checking for vprintf
configure:12311: gcc -o conftest -g -O2  -I/home/pbetti/elettronica/Z80-CPM/hardware/Z80DarkStar/support/zxcc/zxcc-0.5.7/cpmio/include -DUSE_CPMIO -I/home/pbetti/elettronica/Z80-CPM/hardware/Z80DarkStar/support/zxcc/zxcc-0.5.7/cpmredir/include -DZXCC  -L/home/pbetti/elettronica/Z80-CPM/hardware/Z80DarkStar/support/zxcc/zxcc-0.5.7/cpmio/lib -L/home/pbetti/elettronica/Z80-CPM/hardware/Z80DarkStar/support/zxcc/zxcc-0.5.7/cpmredir/lib conftest.c -lncurses  >&5
conftest.c:51:6: warning: conflicting types for built-in function 'vprintf' [-Wbuiltin-declaration-mismatch]
 char vprintf ();
      ^~~~~~~
configure:12311: $? = 0
configure:12311: result: yes
configure:12317: checking for _doprnt
configure:12317: gcc -o conftest -g -O2  -I/home/pbetti/elettronica/Z80-CPM/hardware/Z80DarkStar/support/zxcc/zxcc-0.5.7/cpmio/include -DUSE_CPMIO -I/home/pbetti/elettronica/Z80-CPM/hardware/Z80DarkStar/support/zxcc/zxcc-0.5.7/cpmredir/include -DZXCC  -L/home/pbetti/elettronica/Z80-CPM/hardware/Z80DarkStar/support/zxcc/zxcc-0.5.7/cpmio/lib -L/home/pbetti/elettronica/Z80-CPM/hardware/Z80DarkStar/support/zxcc/zxcc-0.5.7/cpmredir/lib conftest.c -lncurses  >&5
/tmp/ccipHxXV.o: In function `main':
/home/pbetti/elettronica/Z80-CPM/hardware/Z80DarkStar/support/zxcc/zxcc-0.5.7/conftest.c:63: undefined reference to `_doprnt'
collect2: error: ld returned 1 exit status
configure:12317: $? = 1
configure: failed program was:
| /* confdefs.h */
| #define PACKAGE_NAME ""
| #define PACKAGE_TARNAME ""
| #define PACKAGE_VERSION ""
| #define PACKAGE_STRING ""
| #define PACKAGE_BUGREPORT ""
| #define PACKAGE_URL ""
| #define PACKAGE "zxcc"
| #define VERSION "0.5.7"
| #define STDC_HEADERS 1
| #define HAVE_SYS_TYPES_H 1
| #define HAVE_SYS_STAT_H 1
| #define HAVE_STDLIB_H 1
| #define HAVE_STRING_H 1
| #define HAVE_MEMORY_H 1
| #define HAVE_STRINGS_H 1
| #define HAVE_INTTYPES_H 1
| #define HAVE_STDINT_H 1
| #define HAVE_UNISTD_H 1
| #define HAVE_DLFCN_H 1
| #define LT_OBJDIR ".libs/"
| #define HAVE_LIBNCURSES 1
| #define STDC_HEADERS 1
| #define HAVE_FCNTL_H 1
| #define HAVE_UNISTD_H 1
| #define HAVE_SYS_PARAM_H 1
| #define HAVE_VPRINTF 1
| /* end confdefs.h.  */
| /* Define _doprnt to an innocuous variant, in case <limits.h> declares _doprnt.
|    For example, HP-UX 11i <limits.h> declares gettimeofday.  */
| #define _doprnt innocuous__doprnt
| 
| /* System header to define __stub macros and hopefully few prototypes,
|     which can conflict with char _doprnt (); below.
|     Prefer <limits.h> to <assert.h> if __STDC__ is defined, since
|     <limits.h> exists even on freestanding compilers.  */
| 
| #ifdef __STDC__
| # include <limits.h>
| #else
| # include <assert.h>
| #endif
| 
| #undef _doprnt
| 
| /* Override any GCC internal prototype to avoid an error.
|    Use char because int might match the return type of a GCC
|    builtin and then its argument prototype would still apply.  */
| #ifdef __cplusplus
| extern "C"
| #endif
| char _doprnt ();
| /* The GNU C library defines this for functions which it implements
|     to always fail with ENOSYS.  Some functions are actually named
|     something starting with __ and the normal name is an alias.  */
| #if defined __stub__doprnt || defined __stub____doprnt
| choke me
| #endif
| 
| int
| main ()
| {
| return _doprnt ();
|   ;
|   return 0;
| }
configure:12317: result: no
configure:12330: checking for strstr
configure:12330: gcc -o conftest -g -O2  -I/home/pbetti/elettronica/Z80-CPM/hardware/Z80DarkStar/support/zxcc/zxcc-0.5.7/cpmio/include -DUSE_CPMIO -I/home/pbetti/elettronica/Z80-CPM/hardware/Z80DarkStar/support/zxcc/zxcc-0.5.7/cpmredir/include -DZXCC  -L/home/pbetti/elettronica/Z80-CPM/hardware/Z80DarkStar/support/zxcc/zxcc-0.5.7/cpmio/lib -L/home/pbetti/elettronica/Z80-CPM/hardware/Z80DarkStar/support/zxcc/zxcc-0.5.7/cpmredir/lib conftest.c -lncurses  >&5
conftest.c:52:6: warning: conflicting types for built-in function 'strstr' [-Wbuiltin-declaration-mismatch]
 char strstr ();
      ^~~~~~
configure:12330: $? = 0
configure:12330: result: yes
configure:12493: creating ./config.status

## ---------------------- ##
## Running config.status. ##
## ---------------------- ##

This file was extended by config.status, which was
generated by GNU Autoconf 2.68.  Invocation command line was

  CONFIG_FILES    = 
  CONFIG_HEADERS  = 
  CONFIG_LINKS    = 
  CONFIG_COMMANDS = 
  $ ./config.status 

on vger.home.site

config.status:1102: creating Makefile
config.status:1102: creating bin/Makefile
config.status:1102: creating Z80/Makefile
config.status:1102: creating config.h
config.status:1331: executing depfiles commands
config.status:1331: executing libtool commands
configure:14799: === configuring in cpmio (/home/pbetti/elettronica/Z80-CPM/hardware/Z80DarkStar/support/zxcc/zxcc-0.5.7/cpmio)
configure:14862: running /bin/sh ./configure --disable-option-checking '--prefix=/usr/local'  --cache-file=/dev/null --srcdir=.
configure:14799: === configuring in cpmredir (/home/pbetti/elettronica/Z80-CPM/hardware/Z80DarkStar/support/zxcc/zxcc-0.5.7/cpmredir)
configure:14862: running /bin/sh ./configure --disable-option-checking '--prefix=/usr/local'  --cache-file=/dev/null --srcdir=.

## ---------------- ##
## Cache variables. ##
## ---------------- ##

ac_cv_build=x86_64-unknown-linux-gnu
ac_cv_c_compiler_gnu=yes
ac_cv_env_CC_set=
ac_cv_env_CC_value=
ac_cv_env_CFLAGS_set=
ac_cv_env_CFLAGS_value=
ac_cv_env_CPPFLAGS_set=
ac_cv_env_CPPFLAGS_value=
ac_cv_env_CPP_set=
ac_cv_env_CPP_value=
ac_cv_env_LDFLAGS_set=
ac_cv_env_LDFLAGS_value=
ac_cv_env_LIBS_set=
ac_cv_env_LIBS_value=
ac_cv_env_build_alias_set=
ac_cv_env_build_alias_value=
ac_cv_env_host_alias_set=
ac_cv_env_host_alias_value=
ac_cv_env_target_alias_set=
ac_cv_env_target_alias_value=
ac_cv_func__doprnt=no
ac_cv_func_strstr=yes
ac_cv_func_vprintf=yes
ac_cv_header_dlfcn_h=yes
ac_cv_header_fcntl_h=yes
ac_cv_header_inttypes_h=yes
ac_cv_header_memory_h=yes
ac_cv_header_stdc=yes
ac_cv_header_stdint_h=yes
ac_cv_header_stdlib_h=yes
ac_cv_header_string_h=yes
ac_cv_header_strings_h=yes
ac_cv_header_sys_param_h=yes
ac_cv_header_sys_stat_h=yes
ac_cv_header_sys_types_h=yes
ac_cv_header_unistd_h=yes
ac_cv_host=x86_64-unknown-linux-gnu
ac_cv_lib_curses_printw=no
ac_cv_lib_ncurses_printw=yes
ac_cv_objext=o
ac_cv_path_EGREP='/usr/bin/grep -E'
ac_cv_path_FGREP='/usr/bin/grep -F'
ac_cv_path_GREP=/usr/bin/grep
ac_cv_path_SED=/usr/bin/sed
ac_cv_path_install='/usr/bin/install -c'
ac_cv_path_mkdir=/usr/bin/mkdir
ac_cv_prog_AWK=gawk
ac_cv_prog_CPP='gcc -E'
ac_cv_prog_ac_ct_AR=ar
ac_cv_prog_ac_ct_CC=gcc
ac_cv_prog_ac_ct_MANIFEST_TOOL=mt
ac_cv_prog_ac_ct_OBJDUMP=objdump
ac_cv_prog_ac_ct_RANLIB=ranlib
ac_cv_prog_ac_ct_STRIP=strip
ac_cv_prog_cc_c89=
ac_cv_prog_cc_g=yes
ac_cv_prog_make_make_set=yes
ac_cv_type_off_t=yes
am_cv_CC_dependencies_compiler_type=gcc3
lt_cv_ar_at_file=@
lt_cv_archive_cmds_need_lc=no
lt_cv_deplibs_check_method=pass_all
lt_cv_file_magic_cmd='$MAGIC_CMD'
lt_cv_file_magic_test_file=
lt_cv_ld_reload_flag=-r
lt_cv_nm_interface='BSD nm'
lt_cv_objdir=.libs
lt_cv_path_LD=/usr/x86_64-suse-linux/bin/ld
lt_cv_path_NM='/usr/bin/nm -B'
lt_cv_path_mainfest_tool=no
lt_cv_prog_compiler_c_o=yes
lt_cv_prog_compiler_pic='-fPIC -DPIC'
lt_cv_prog_compiler_pic_works=yes
lt_cv_prog_compiler_rtti_exceptions=no
lt_cv_prog_compiler_static_works=no
lt_cv_prog_gnu_ld=yes
lt_cv_sharedlib_from_linklib_cmd='printf %s\n'
lt_cv_shlibpath_overrides_runpath=yes
lt_cv_sys_global_symbol_pipe='sed -n -e '\''s/^.*[	 ]\([ABCDGIRSTW][ABCDGIRSTW]*\)[	 ][	 ]*\([_A-Za-z][_A-Za-z0-9]*\)$/\1 \2 \2/p'\'' | sed '\''/ __gnu_lto/d'\'''
lt_cv_sys_global_symbol_to_c_name_address='sed -n -e '\''s/^: \([^ ]*\)[ ]*$/  {\"\1\", (void *) 0},/p'\'' -e '\''s/^[ABCDGIRSTW]* \([^ ]*\) \([^ ]*\)$/  {"\2", (void *) \&\2},/p'\'''
lt_cv_sys_global_symbol_to_c_name_address_lib_prefix='sed -n -e '\''s/^: \([^ ]*\)[ ]*$/  {\"\1\", (void *) 0},/p'\'' -e '\''s/^[ABCDGIRSTW]* \([^ ]*\) \(lib[^ ]*\)$/  {"\2", (void *) \&\2},/p'\'' -e '\''s/^[ABCDGIRSTW]* \([^ ]*\) \([^ ]*\)$/  {"lib\2", (void *) \&\2},/p'\'''
lt_cv_sys_global_symbol_to_cdecl='sed -n -e '\''s/^T .* \(.*\)$/extern int \1();/p'\'' -e '\''s/^[ABCDGIRSTW]* .* \(.*\)$/extern char \1;/p'\'''
lt_cv_sys_max_cmd_len=1572864
lt_cv_to_host_file_cmd=func_convert_file_noop
lt_cv_to_tool_file_cmd=func_convert_file_noop

## ----------------- ##
## Output variables. ##
## ----------------- ##

ACLOCAL='${SHELL} /home/pbetti/elettronica/Z80-CPM/hardware/Z80DarkStar/support/zxcc/zxcc-0.5.7/config/missing --run aclocal-1.11'
AMDEPBACKSLASH='\'
AMDEP_FALSE='#'
AMDEP_TRUE=''
AMTAR='$${TAR-tar}'
AR='ar'
AUTOCONF='${SHELL} /home/pbetti/elettronica/Z80-CPM/hardware/Z80DarkStar/support/zxcc/zxcc-0.5.7/config/missing --run autoconf'
AUTOHEADER='${SHELL} /home/pbetti/elettronica/Z80-CPM/hardware/Z80DarkStar/support/zxcc/zxcc-0.5.7/config/missing --run autoheader'
AUTOMAKE='${SHELL} /home/pbetti/elettronica/Z80-CPM/hardware/Z80DarkStar/support/zxcc/zxcc-0.5.7/config/missing --run automake-1.11'
AWK='gawk'
CC='gcc'
CCDEPMODE='depmode=gcc3'
CFLAGS='-g -O2'
CPP='gcc -E'
CPPFLAGS=' -I/home/pbetti/elettronica/Z80-CPM/hardware/Z80DarkStar/support/zxcc/zxcc-0.5.7/cpmio/include -DUSE_CPMIO -I/home/pbetti/elettronica/Z80-CPM/hardware/Z80DarkStar/support/zxcc/zxcc-0.5.7/cpmredir/include -DZXCC -DBINDIR80=\"${exec_prefix}/lib64/cpm/bin80/\" -DLIBDIR80=\"${exec_prefix}/lib64/cpm/lib80/\" -DINCDIR80=\"${exec_prefix}/lib64/cpm/include80/\"'
CYGPATH_W='echo'
DEFS='-DHAVE_CONFIG_H'
DEPDIR='.deps'
DLLTOOL='false'
DSYMUTIL=''
DUMPBIN=''
ECHO_C=''
ECHO_N='-n'
ECHO_T=''
EGREP='/usr/bin/grep -E'
EXEEXT=''
FGREP='/usr/bin/grep -F'
GREP='/usr/bin/grep'
INSTALL_DATA='${INSTALL} -m 644'
INSTALL_PROGRAM='${INSTALL}'
INSTALL_SCRIPT='${INSTALL}'
INSTALL_STRIP_PROGRAM='$(install_sh) -c -s'
LD='/usr/x86_64-suse-linux/bin/ld -m elf_x86_64'
LDFLAGS=' -L/home/pbetti/elettronica/Z80-CPM/hardware/Z80DarkStar/support/zxcc/zxcc-0.5.7/cpmio/lib -L/home/pbetti/elettronica/Z80-CPM/hardware/Z80DarkStar/support/zxcc/zxcc-0.5.7/cpmredir/lib'
LIBOBJS=''
LIBS='-lcpmredir -lcpmio -lncurses '
LIBTOOL='$(SHELL) $(top_builddir)/libtool'
LIPO=''
LN_S='ln -s'
LSUBDIRS=' cpmio cpmredir'
LTLIBOBJS=''
MAKEINFO='${SHELL} /home/pbetti/elettronica/Z80-CPM/hardware/Z80DarkStar/support/zxcc/zxcc-0.5.7/config/missing --run makeinfo'
MANIFEST_TOOL=':'
MKDIR_P='/usr/bin/mkdir -p'
NM='/usr/bin/nm -B'
NMEDIT=''
OBJDUMP='objdump'
OBJEXT='o'
OTOOL64=''
OTOOL=''
PACKAGE='zxcc'
PACKAGE_BUGREPORT=''
PACKAGE_NAME=''
PACKAGE_STRING=''
PACKAGE_TARNAME=''
PACKAGE_URL=''
PACKAGE_VERSION=''
PATH_SEPARATOR=':'
RANLIB='ranlib'
SED='/usr/bin/sed'
SET_MAKE=''
SHELL='/bin/sh'
STRIP='strip'
VERSION='0.5.7'
ac_ct_AR='ar'
ac_ct_CC='gcc'
ac_ct_DUMPBIN=''
am__EXEEXT_FALSE=''
am__EXEEXT_TRUE='#'
am__fastdepCC_FALSE='#'
am__fastdepCC_TRUE=''
am__include='include'
am__isrc=''
am__leading_dot='.'
am__nodep='_no'
am__quote=''
am__tar='$${TAR-tar} chof - "$$tardir"'
am__untar='$${TAR-tar} xf -'
bindir='${exec_prefix}/bin'
build='x86_64-unknown-linux-gnu'
build_alias=''
build_cpu='x86_64'
build_os='linux-gnu'
build_vendor='unknown'
datadir='${datarootdir}'
datarootdir='${prefix}/share'
docdir='${datarootdir}/doc/${PACKAGE}'
dvidir='${docdir}'
exec_prefix='${prefix}'
host='x86_64-unknown-linux-gnu'
host_alias=''
host_cpu='x86_64'
host_os='linux-gnu'
host_vendor='unknown'
htmldir='${docdir}'
includedir='${prefix}/include'
infodir='${datarootdir}/info'
install_sh='${SHELL} /home/pbetti/elettronica/Z80-CPM/hardware/Z80DarkStar/support/zxcc/zxcc-0.5.7/config/install-sh'
libdir='${exec_prefix}/lib64'
libexecdir='${exec_prefix}/lib'
localedir='${datarootdir}/locale'
localstatedir='${prefix}/var'
mandir='${datarootdir}/man'
mkdir_p='/usr/bin/mkdir -p'
oldincludedir='/usr/include'
pdfdir='${docdir}'
prefix='/usr/local'
program_transform_name='s,x,x,'
psdir='${docdir}'
sbindir='${exec_prefix}/sbin'
sharedstatedir='${prefix}/com'
subdirs='  cpmio cpmredir'
sysconfdir='${prefix}/etc'
target_alias=''

## ----------- ##
## confdefs.h. ##
## ----------- ##

/* confdefs.h */
#define PACKAGE_NAME ""
#define PACKAGE_TARNAME ""
#define PACKAGE_VERSION ""
#define PACKAGE_STRING ""
#define PACKAGE_BUGREPORT ""
#define PACKAGE_URL ""
#define PACKAGE "zxcc"
#define VERSION "0.5.7"
#define STDC_HEADERS 1
#define HAVE_SYS_TYPES_H 1
#define HAVE_SYS_STAT_H 1
#define HAVE_STDLIB_H 1
#define HAVE_STRING_H 1
#define HAVE_MEMORY_H 1
#define HAVE_STRINGS_H 1
#define HAVE_INTTYPES_H 1
#define HAVE_STDINT_H 1
#define HAVE_UNISTD_H 1
#define HAVE_DLFCN_H 1
#define LT_OBJDIR ".libs/"
#define HAVE_LIBNCURSES 1
#define STDC_HEADERS 1
#define HAVE_FCNTL_H 1
#define HAVE_UNISTD_H 1
#define HAVE_SYS_PARAM_H 1
#define HAVE_VPRINTF 1
#define HAVE_STRSTR 1

configure: exit 0
