assembling bcdbin.z80

No Fatal error(s)

assembling binbcd.z80

No Fatal error(s)

assembling d2mtim.z80

No Fatal error(s)

assembling d2ptim.z80

No Fatal error(s)

assembling dcktdf.z80

No Fatal error(s)

assembling dddirqs.z80

No Fatal error(s)

assembling dddirq.z80

No Fatal error(s)

assembling ddir05.z80

No Fatal error(s)

assembling ddir06.z80

No Fatal error(s)

assembling ddir07.z80

No Fatal error(s)

assembling ddir08.z80

No Fatal error(s)

assembling ddir09.z80

No Fatal error(s)

assembling ddir.z80

No Fatal error(s)

assembling ddostype.z80

No Fatal error(s)

assembling ddsclk.z80

No Fatal error(s)

assembling dfstnxt.z80

No Fatal error(s)

assembling dgettd.z80

No Fatal error(s)

assembling dsettd.z80

No Fatal error(s)

assembling dtdfils.z80

No Fatal error(s)

assembling dtimini.z80

No Fatal error(s)

assembling dversion.z80

No Fatal error(s)

assembling getstamp.z80

No Fatal error(s)

assembling m2dtim.z80

No Fatal error(s)

assembling p2dtim.z80

No Fatal error(s)

assembling putstamp.z80

No Fatal error(s)



Z/CPM Library Manager, Version 1.5 Copyright 1988 A.E. Hawley

Appending DDDIRQS.REL



Z/CPM Library Manager, Version 1.5 Copyright 1988 A.E. Hawley

Appending DDDIRQ.REL



Z/CPM Library Manager, Version 1.5 Copyright 1988 A.E. Hawley

Appending DDIR.REL



Z/CPM Library Manager, Version 1.5 Copyright 1988 A.E. Hawley

Appending DDIR05.REL



Z/CPM Library Manager, Version 1.5 Copyright 1988 A.E. Hawley

Appending DDIR06.REL



Z/CPM Library Manager, Version 1.5 Copyright 1988 A.E. Hawley

Appending DDIR07.REL



Z/CPM Library Manager, Version 1.5 Copyright 1988 A.E. Hawley

Appending DDIR08.REL



Z/CPM Library Manager, Version 1.5 Copyright 1988 A.E. Hawley

Appending DDIR09.REL



Z/CPM Library Manager, Version 1.5 Copyright 1988 A.E. Hawley

Appending GETSTAMP.REL



Z/CPM Library Manager, Version 1.5 Copyright 1988 A.E. Hawley

Appending PUTSTAMP.REL



Z/CPM Library Manager, Version 1.5 Copyright 1988 A.E. Hawley

Appending DTIMINI.REL



Z/CPM Library Manager, Version 1.5 Copyright 1988 A.E. Hawley

Appending DDOSTYPE.REL



Z/CPM Library Manager, Version 1.5 Copyright 1988 A.E. Hawley

Appending D2PTIM.REL



Z/CPM Library Manager, Version 1.5 Copyright 1988 A.E. Hawley

Appending P2DTIM.REL



Z/CPM Library Manager, Version 1.5 Copyright 1988 A.E. Hawley

Appending D2MTIM.REL



Z/CPM Library Manager, Version 1.5 Copyright 1988 A.E. Hawley

Appending M2DTIM.REL



Z/CPM Library Manager, Version 1.5 Copyright 1988 A.E. Hawley

Appending DGETTD.REL



Z/CPM Library Manager, Version 1.5 Copyright 1988 A.E. Hawley

Appending DSETTD.REL



Z/CPM Library Manager, Version 1.5 Copyright 1988 A.E. Hawley

Appending DTDFILS.REL



Z/CPM Library Manager, Version 1.5 Copyright 1988 A.E. Hawley

Appending DCKTDF.REL



Z/CPM Library Manager, Version 1.5 Copyright 1988 A.E. Hawley

Appending DFSTNXT.REL



Z/CPM Library Manager, Version 1.5 Copyright 1988 A.E. Hawley

Appending DDSCLK.REL



Z/CPM Library Manager, Version 1.5 Copyright 1988 A.E. Hawley

Appending BCDBIN.REL



Z/CPM Library Manager, Version 1.5 Copyright 1988 A.E. Hawley

Appending BINBCD.REL



Z/CPM Library Manager, Version 1.5 Copyright 1988 A.E. Hawley

Appending DVERSION.REL

