   1:			;
   2:			; test receive 1
   3:			;
   4:			
   5:	0001          	INIT	equ	$1
   6:	0005          	READY	equ	$5
   7:	0007          	ACK	equ	$7
   8:	0003          	OKGO	equ	$3
   9:			
  10:	0003          	DATAP	equ	$3
  11:	0002          	CNTRP	equ	$2
  12:	008F          	BEEPP	equ	$8f
  13:	7000          	BUFFER	equ	$7000
  14:	FB10          	PRINT	equ	$0fb10
  15:	3043          	RAM3BUF	equ	$3043
  16:	F0E7          	CLEAR	equ	$0f0e7
  17:	FA9C          	CONSTR  equ	$0fa9c
  18:	F06E          	LOCATE	equ	$0f06e
  19:			
  20:	E100          		org $e100
  21:			
  22:	E100          	START:
  23:	E100  CDE7F0  		call CLEAR
  24:			;	ld hl,$0000
  25:			;	call LOCATE
  26:			;	ld b, $0ff
  27:			;LOOP:
  28:			;	ld c, b
  29:			;	call PRINT
  30:			;	djnz LOOP
  31:			
  32:	E103          	STAMPA:
  33:				;ld hl, STRING2
  34:				;call CONSTR
  35:			
  36:	E103  C9      		ret
  37:			
  38:				;org $200
  39:	E104          	STRING2:
  40:				;defb 0,0
  41:	E104  434F4E20		defb 'CON DISPTR', $a0
	      44495350
	      5452A0
  42:			
  43:	E10F          		end



Statistics:

    16	symbols
    15	bytes



Symbol Table:

ack            =   7+    datap          =   3+    ready          =   5+    
beepp          =  8f+    init           =   1+    stampa          e103+    
buffer         =7000+    locate         =f06e+    start           e100+    
clear          =f0e7     okgo           =   3+    string2         e104+    
cntrp          =   2+    print          =fb10+    
constr         =fa9c+    ram3buf        =3043+    
