   1:			;
   2:			; test receive 1
   3:			;
   4:			
   5:	0001          	INIT	equ	$1
   6:	0005          	READY	equ	$5
   7:	0007          	ACK	equ	$7
   8:	0003          	OKGO	equ	$3
   9:			
  10:	0003          	DATAP	equ	$3
  11:	0002          	CNTRP	equ	$2
  12:	008F          	BEEPP	equ	$8f
  13:	7000          	BUFFER	equ	$7000
  14:			
  15:	0100          		org $100
  16:			
  17:	0100          	START:	
  18:	0100  3E01    		ld a,INIT
  19:	0102  D302    		out (CNTRP),a
  20:			
  21:	0104  210070  		ld hl,BUFFER
  22:	0107          	LOOP:
  23:	0107  DB02    		in a,(CNTRP)
  24:	0109  CB47    		bit 0,a
  25:	010B  20FA    		jr nz,LOOP
  26:			
  27:	010D  3E05    		ld a,READY
  28:	010F  D302    		out (CNTRP),a
  29:	0111          	WSTRB:
  30:	0111  DB02    		in a,(CNTRP)
  31:	0113  CB47    		bit 0,a
  32:	0115  28FA    		jr z,WSTRB
  33:			
  34:	0117  DB03    		in a,(DATAP)
  35:	0119  77      		ld (hl),a
  36:	011A  23      		inc hl
  37:	011B  3E07    		ld a,ACK
  38:	011D  D302    		out (CNTRP),a
  39:	011F  3E07    		ld a,ACK
  40:	0121  D302    		out (CNTRP),a
  41:	0123  3E07    		ld a,ACK
  42:	0125  D302    		out (CNTRP),a
  43:	0127  3E03    		ld a,OKGO
  44:	0129  D302    		out (CNTRP),a
  45:	012B  DB02    		in a,(CNTRP)
  46:	012D  CB4F    		bit 1,a
  47:	012F  2003    		jr nz,STOP
  48:	0131  C30701  		jp LOOP
  49:	0134          	STOP:
  50:	0134  DB8F    		in a,(BEEPP)
  51:	0136  76      		halt
  52:			
  53:			
  54:	0137          		end



Statistics:

    12	symbols
    55	bytes



Symbol Table:

ack            =   7     init           =   1     stop             134     
beepp          =  8f     loop             107     wstrb            111     
buffer         =7000     okgo           =   3     
cntrp          =   2     ready          =   5     
datap          =   3     start            100+    
