   1:			
   2:			;
   3:			; Program: ECHO
   4:			; Author: Richard Conn
   5:			; Version: 1.0
   6:			; Date: 22 Mar 84
   7:			;
   8:			; Generalized for Z80DS on 16/6/2006 by Piergiorgio Betti
   9:			;
  10:			
  11:	000A          	VERSION EQU	10
  12:			
  13:			;
  14:			;	The purpose of ECHO is two-fold:
  15:			;		1) to provide a convenient way of sending messages to
  16:			; the console during the execution of a command file or multiple command
  17:			; line; for example:
  18:			;
  19:			;	echo Assembling;m80 =$1;^E
  20:			;		if input;echo Linking;l80 /P:100,$1,A:SYSLIB/S,$1/N,/E;fi
  21:			;
  22:			; as a single multiple command line will print the informative messages of
  23:			; "ASSEMBLING" and "LINKING" during the respective phases of the commands
  24:			;
  25:			;		2) to provide a convenient way to send escape sequences
  26:			; to the CRT and printer; ECHO does no character translation, using direct
  27:			; BIOS calls, so sequences used to program intelligent devices can be
  28:			; issued by running echo and typing in those sequences
  29:			;
  30:			
  31:			;
  32:			; Equates
  33:			;
  34:	0000          	WBOOT	EQU	00H
  35:	005C          	FCB1	EQU	5CH
  36:	0080          	TBUFF	EQU	80H
  37:			; TBUFF	EQU	FCB1
  38:	0100          	TPA	EQU	0100H
  39:	0005          	BDOSA	EQU	5
  40:			;
  41:			rsym bios.sym
  42:			;
  43:			; Start of Program -- Initialize ZCPR3 Environment
  44:			;
  45:			
  46:	0100          		ORG	TPA
  47:				
  48:	0100          	START:
  49:			;
  50:			; Check for Help
  51:			;
  52:	0100  3A5D00  		LD	A,(FCB1+1)	;get first char
  53:	0103  FE2F    		CP	'/'		;if slash, then print help
  54:	0105  2049    		JR	NZ,ECHO
  55:	0107  210E01  		LD	HL,SIGON
  56:	010A  CD5701  		CALL	ZSDSP
  57:	010D  C9      		RET
  58:			
  59:	010E  4543484F	SIGON:	DEFB	'ECHO, Version '
	      2C205665
	      7273696F
	      6E20
  60:	011C  312E300D		DEFB	(VERSION/10)+'0','.',(VERSION MOD 10)+'0',CR,LF
	      0A
  61:	0121  53796E74		DEFB	'Syntax:',CR,LF
	      61783A0D
	      0A
  62:	012A  09454348		DEFB	'	ECHO text	<-- send text to console',CR,LF
	      4F207465
	      7874093C
	      2D2D2073
	      656E6420
	      74657874
	      20746F20
	      636F6E73
	      6F6C650D
	      0A
  63:	014F  00      		DEFB	0
  64:			;
  65:			; Run ECHO Routine
  66:			;
  67:	0150          	ECHO:
  68:	0150  218100  		LD	HL,TBUFF+1	;PT TO FIRST CHAR
  69:	0153  CD5701  		CALL	ZSDSP
  70:	0156  C9      		RET
  71:			
  72:	0157  7E      	ZSDSP:	LD	A,(HL)			; pick char pointed by HL
  73:	0158  B7      		OR	A			; is the terminating NUL ?
  74:	0159  C8      		RET	Z			; yes
  75:	015A  E5      		PUSH	HL			; no
  76:	015B  4F      		LD	C,A			;
  77:	015C  CD6401  		CALL	TTYO			; display it
  78:	015F  E1      		POP	HL			;
  79:	0160  23      		INC	HL			;
  80:	0161  C35701  		JP	ZSDSP			;
  81:			
  82:	0164          	TTYO:
  83:	0164  F5      		PUSH	AF
  84:	0165  C5      		PUSH	BC
  85:	0166  D5      		PUSH	DE
  86:	0167  E5      		PUSH	HL
  87:	0168  59      		LD	E,C
  88:	0169  0E02    		LD	C,2
  89:	016B  CD0500  		CALL 	BDOSA
  90:	016E  E1      		POP	HL
  91:	016F  D1      		POP	DE
  92:	0170  C1      		POP	BC
  93:	0171  F1      		POP	AF
  94:	0172  C9      		RET
  95:			
  96:	0173          		END	



Statistics:

   626	symbols
   115	bytes



Symbol Table:

aftrio          dcd9+    fmestp          f59c+    noovf           dc2a+    
alibn           f74a+    fok0            f436+    noprow          dd42+    
all00           e083+    frbsy           f49a+    nsects            2c+    
all01           e0ba+    frdpbuf           42+    nulfn2          fddb+    
all02           dfd5+    fretr0          f424+    ocjpv           f963+    
all03           e00c+    fretr1          f444+    ocrlf1          f998+    
alloc           dc31+    frrdy           f49d+    offcal          fe4a+    
altprnprt          3+    frwbsy          f4b0+    offgt1          fe5d+    
appbuf            2a+    frwlp           f47c+    offgtz          fe5c+    
base               0+    frwnxt          f483+    offzer          fe64+    
bconin          f7d6+    frwwro          f4a9+    outchr          f959+    
bconout         f9e3+    fsecbuf           44+    outcrlf         f997+    
bconsp          f9ac+    fseek           f43b+    outgrbuf        fd22+    
bconst          f9a0+    fsekbuf           40+    path            da47+    
bdnxt           f7c4+    fshtm           f4de+    pdnload         f22b+    
bdos            ca06+    fterr           f468+    phydpt          d8a6+    
bdosa          =   5     ftrkbuf           47+    phylen             a+    
bdosb           ca00+    fvlp0           f0f1+    phyoff             f+    
bdwtyp          dd41+    fwend           f4c2+    phyprm          d89b+    
begdat          dd3d+    fwrdy           f4b3+    physpt          d8a5+    
bfailmsg        d8ff+    gcurtrk         f418+    phystr          dad6+    
bhome           f421+    gdcua           f755+    pop1prm         f684+    
bias            8e00+    gentr           f68c+    pop2prm         f992+    
bindisp         f7c2+    get1hnum        f67b+    pop3num         f8c0+    
biohby            d8+    gethnum         f686+    portin          f769+    
bioreas          a00+    getlpen         f85b+    portout         f771+    
bios            d800+    gfdcstat        f411+    ppakstb            1+    
biosiz           53d+    gnxtc           f689+    ppcntrp            2+    
biostds          600+    gocpm           d9f7+    ppdatap            3+    
bldoffs         2000+    goexec          f750+    ppdini             0+    
bmpro           f5ff+    greet           f980+    ppdokg             2+    
boot            f59f+    h2aen1          f93a+    ppdrdy             4+    
bootfail        d9ef+    h2aj1           f93f+    ppdstp             6+    
bootm           f5ef+    h2aj2           f948+    ppstrob            0+    
botdsk          d836+    h2aj3           f94d+    ppuack             7+    
botok           d949+    hdboot          fd47+    ppuini             1+    
bread           f46c+    hdrvv           f394+    ppuokg             3+    
bseldsk         f3fd+    hehex           f682+    ppurdy             5+    
bsetdma         f3f8+    hl2asc          f937+    prbend          f183+    
bsetsec         f3f3+    hl2ascb         f954+    prbloo          f151+    
bsettrk         f3ee+    hlistst         fdd3+    prcvblk         f136+    
btpasiz            6+    hnhex           f69a+    prnak           f17d+    
bwaitio         f478+    home            da5e+    prnchr          f966+    
bwrite          f473+    homflo          da6c+    prntbusybit        0+    
calchlde        f929+    hstact          dd3d+    prvtop            4f+    
cbboot          d916+    hstbsz           200+    prwcsm          f170+    
cbkend          f8d3+    hstbuf          dd55+    psbok           f228+    
cbread          dbb1+    hstdsk          dd4e+    psndblk         f1da+    
cbrev             1e+    hstfil          dca4+    psndch          f1bb+    
ccp             c200+    hstfrd          dcd6+    psnxtc          f1f2+    
cdisk              4+    hstful          dc7e+    pwackb          f1c9+    
cfil1           fcf7+    hstlgs          dd4c+    ram0buf           34+    
chk00           e0f1+    hstloa          dc6d+    ram1buf           35+    
chk01           e111+    hstrdd          dc70+    ram2buf           36+    
chk02           e043+    hstrsf          dcfb+    ram3buf           37+    
chk03           e063+    hstsec          dd51+    rcp             e200+    
chkbrk          f8d6+    hstsyn          dc7b+    rcps              10+    
chkctr          f8fd+    hsttmp          dd4d+    rdflo           db08+    
chkeor          f8c9+    hsttrk          dd4f+    rdrr19r12       f09d+    
chkhex          f8ea+    hstwrt          dd3f+    rdvrt           db17+    
chksid          db97+    iclp1           f09f+    readhst         daf2+    
chkuna          dbec+    ictlp0          f57b+    res3miob        fd41+    
chome           fb38+    idisk1             1+    resattr         fbc0+    
cibt1           f813+    idisk2             1+    resroom          400+    
cieqb           f7e9+    idisk3             0+    rhstfi          dc9c+    
cigon           f7f9+    idisk4             0+    rst7spc           38+    
cigrtog         f88d+    ini6545         f575+    rtcbuf          da59+    
cihcr           f84c+    inicrt          f073+    rwm1            f7a0+    
cijp4           f87e+    inicrtcur       fafc+    rwm2            f7a2+    
cilop           f806+    inicrtreg       f563+    rwm3            f787+    
ciprc           f7ec+    init0           f526+    rwmem           f783+    
cirbf           f7d2+    intron             0+    rwmove          dd25+    
ciren           f848+    iobval            95+    rwoper          dc38+    
cisti           f7ed+    iobyte             3+    rwoshf          dc3f+    
citc1           f821+    iocac2          fc3a+    s_dlpr          f329+    
citc2           f828+    iocack          fafc+    s_vhdr          f32b+    
cld1            da2c+    iocbas2         fbcf+    savcolb         fa27+    
cldcmnd         da29+    iocbase         faf3+    scrtst          f91a+    
clreol          fb97+    iocbe2          fc10+    scurof          f05d+    
clrj0           fb8a+    iocbel          fb06+    scuron          f06a+    
clrlin          fc74+    iocbs           fb09+    sdcuae          f03f+    
clrlin1         fc77+    iocbs1          fb19+    sdcuae1         f04d+    
clrlp1          fc80+    iocbs2          fb29+    sdsta           f89f+    
clrscr          fb49+    iocca2          fbec+    sectran         dad3+    
clrscrgr        f0ac+    ioccan          fbc6+    seg1            e200+    
clsnc           fb5e+    ioccr           fb6d+    seg10           ec00+    
cmdset          da50+    ioccr1          fb75+    seg11           ef00+    
coire           f97f+    iocd12          fc4c+    seg12           efd0+    
coiupc          f970+    iocdc1          fbc0+    seg2            ea00+    
cojp1           fa07+    iocdc2          fc6a+    seg3            ea00+    
cojp2           fa16+    iocdc3          fc6d+    seg4            ed00+    
colbuf            4f+    iocdc4          fc58+    seg5            ed80+    
coldbeg         da3f+    iocdle          fc1c+    seg6            edd0+    
coldend         da46+    iocem           fbf0+    seg7            edf4+    
conou2          fa2b+    iocen2          fc0a+    seg8            edff+    
constr          f983+    iocenq          fb91+    seg9            ee00+    
cont            d9d7+    ioceo2          fc34+    sekdsk          dd44+    
coutch          f8b8+    ioceot          fbcc+    sekhst          dd52+    
cpmboot         f3c0+    ioces2          fc2e+    seksec          dd47+    
cpmsiz          1bbd+    iocesc          fbb9+    sektrk          dd45+    
cr                 d     iocet2          fc70+    selact          da8d+    
crlftab         f560+    iocetb          fbad+    seldsk          da75+    
crt6545adst       8c+    iocetx          fc04+    selflp          dab5+    
crt6545data       8d+    iocff           fb49+    selhdd          dabb+    
crtbase           80+    iocff2          fc9c+    selndb          dab0+    
crtbeepport       8f+    iocfs           fbb1+    selvrt          dabc+    
crtblinkbit        0+    iocfs2          fbfe+    set3miob        fd3b+    
crtfil          fce9+    iocgs           fbb5+    setdma          dace+    
crthilitbit        3+    iocgs2          fc22+    setrow          fa50+    
crtkeybcnt        87+    iocht           fc40+    setsec          dac9+    
crtkeybdat        85+    ioclf           fbbd+    setsid          f3b2+    
crtmodebit         4+    iocnak          fbd0+    settrk          dac4+    
crtprgend       f065+    iocnul          fc66+    sfdccmd         f402+    
crtprntcnt        83+    iocrs           fbc9+    shsize            20+    
crtprntdat        81+    iocrs2          fc52+    shstk           ed00+    
crtram0cnt        82+    iocs2           fc16+    shstks             4+    
crtram0dat        80+    iocsi           fb97+    sidone          f3bd+    
crtram1cnt        86+    iocsi2          fc46+    signon          d8a8+    
crtram1dat        84+    iocso           fb78+    sigon            10e     
crtram2cnt        8a+    iocso2          fbf8+    sk2hst          dce8+    
crtram2dat        88+    iocsoh          faf4+    sndcl           f403+    
crtram3port       8e+    iocst2          fc28+    spacer          f957+    
crtrevrsbit        1+    iocstx          faf8+    ssiz1           f37e+    
crtservcnt        8b+    iocsub          fbf4+    ssiz2           f37c+    
crtservdat        89+    iocsy2          fbd3+    ssiz5           f37a+    
crttab1         f512+    iocsyn          fba9+    start            100+    
crtunderbit        2+    iocus           fb94+    str100          f540+    
crtwidthbit        1+    iocus2          fbe9+    strload         f336+    
csglp0          f0c1+    iocvec          fc9f+    strwait         f32f+    
cslp0           f984+    iocvec2         fcbf+    synpnd          dd28+    
curadr          fa3e+    iocvt           fb38+    tbuff          =  80     
curbfb          fac1+    iocvt2          fc99+    time            da55+    
curbfl          fac5+    ioflag          dd40+    tmpbyte           4b+    
curblb          fab9+    iop                0+    togju           f917+    
curbll          fabd+    iops               0+    togpr           f915+    
curfxb          facd+    iptrckbd        f8d5+    togprnio        f90a+    
curfxl          fad1+    iuser1            24+    tpa            = 100     
curofb          fac9+    iuser2             f+    trans           d877+    
curofs          fa63+    iuser3             0+    transk          fe23+    
curpbuf           49+    iuser4             0+    trask1          fe27+    
currgt          fa19+    jboot           f000+    true            ffff+    
cursetmode      fad3+    jconin          f003+    ttyo             164     
cwflg           da3e+    jconou          f006+    ucmdtab         f9af+    
datsiz           3f4+    jconst          f039+    ucrej           f6a5+    
dblank          fcdf+    jcpmbt          f033+    unacnt          dd43+    
delay           f102+    jcurtr          f024+    unadsk          dd48+    
dfmt128            0+    jdispg          f02d+    unasec          dd4b+    
dfmt256            0+    jdrvsl          f02a+    unatrk          dd49+    
dfmt512         ffff+    jfdcmd          f021+    uplchr          f111+    
dgclp0          f0d9+    jfseek          f027+    upload          f190+    
diff16          dd37+    jfstat          f01e+    upwstrb         f11e+    
dirbf           df55+    jgethn          f036+    urestr          f909+    
dismvc          faed+    jhome           f009+    usenodeblock       0+    
dispch          f0d8+    jprnch          f03c+    usrcmd          f6ab+    
dispgr          fd05+    jread           f018+    valgetchr       f8fa+    
dispnortr       fd0b+    jselds          f00c+    vcpmbt          f33a+    
dispstr         f380+    jsetdm          f015+    vcresreg        fa76+    
div16           fe0b+    jsetse          f012+    vdbufsz            a+    
divlo           fe11+    jsettr          f00f+    vdrdsec            0+    
dlight          fadf+    jusrcm          f030+    vdrend          f2b3+    
dly1            f106+    jwrite          f01b+    vdrnok          f2b4+    
dly2            f104+    kbdbyte           4d+    vdrok           f29a+    
dmaadr          dd53+    keybstrbbit        7+    vdrsl1          f25b+    
dmpalia         f748+    lf                 a     vdrtry          f252+    
dmpalib         f743+    lindn           fc58+    vdskbuf           2c+    
dogetchr        f8b5+    lsect           d9c5+    vdskrd          f24b+    
doprompt        f8b2+    mbmenu          f62c+    vdskwr          f2ba+    
dpbase          d837+    mcblist         fd89+    vdwend          f321+    
dpbnds          d882+    mco1            f6f9+    vdwnok          f323+    
dpbvrt          d857+    mconin          fd50+    vdwok           f309+    
dreadh          daf5+    mconout         fd63+    vdwrsec            1+    
drvsel          f398+    mconst          fd76+    vdwsl1          f2ca+    
dselbf            4e+    mconx           f6e7+    vdwtry          f2c1+    
dslp0           f38a+    mdjmp0          fa95+    vers              16+    
dwrith          db25+    mdjmp1          faab+    version        =   a     
echo             150     mdp1            f73d+    wboot          =   0+    
enddat          e131+    mdp2            f70a+    wboote          d803+    
epfill          fe7c+    mdp3            f72e+    whstfi          dc95+    
erflag          dd3e+    mdp4            f730+    wraf1           db6b+    
expath          edf4+    mdp5            f722+    wraf2           db68+    
expaths            5+    mdp6            f702+    wrafe           db7a+    
extfcb          edd0+    mdp7            f71b+    wrall              0+    
extrabias       1200+    mejp            fab6+    wrdir              1+    
extstk          efd0+    memcomp         f6e4+    wrfl0           db7f+    
false              0+    memdump         f6ff+    wrfl2           db89+    
fcb1           =  5c     memmove         f779+    wrflo           db38+    
fcp             ea00+    memtest         f7ab+    write           dbc4+    
fcps               4+    miobyte           4c+    writehst        db22+    
fdcbase           d0+    ml1601          fe3e+    wrual              2+    
fdccmdstatr       d0+    ml1602          fe44+    wrvrt           db8c+    
fdcdatareg        d7+    mlistst         fd9c+    z3cl            ef00+    
fdcdrvrcnt        d6+    mmnxt           f77c+    z3cls             d0+    
fdcreadc          88+    mnohd           fdfa+    z3env           ec00+    
fdcrestc           7+    monmaj            32+    z3envs             2+    
fdcsectreg        d2+    monmin            32+    z3msg           ed80+    
fdcseekc          17+    movdn           fa7b+    z3ndir          ee00+    
fdctrakreg        d1+    movdn1          fa7f+    z3ndirs           1c+    
fdcwritc          a8+    mprompt         f950+    z3rev             21+    
fdrvbuf           46+    mpunch          fdaf+    z3whl           edff+    
ff                 c+    mreader         fdc0+    zbufbas         e200+    
fgtrk           f465+    mscnt             f6+    zdsmntr         f000+    
fillmem         f6d8+    msize             3c+    zero128         da36+    
filvramg        f0eb+    msnodev         fdee+    zerom           da38+    
flme1           f6db+    mterr           f7bd+    zflopkg          200+    
flopio          f4f1+    mtnxt           f7ae+    ziopkg             0+    
floppyread      f4e5+    mul16           fe37+    zrespkg          800+    
floppywrit      f4ec+    ndevmsg         fdde+    zsdsp            157     
fmemnp          f58f+    nextop          d9da+    zstdovr          400+    
fmemsiz         f588+    nib2asc         fc8f+    
