   1:			;;
   2:			;; ZDS - parallel link binary image loader
   3:			;;
   4:			
   5:			; link to monitor and bios symbols
   6:			rsym bios.sym
   7:			rsym parload1.sym
   8:			
   9:			;; since this is a standard cp/m .com file we are loaded at TPA base address
  10:			;; (100H). This not so good since most probably the file we transfer from
  11:			;; remote are programs, so they too wants to stay in the same space!!
  12:			;; To solve the problem we move ourselves in the upper memory, just below
  13:			;; the ccp.
  14:			;; Now is not possible to specify absolute/relative segments with ZMAC
  15:			;; cross assembler. SO we assemble the program in two parts one at ORG'ed
  16:			;; at 100H and one below CCP, join the binaries togheter and voila': all done!
  17:			;; This is the 100H part or the relocator part...
  18:			;
  19:			include parload.inc
**** parload.inc ****
   1:			;
   2:			; common part for parload.asm and parload1.asm ...
   3:			;
   4:			
   5:	A000          	RELADR	EQU	$A000			; WHERE TO RUN
   6:	0300          	BEGIN	EQU	TPA + 512		; PLACE FOR THE RELOCATED
   7:								; PART (AT LOAD TIME)
   8:			;
   9:			;
  10:	FFFF          	TRUE	EQU	-1
  11:	0000          	FALSE	EQU	0
  12:			;
**** parload.asm ****
  20:			;
  21:	0100          		ORG	TPA
  22:	0100          	PINIT:
  23:	0100  21D1A4  		LD	HL,MYTOP
  24:	0103  0100A0  		LD	BC,RELADR		; minus offset
  25:	0106  ED42    		SBC	HL,BC
  26:	0108  4D      		LD	C,L
  27:	0109  44      		LD	B,H			; BC IS MY SIZE
  28:	010A  210003  		LD	HL,BEGIN		; FROM...
  29:	010D  1100A0  		LD	DE,RELADR		; ...TO
  30:	0110  EDB0    		LDIR				; MOVED
  31:	0112  C300A0  		JP	RELADR
  32:			
  33:	0300          		ORG	BEGIN
  34:	0300          	FILLER:
  35:	0300          		END



Statistics:

     3	passes
     0	jr promotions
   589	symbols
     0	bytes



Symbol Table:

aftrio          dca3+    dfmt512         ffff+    ppdstp             6+    
all00           dff7+    diff16          dd01+    ppstrob            0+    
all01           e02e+    dirbf           df77+    ppuack             7+    
all02           e0e5+    dly1            fd89+    ppuini             1+    
all03           e11c+    dly2            fd87+    ppuokg             3+    
alloc           dbfb+    dmaadr          dd75+    ppurdy             5+    
altprnprt          3+    dpbase          d837+    prntbusybit        0+    
appbuf            2e+    dpbnds          d882+    prvtop            4f+    
backsp          a129+    dpbvrt          d857+    r0brdl             0+    
badtrx          a375+    dreadh          db00+    r0rxtx             0+    
base               0+    dselbf            4e+    r1brdm             1+    
bbappp             e+    dspchr          a118+    r1ier              1+    
bbbase          f000+    dwrith          db30+    r2fcr              2+    
bbcalret        fd5a+    eep29c             4+    r2iir              2+    
bbcbank            c+    eep29ee            1+    r3lcr              3+    
bbcomn          fc00+    eep29xe            2+    r4mcr              4+    
bbconin         fd94+    eepage0           c0+    r5lsr              5+    
bbconout        fd9f+    eeproglock        10+    r6msr              6+    
bbconst         fdaa+    eepsta          f000+    r7spr              7+    
bbcpboot        fcc9+    eepunsupp          8+    ram0buf           3b+    
bbcptime        fcc3+    eerineprom        80+    ram1buf           3c+    
bbcrtcini       fc03+    enddat          e1d3+    ram2buf           3d+    
bbcrtfill       fc09+    erflag          dd5f+    ram3buf           3e+    
bbcstck            d+    esc               1b+    ramtbl          e000+    
bbcurset        fc21+    exit            a183+    rcp             e200+    
bbdebug         ffff+    exitrd          a149+    rcps              10+    
bbdiv16         fce1+    expath          edf4+    rdflo           db13+    
bbdmaset        fcb7+    expaths            5+    rdloop          a0e6+    
bbdriveid       fcf9+    extdon          a090+    rdlp1           a0fa+    
bbdsksel        fcbd+    extfcb          edd0+    rdlp2           a105+    
bbeidck         fd23+    extrabias       1200+    rdvrt           db22+    
bbepmngr        fd1d+    extstk          efd0+    rdymsg          a42a+    
bbexec          fd29+    false          =   0+    readcfg8255       92+    
bbfdrvsel       fcdb+    fcp             ea00+    readhst         dafd+    
bbfhome         fc81+    fcps               4+    regastatus        16+    
bbflopio        fc93+    fdcbase           d0+    regcommand         f+    
bbfread         fc87+    fdccmdstatr       d0+    regcontrol        16+    
bbfwrite        fc8d+    fdcdatareg        d7+    regcyllsb          c+    
bbhdboot        fd11+    fdcdrvrcnt        d6+    regcylmsb          d+    
bbhdgeo         fd0b+    fdcreadc          88+    regdata            8+    
bbhdinit        fcf3+    fdcrestc           7+    regerr             9+    
bbhdrd          fd05+    fdcsectreg        d2+    regseccnt          a+    
bbhdwr          fcff+    fdcseekc          17+    regsector          b+    
bbimgp             4+    fdctrakreg        d1+    regshd             e+    
bbinictc        fc57+    fdcwritc          a8+    regstatus          f+    
bbjtobnk        fc00+    fdrvbuf           45+    reladr         =a000+    
bbldpart        fd17+    ff                 c+    resroom          400+    
bbmul16         fce7+    fifblok            b+    rhstfi          dc66+    
bboffcal        fced+    fifoend           25+    rldrom          fe79+    
bbpag              f+    fifokb            1a+    rning           a460+    
bbprcvblk       fc6f+    fifosto            f+    rst7sp1           38+    
bbprnchr        fc99+    fifou0             f+    rst7sp2           39+    
bbpsndblk       fc63+    fifsize            8+    rst7sp3           3a+    
bbrdtime        fca5+    filler           300+    rtbsiz           3c0+    
bbrdvdsk        fc75+    fin             fdc4+    rtcbuf          da5b+    
bbresctc        fc5d+    fixblock           0+    rwmove          dcef+    
bbsecset        fcb1+    fout            fde1+    rwoper          dc02+    
bbsidset        fcd5+    frdpbuf           41+    rwoshf          dc09+    
bbstack         feb4+    fsecbuf           43+    sconin          fc2d+    
bbstbase        fe90+    fsekbuf           3f+    sconout         fc27+    
bbsttim         fc9f+    fstat           fdb5+    sconst          fc33+    
bbtrkset        fcab+    ftrhdr          a292+    sectran         dade+    
bbu0ini         fc39+    ftrkbuf           46+    seg1            e200+    
bbu1ini         fc51+    gcdsp           a163+    seg10           ec00+    
bbu1rx          fc45+    gchr            a152+    seg11           ef00+    
bbu1st          fc4b+    gocpm           d9f1+    seg12           efd0+    
bbu1tx          fc3f+    h2aen1          a381+    seg2            ea00+    
bbuplchr        fc69+    h2aj1           a386+    seg3            ea00+    
bbvcpmbt        fccf+    h2aj2           a38f+    seg4            ed00+    
bbvoid          fd6a+    h2aj3           a396+    seg5            ed80+    
bbwrvdsk        fc7b+    haseds          ffff+    seg6            edd0+    
bdos            ca06+    hilo            a03b+    seg7            edf4+    
bdosb           ca00+    hl2asc          a37e+    seg8            edff+    
bdwtyp          dd62+    hmempag            b+    seg9            ee00+    
begdat          dd5e+    home            da65+    sekdsk          dd65+    
begin          = 300+    homflo          da73+    sekhst          dd74+    
bell            a0c8+    hstact          dd5e+    seksec          dd68+    
bfailmsg        d902+    hstbsz           200+    sektrk          dd66+    
bias            8e00+    hstbuf          dd77+    selact          da98+    
bin2a8          a003+    hstdsk          dd6f+    seldsk          da7d+    
biohby            d8+    hstfil          dc6e+    selflp          dac0+    
bioreas          a00+    hstfrd          dca0+    selhdd          dac6+    
bios            d800+    hstful          dc48+    selndb          dabb+    
biosiz           55e+    hstlgs          dd6d+    selvrt          dac7+    
biostds          600+    hstloa          dc37+    setdma          dad9+    
bldoffs         3000+    hstrdd          dc3a+    setsec          dad4+    
blifastblok       60+    hstrsf          dcc5+    settrk          dacf+    
blifastline       6a+    hstsec          dd72+    sfiln           a4b1+    
blislowblok       40+    hstsyn          dc45+    shsize            20+    
blislowline       4a+    hsttmp          dd6e+    shstk           ed00+    
bn2a16          a01c+    hsttrk          dd70+    shstks             4+    
bootfail        d9e9+    hstwrt          dd60+    signon          d8a8+    
botdsk          d836+    idea0line          1+    sintvec         fff0+    
botok           d93f+    idea1line          2+    sk2hst          dcb2+    
bseldsk         dd16+    idea2line          4+    somsg           a3c4+    
bsetdma         dd11+    idecs0line         8+    srece           a4aa+    
bsetsec         dd0c+    idecs1line        10+    ssend           a4a6+    
bsettrk         dd07+    ideporta          e0+    stmpp2          ffff+    
bsp             a13a+    ideportb          e1+    stmpzs             0+    
bsp1            a135+    ideportc          e2+    strch           a10f+    
btpasiz            6+    ideportctrl       e3+    synpnd          dcf2+    
cbboot          d914+    iderdline         40+    sysbase         f000+    
cbread          db7b+    iderstline        80+    syscmlo         feb4+    
cbrev              f+    idewrline         20+    syscom          fc00+    
cbuff           a0c9+    idisk1            24+    syshertz          13+    
cbuffend        a150+    idisk2            24+    sytimr          fe19+    
ccp             c200+    idisk3             1+    tblblk            30+    
cdisk              4+    idisk4             1+    tdesclen          14+    
chk00           e065+    imtpag            ff+    tiaddrlen          4+    
chk01           e0a5+    imtsiz           400+    time            da54+    
chk02           e153+    init            a0d4+    timrcon           28+    
chk03           e193+    init2           a0de+    tmpbyte           4b+    
chksid          db61+    intrdi          fe0f+    tnamelen           8+    
chkuna          dbb6+    intren          fdfe+    tpa              100+    
cie             a0b6+    intron             0+    tpagelen           2+    
cldcmnd         da28+    iobval            95+    trans           d877+    
clkday          da5e+    iobyte             3+    trnpag             d+    
clkdow          da60+    ioemsg          a4bd+    true           =ffff+    
clkhr           da5d+    ioflag          dd61+    tsizelen           4+    
clkio              6+    iop                0+    u0defspeed         6+    
clkmm           da5c+    iops               0+    u0isr           fe25+    
clkmon          da5f+    iuser1            24+    u1defspeed         c+    
clkrst             7+    iuser2             f+    u1isr           fe59+    
clksclk            5+    iuser3            24+    u1nul           fe70+    
clkse           da5b+    iuser4             f+    uart0             c0+    
clkyea          da61+    ival16          a033+    uart0base         c0+    
cloisr          da62+    kbdbyte           4d+    uart0br           2c+    
cmdbuf          a28a+    keybstrbbit        7+    uart1             c8+    
cmdid             ec+    lder            a296+    uart115k2          1+    
cmdinit           91+    lder00          a2b9+    uart1200          60+    
cmdread           20+    lder01          a29c+    uart19k2           6+    
cmdrecal          10+    lder05          a2c8+    uart1base         c8+    
cmdset          da4f+    lder10          a2f6+    uart1br           2b+    
cmdspindown       e0+    lder15          a2fb+    uart2400          30+    
cmdspinup         e1+    lder20          a331+    uart38k4           3+    
cmdwrite          30+    ldms1           a47d+    uart4800          18+    
cnfbyte           27+    ldmsg           a474+    uart57k6           2+    
coe             a0af+    lf                 a+    uart9600           c+    
colbuf            4f+    lfeed           a16b+    uastav          fe84+    
coldbeg         da3e+    lngibd          a03d+    uastkb          fe86+    
coldend         da45+    loe             a0c6+    udmsg           a488+    
constr          dd4f+    lsect           d9c1+    ufiln           a18a+    
cont            d9d1+    lst             a0c7+    ufilns          a18c+    
copsys            2d+    maxblk            14+    uisre           fe4e+    
cpmsiz          1bde+    mconin          dd1b+    uisri           fe32+    
cr                 d+    mconout         dd2c+    unacnt          dd64+    
crdureg         fc27+    mconst          dd3b+    unadsk          dd69+    
crlftab         a3c1+    menaprt           21+    unasec          dd6c+    
crt6545adst       8c+    miobyte           4c+    unatrk          dd6a+    
crt6545data       8d+    mmgetp          fd78+    uoper           a189+    
crtbase           80+    mmpmap          fd6b+    usenodeblock       0+    
crtbeepport       8f+    mmtpapag          ef+    vconin          fc15+    
crtblinkbit        0+    mmuport           20+    vconout         fc0f+    
crthilitbit        3+    mmutstaddr      d000+    vconst          fc1b+    
crtkeybcnt        87+    mmutstpage         d+    vdbufsz            a+    
crtkeybdat        85+    mnodev          dd4a+    vdrdsec            0+    
crtmodebit         4+    monmaj            33+    vdskbuf           30+    
crtprntcnt        83+    monmin            32+    vdwrsec            1+    
crtprntdat        81+    mprompt         a399+    vers              16+    
crtram0cnt        82+    msbfnd          a059+    voidisr         fe22+    
crtram0dat        80+    mscnt             f6+    vptr            a03b+    
crtram1cnt        86+    msize             3c+    wboot           d986+    
crtram1dat        84+    mskfnd          a067+    wboote          d803+    
crtram2cnt        8a+    mytop           a4d1+    whstfi          dc5f+    
crtram2dat        88+    mzmac              1+    wrall              0+    
crtram3port       8e+    nextop          d9d4+    wrdir              1+    
crtrevrsbit        1+    nib2asc         a39f+    wrfl2           db53+    
crtservcnt        8b+    nocoul          a082+    wrflo           db43+    
crtservdat        89+    noovf           dbf4+    wrflt           db47+    
crtunderbit        2+    noprow          dd63+    write           db8e+    
crtwidthbit        1+    nxtcnv          a09c+    writecfg8255      80+    
cslp0           dd50+    nxtmsb          a048+    writehst        db2d+    
cst             a0c0+    nxtmsk          a05c+    wrttmp          dd73+    
ctc0tc            2a+    nxtopv          a074+    wrual              2+    
ctc0tchi          20+    ocrlf1          a3b9+    wrvrt           db56+    
ctc1tc            29+    opvdon          a088+    z3cl            ef00+    
ctc1tc100hz        5+    oslp0           a3aa+    z3cls             d0+    
ctc1tc10hz        30+    outcrlf         a3b8+    z3env           ec00+    
ctc1tc25hz        13+    outstr          a3a9+    z3envs             2+    
ctc1tc2hz         f4+    oval16          a035+    z3msg           ed80+    
ctc1tc50hz         a+    path            da46+    z3ndir          ee00+    
ctcbase           e8+    phydpt          d8a6+    z3ndirs           1c+    
ctcchan0          e8+    phylen             a+    z3rev             21+    
ctcchan1          e9+    phyoff             f+    z3whl           edff+    
ctcchan2          ea+    phyprm          d89b+    zbufbas         e200+    
ctcchan3          eb+    physpt          d8a5+    zdsdirectio     ffff+    
curpbuf           48+    phystr          dae1+    zdsstpr         e838+    
cursoroff         20+    pinit            100+    zdsstsz          1c8+    
cursoron           a+    pio2bit2           2+    zero128         da35+    
cursshp           4a+    pio2bit3           3+    zerom           da37+    
cvbase             a+    pio2bit4           4+    zflopkg          200+    
cwflg           da3d+    ppakstb            1+    ziopkg             0+    
datsiz           475+    ppcntrp            2+    zrespkg          800+    
del1            a0fe+    ppdatap            3+    zsdsp           a176+    
delay           fd85+    ppdini             0+    zstdovr          400+    
dfmt128            0+    ppdokg             2+    
dfmt256            0+    ppdrdy             4+    
