archive 3.0 - ispLEVER 1.7.00.05
File mmu_gal.lst - 16/06/2014 23.31.09
-------------------------------------------
NOTE: To copy the files to an archive, use:
archive [-sch] -save=path filename.sch
path is the name of the archive directory
-------------------------------------------
C:\ispLEVER_Classic1_7\ispcpld\config\simcp.ini
mmu_gal.sym
mmu_gal.sch
G_2NOR.sym From Library C:\ispLEVER_Classic1_7\ispcpld\generic\generic\gates.lib
G_2AND.sym From Library C:\ispLEVER_Classic1_7\ispcpld\generic\generic\gates.lib
G_3NAND.sym From Library C:\ispLEVER_Classic1_7\ispcpld\generic\generic\gates.lib
G_2NAND.sym From Library C:\ispLEVER_Classic1_7\ispcpld\generic\generic\gates.lib
G_3OR3.sym From Library C:\ispLEVER_Classic1_7\ispcpld\generic\generic\gates.lib
G_OUTPUT.sym From Library C:\ispLEVER_Classic1_7\ispcpld\generic\generic\iopads.lib
G_2OR.sym From Library C:\ispLEVER_Classic1_7\ispcpld\generic\generic\gates.lib
G_INPUT.sym From Library C:\ispLEVER_Classic1_7\ispcpld\generic\generic\iopads.lib
G_2OR2.sym From Library C:\ispLEVER_Classic1_7\ispcpld\generic\generic\gates.lib
G_3OR.sym From Library C:\ispLEVER_Classic1_7\ispcpld\generic\generic\gates.lib
G_4OR.sym From Library C:\ispLEVER_Classic1_7\ispcpld\generic\generic\gates.lib
C:\ispLEVER_Classic1_7\ispcpld\config\scs.ini
C:\ispLEVER_Classic1_7\ispcpld\config\gen_gal.ini
