0001 |
0002 |module test
0003 |
0004 |A7..A0			pin;
0005 |IORQ			pin;
0006 |WR			pin;
0007 |RD			pin;
0008 |M1			pin;
0009 |RST			pin;
0010 |MMUWR			pin;
0011 |MMURD			pin;
0012 |MEMENA			pin;
0013 |M1W			pin;
0014 |
0015 |inaddr = [A7..A0];
0016 |
0017 |
0018 |test_vectors
0019 |
0020 |([inaddr,IORQ,WR,RD,M1,RST]	->	[MMUWR,MMURD,MEMENA,M1W]);
0021 |
0022 |
0023 |[^h00,.x.,.x.,.x.,.x.,1]	->	[1,1,.x.,1];
0024 |[^h00,.x.,.x.,.x.,.x.,0]	->	[1,1,1,1];
0025 |[^h2f,1,1,1,1,1]		->	[1,1,1,1];
0026 |[^h2f,0,0,1,0,1]		->	[1,1,1,1];
0027 |[^h2f,1,1,1,1,1]		->	[1,1,1,1];
0028 |[^h2f,1,1,0,0,1]		->	[1,1,1,0];
0029 |[^h21,1,1,1,1,1]		->	[1,1,1,1];
0030 |[^h2f,0,0,1,1,1]		->	[1,1,1,1];
0031 |[^h21,1,1,1,1,1]		->	[1,1,1,1];
0032 |[^h22,1,.x.,.x.,1,1]		->	[1,1,1,1];
0033 |[^h22,0,.x.,.x.,1,1]		->	[1,1,1,1];
0034 |[^h22,1,1,1,1,1]		->	[1,1,1,1];
0035 |[^h21,1,1,1,1,1]		->	[1,1,1,1];
0036 |[^h21,1,.x.,.x.,0,1]		->	[1,1,1,1];
0037 |[^h21,0,.x.,.x.,0,1]		->	[1,1,1,1];
0038 |[^h21,0,.x.,.x.,1,1]		->	[1,1,0,1];
0039 |[^h21,1,1,1,1,1]		->	[1,1,0,1];
0040 |[^h20,1,1,1,1,1]		->	[1,1,0,1];
0041 |[^h20,1,1,1,0,1]		->	[1,1,0,1];
0042 |[^h20,0,1,1,0,1]		->	[1,1,0,1];
0043 |[^h20,0,0,1,0,1]		->	[1,1,0,1];
0044 |[^h20,1,1,1,1,1]		->	[1,1,0,1];
0045 |[^h20,1,0,1,1,1]		->	[1,1,0,1];
0046 |[^h20,0,0,1,1,1]		->	[0,1,0,1];
0047 |[^h21,1,1,1,1,1]		->	[1,1,0,1];
0048 |[^h20,1,1,0,1,1]		->	[1,1,0,1];
0049 |[^h20,0,1,0,1,1]		->	[1,0,0,1];
0050 |[^h21,1,1,1,1,1]		->	[1,1,0,1];
0051 |[^hff,1,1,1,1,1]		->	[1,1,0,1];
0052 |[^h00,.x.,.x.,.x.,.x.,0]	->	[1,1,1,1];
0053 |
0054 |
0055 |END
0056 |
0057 |
