assembling vid1.z80

No Fatal error(s)

assembling vid2.z80

No Fatal error(s)

assembling vid34.z80

No Fatal error(s)

assembling vid56.z80

No Fatal error(s)

assembling vid7.z80

No Fatal error(s)

assembling vid89.z80

No Fatal error(s)

assembling vidab.z80

No Fatal error(s)

assembling vidc.z80

No Fatal error(s)

assembling vidd.z80

No Fatal error(s)

assembling vide.z80

No Fatal error(s)

assembling vidf.z80

No Fatal error(s)

assembling vidg.z80

No Fatal error(s)

assembling vidh.z80

No Fatal error(s)

assembling vidi.z80

No Fatal error(s)

assembling vidj.z80

No Fatal error(s)

assembling vidk.z80

No Fatal error(s)

assembling vidl.z80

No Fatal error(s)

assembling vidm.z80

No Fatal error(s)

assembling vidn.z80

No Fatal error(s)

assembling vido.z80

No Fatal error(s)

assembling vidp.z80

No Fatal error(s)

assembling vidq.z80

No Fatal error(s)

assembling vidr.z80

No Fatal error(s)

assembling vids.z80

No Fatal error(s)

assembling vlat.z80

No Fatal error(s)

assembling vlgxymsg.z80

No Fatal error(s)

assembling vversion.z80

No Fatal error(s)



Z/CPM Library Manager, Version 1.5 Copyright 1988 A.E. Hawley

Appending VVERSION.REL



Z/CPM Library Manager, Version 1.5 Copyright 1988 A.E. Hawley

Appending VIDS.REL



Z/CPM Library Manager, Version 1.5 Copyright 1988 A.E. Hawley

Appending VIDR.REL



Z/CPM Library Manager, Version 1.5 Copyright 1988 A.E. Hawley

Appending VIDQ.REL



Z/CPM Library Manager, Version 1.5 Copyright 1988 A.E. Hawley

Appending VIDP.REL



Z/CPM Library Manager, Version 1.5 Copyright 1988 A.E. Hawley

Appending VIDJ.REL



Z/CPM Library Manager, Version 1.5 Copyright 1988 A.E. Hawley

Appending VIDH.REL



Z/CPM Library Manager, Version 1.5 Copyright 1988 A.E. Hawley

Appending VIDF.REL



Z/CPM Library Manager, Version 1.5 Copyright 1988 A.E. Hawley

Appending VIDG.REL



Z/CPM Library Manager, Version 1.5 Copyright 1988 A.E. Hawley

Appending VIDD.REL



Z/CPM Library Manager, Version 1.5 Copyright 1988 A.E. Hawley

Appending VIDI.REL



Z/CPM Library Manager, Version 1.5 Copyright 1988 A.E. Hawley

Appending VIDE.REL



Z/CPM Library Manager, Version 1.5 Copyright 1988 A.E. Hawley

Appending VIDK.REL



Z/CPM Library Manager, Version 1.5 Copyright 1988 A.E. Hawley

Appending VIDL.REL



Z/CPM Library Manager, Version 1.5 Copyright 1988 A.E. Hawley

Appending VIDM.REL



Z/CPM Library Manager, Version 1.5 Copyright 1988 A.E. Hawley

Appending VIDO.REL



Z/CPM Library Manager, Version 1.5 Copyright 1988 A.E. Hawley

Appending VIDN.REL



Z/CPM Library Manager, Version 1.5 Copyright 1988 A.E. Hawley

Appending VLGXYMSG.REL



Z/CPM Library Manager, Version 1.5 Copyright 1988 A.E. Hawley

Appending VLAT.REL



Z/CPM Library Manager, Version 1.5 Copyright 1988 A.E. Hawley

Appending VID2.REL



Z/CPM Library Manager, Version 1.5 Copyright 1988 A.E. Hawley

Appending VID34.REL



Z/CPM Library Manager, Version 1.5 Copyright 1988 A.E. Hawley

Appending VID56.REL



Z/CPM Library Manager, Version 1.5 Copyright 1988 A.E. Hawley

Appending VIDC.REL



Z/CPM Library Manager, Version 1.5 Copyright 1988 A.E. Hawley

Appending VID1.REL



Z/CPM Library Manager, Version 1.5 Copyright 1988 A.E. Hawley

Appending VID7.REL



Z/CPM Library Manager, Version 1.5 Copyright 1988 A.E. Hawley

Appending VID89.REL



Z/CPM Library Manager, Version 1.5 Copyright 1988 A.E. Hawley

Appending VIDAB.REL

