   1:			;
   2:			;=======================================================================
   3:			;
   4:			; CP/M 3 Z80 DarkStar (NE Z80) Porting
   5:			;
   6:			;=======================================================================
   7:			;;---------------------------------------------------------------------
   8:			;; Version      : 1.0 - 20140904
   9:			;; Assemble     : SLR z80asm
  10:			;; Revisions:
  11:			;; 20140905	- Code start
  12:			;;---------------------------------------------------------------------
  13:			
  14:				TITLE	'BANK & MOVE MODULE FOR THE MODULAR CP/M 3 BIOS'
  15:			
  16:				; define logical values:
  17:				include	common.inc
**** common.inc ****
   1:			;
   2:			;=======================================================================
   3:			;
   4:			; CP/M 3 Z80 DarkStar (NE Z80) Porting
   5:			;
   6:			;=======================================================================
   7:			;;---------------------------------------------------------------------
   8:			;; Version      : 1.0 - 20140904
   9:			;; Assemble     : m80
  10:			;; Revisions:
  11:			;; 20140904	- Code start
  12:			;;---------------------------------------------------------------------
  13:			;
  14:			; Here just some common symbol...
  15:			;
  16:				; SYSBIOS equates
  17:				include	darkstar.equ
**** darkstar.equ ****
   1:			;****** Equ's file autogenerated by genequs ver: 1.0
   2:			;****** Input files:
   3:			;****** SysCommon.lst
   4:	FE77'         	TX0            	EQU	0FE77H
   5:	FDC4'         	FIN            	EQU	0FDC4H
   6:	FE79'         	TX01           	EQU	0FE79H
   7:	FD89'         	DLY1           	EQU	0FD89H
   8:	FD87'         	DLY2           	EQU	0FD87H
   9:	FDE1'         	FOUT           	EQU	0FDE1H
  10:	FE65'         	U1NUL          	EQU	0FE65H
  11:	FE25'         	U0ISR          	EQU	0FE25H
  12:	FE5B'         	U1ISR          	EQU	0FE5BH
  13:	FD85'         	DELAY          	EQU	0FD85H
  14:	FE50'         	UISRE          	EQU	0FE50H
  15:	FDB5'         	FSTAT          	EQU	0FDB5H
  16:	FE35'         	UISRI          	EQU	0FE35H
  17:	FE6F'         	DOSTX          	EQU	0FE6FH
  18:	FC4B'         	BBU1ST         	EQU	0FC4BH
  19:	FC45'         	BBU1RX         	EQU	0FC45H
  20:	FC3F'         	BBU1TX         	EQU	0FC3FH
  21:	FD29'         	BBEXEC         	EQU	0FD29H
  22:	FCFF'         	BBHDRD         	EQU	0FCFFH
  23:	FD6A'         	BBVOID         	EQU	0FD6AH
  24:	FE92'         	UASTKB         	EQU	0FE92H
  25:	FD6B'         	MMPMAP         	EQU	0FD6BH
  26:	FE0F'         	INTRDI         	EQU	0FE0FH
  27:	FC2D'         	SCONIN         	EQU	0FC2DH
  28:	FC15'         	VCONIN         	EQU	0FC15H
  29:	FCDB'         	BBDIV16        	EQU	0FCDBH
  30:	FCF9'         	BBHDWR         	EQU	0FCF9H
  31:	FD78'         	MMGETP         	EQU	0FD78H
  32:	FDFE'         	INTREN         	EQU	0FDFEH
  33:	FE85'         	RLDROM         	EQU	0FE85H
  34:	FCE1'         	BBMUL16        	EQU	0FCE1H
  35:	FC00'         	SYSCOM         	EQU	0FC00H
  36:	FE90'         	UASTAV         	EQU	0FE90H
  37:	FE19'         	SYTIMR         	EQU	0FE19H
  38:	FC33'         	SCONST         	EQU	0FC33H
  39:	FC1B'         	VCONST         	EQU	0FC1BH
  40:	FE6D'         	SRXRSM         	EQU	0FE6DH
  41:	FE69'         	SRXSTP         	EQU	0FE69H
  42:	FC39'         	BBU0INI        	EQU	0FC39H
  43:	FC51'         	BBU1INI        	EQU	0FC51H
  44:	FC87'         	BBFREAD        	EQU	0FC87H
  45:	FD23'         	BBEIDCK        	EQU	0FD23H
  46:	FD05'         	BBHDGEO        	EQU	0FD05H
  47:	FEC0'         	BBSTACK        	EQU	0FEC0H
  48:	FC81'         	BBFHOME        	EQU	0FC81H
  49:	FD94'         	BBCONIN        	EQU	0FD94H
  50:	FFF0'         	SINTVEC        	EQU	0FFF0H
  51:	FEC0'         	SYSCMLO        	EQU	0FEC0H
  52:	FE22'         	VOIDISR        	EQU	0FE22H
  53:	FC9F'         	BBSTTIM        	EQU	0FC9FH
  54:	FDAA'         	BBCONST        	EQU	0FDAAH
  55:	FC27'         	SCONOUT        	EQU	0FC27H
  56:	FC0F'         	VCONOUT        	EQU	0FC0FH
  57:	FCE7'         	BBOFFCAL       	EQU	0FCE7H
  58:	FC57'         	BBINICTC       	EQU	0FC57H
  59:	FE9C'         	BBSTBASE       	EQU	0FE9CH
  60:	FC5D'         	BBRESCTC       	EQU	0FC5DH
  61:	FCA5'         	BBRDTIME       	EQU	0FCA5H
  62:	FD5A'         	BBCALRET       	EQU	0FD5AH
  63:	FCB7'         	BBDMASET       	EQU	0FCB7H
  64:	FCBD'         	BBDSKSEL       	EQU	0FCBDH
  65:	FCED'         	BBHDINIT       	EQU	0FCEDH
  66:	FCB1'         	BBSECSET       	EQU	0FCB1H
  67:	FD0B'         	BBHDBOOT       	EQU	0FD0BH
  68:	FC69'         	BBUPLCHR       	EQU	0FC69H
  69:	FC99'         	BBPRNCHR       	EQU	0FC99H
  70:	FCC9'         	BBVCPMBT       	EQU	0FCC9H
  71:	FC93'         	BBFLOPIO       	EQU	0FC93H
  72:	FD1D'         	BBEPMNGR       	EQU	0FD1DH
  73:	FCCF'         	BBSIDSET       	EQU	0FCCFH
  74:	FD11'         	BBLDPART       	EQU	0FD11H
  75:	FC75'         	BBRDVDSK       	EQU	0FC75H
  76:	FC8D'         	BBFWRITE       	EQU	0FC8DH
  77:	FCC3'         	BBCPBOOT       	EQU	0FCC3H
  78:	FC21'         	BBCURSET       	EQU	0FC21H
  79:	FCAB'         	BBTRKSET       	EQU	0FCABH
  80:	FC7B'         	BBWRVDSK       	EQU	0FC7BH
  81:	FD9F'         	BBCONOUT       	EQU	0FD9FH
  82:	FCF3'         	BBDRIVEID      	EQU	0FCF3H
  83:	FC63'         	BBPSNDBLK      	EQU	0FC63H
  84:	FC03'         	BBCRTCINI      	EQU	0FC03H
  85:	FC6F'         	BBPRCVBLK      	EQU	0FC6FH
  86:	FC09'         	BBCRTFILL      	EQU	0FC09H
  87:	FCD5'         	BBFDRVSEL      	EQU	0FCD5H
  88:	FD17'         	BBDPRMSET      	EQU	0FD17H
  89:			;****** EOF ***
  90:			
**** common.inc ****
  18:			
  19:	FFFF'         	TRUE	EQU	-1
  20:	0000'         	FALSE	EQU	0
  21:			
  22:			
  23:				; determine if for bank select or not:
  24:	FFFF'         	BANKED	EQU	TRUE		;< ... BANKED VERSION
  25:	0000'         	ZPM3	EQU	FALSE		; ZPM3 build ?
  26:			
  27:				;
  28:				; some other equs...
  29:				;
  30:	000D'         	CR	EQU     0DH		; CARRIAGE RETURN
  31:	000A'         	LF	EQU     0AH		; LINE FEED;
  32:	000C'         	FF	EQU	0CH		; FORM FEED (clear screen)
  33:			
  34:			
  35:			;
  36:			; COMMON.ASM [EOF]
  37:			
**** move.asm ****
  18:				include syshw.inc
**** syshw.inc ****
   1:			;
   2:			;=======================================================================
   3:			;
   4:			; Modular Z80 DarkStar (NE Z80) SysBios
   5:			;
   6:			;=======================================================================
   7:			;
   8:			; Original code:
   9:			; Z80 Nuova Elettronica Monitor 390 su eprom 2532 (4k)
  10:			;
  11:			; Disassembled and reconstructed by
  12:			; Piergiorgio Betti <pbetti@lpconsul.net> on 2005 01 26
  13:			;
  14:			; Latest non modular BIOS is DARKSTAR-MONITOR-0.9.0.asm
  15:			; dated 20140531
  16:			; - Following addition of MultiF-Board doing complete rewrite of the
  17:			;   monitor/BIOS has been started.
  18:			;   Major goals:
  19:			;   o Modularization: Now monitor can grow up to 256kb instead of 4kb
  20:			;     :-)
  21:			;   o Specialized images fitted in memory page (4kb) or multiples
  22:			;   o Full support for new hardware
  23:			;   o I/O rewrite for MODE 2 interrupts
  24:			;   Minor goals:
  25:			;   o Full code clean-up & reoarganization
  26:			; ---------------------------------------------------------------------
  27:			; Revisions:
  28:			; 20140905 - Modified hexadecimal constants to 0xxH format to be widely
  29:			;            accepted by different assemblers
  30:			; 20150714 - Modified to implement serial XON/XOFF and RTS/CTS
  31:			; ---------------------------------------------------------------------
  32:			
  33:			; ---------------------------------------------------------------------
  34:			; SYSBIOS
  35:			;
  36:			; This is the BIOS non-resident portion of the new (banked)
  37:			; BIOS/Monitor for the NE Z80 (aka DarkStar)
  38:			;
  39:			; ---------------------------------------------------------------------
  40:			;
  41:			; Full BIOS memory scheme:
  42:			;
  43:			;	+-----------------+
  44:			;	+    SysCommon    +   <-- Resident portion. Common to all images
  45:			;	+   FC00 - FFFF   +
  46:			;	+-----------------+
  47:			;	+-----------------+   +-----------------+   +-----------------+
  48:			;	+     SysBios     +   +   BootMonitor   +   +     [Other]     +
  49:			;	+   F000 - FBFF   +   +   F000 - FBFF   +   +   F000 - FBFF   +
  50:			;	+-----------------+   +-----------------+   +-----------------+
  51:			;
  52:			;	         ^                     ^                     ^
  53:			;	         |                     |                     |
  54:			;	         ---------------------------------------------
  55:			;	                      Variable section
  56:			;
  57:			; The above are always assembled at ORG F000 and linked and allocated
  58:			; in the EEPROM in this way:
  59:			;
  60:			;	+-----------------+
  61:			;	+    SysCommon    +
  62:			;	+   FC00 - FFFF   +
  63:			;	+     SysBios     +     <-- EEPROM page 1 ($C1000)
  64:			;	+   F000 - FBFF   +
  65:			;	+-----------------+
  66:			;	+-----------------+
  67:			;	+    SysCommon    +
  68:			;	+   FC00 - FFFF   +
  69:			;	+   BootMonitor   +     <-- EEPROM page 0 ($C0000)
  70:			;	+   F000 - FBFF   +
  71:			;	+-----------------+
  72:			;
  73:			; ---------------------------------------------------------------------
  74:			;
  75:			; Define which assembler we are using
  76:			;
  77:			
  78:			; PASMO	EQU	1
  79:	0001'         	MZMAC	EQU	1
  80:			; ZMAC	EQU	1			; ZMAC Z80 assembler, not Linux/Unix version
  81:			
  82:			; ... only one at a time can be active (1) ...
  83:			
  84:			;
  85:			; Monitor version numbers (major.minor)
  86:			;
  87:	0033'         	MONMAJ		EQU	'3'
  88:	0034'         	MONMIN		EQU	'4'
  89:			
  90:			;
  91:			; Buffers addresses labels
  92:			;
  93:			
  94:			; -- Global --
  95:	0003'         	IOBYTE		EQU	0003H		; byte: Intel IOBYTE (CP/M 2.2 only)
  96:	0004'         	CDISK		EQU	0004H		; byte: Last logged drive
  97:	0006'         	BTPASIZ		EQU	0006H		; word: size of tpa + 1
  98:			;
  99:			; -- Private --
 100:	000B'         	HMEMPAG		EQU	000BH		; byte: highest ram page
 101:	000C'         	BBCBANK		EQU	000CH		; byte: current bank
 102:	000D'         	BBCSTCK		EQU	000DH		; word: current stack
 103:					;
 104:	004F'         	PRVTOP		EQU	004FH		; top of private area storage
 105:	004F'         	COLBUF		EQU	PRVTOP		; byte:
 106:	004E'         	DSELBF		EQU	COLBUF-1	; byte: floppy drive select status
 107:								; - bits: 0 = drive 0
 108:								; - bits: 1 = drive 1
 109:								; - bits: 2 = drive 2
 110:								; - bits: 3 = drive 3
 111:								; - bits: 4 = unused
 112:								; - bits: 5 = head select
 113:								; - bits: 6 = motor on (disabled by jumper)
 114:								; - bits: 7 = unused
 115:	004D'         	KBDBYTE		EQU	DSELBF-1	; byte: store keyboard input
 116:	004C'         	MIOBYTE		EQU	KBDBYTE-1	; byte:
 117:								; - bits: 0: 0 = floppy write		1 = floppy read
 118:								;         1: 0 = no ctrl on keypress	1 = ctrl on keypress
 119:								;         2: 0 = scroll			1 = no scroll
 120:								;         3: 0 = accept lowercase	1 = convert to uppercase
 121:								;         4: 0 = destr. bkspace		1 = non destr. bkspace
 122:								;         5: 0 = console out		1 = serial out
 123:								;         6: 0 = disp. all chars	1 = obscure non punct.
 124:								;         7: 0 = ctrl chr set 1		1 = ctrl chr set 2
 125:	004B'         	TMPBYTE		EQU	MIOBYTE-1	; byte: transients flags
 126:								; - bits: 0: 0 = high in cursor addressing
 127:								;         1: 0 = ESC catched by ANSI driver
 128:								;         2: 0 = CSI catched by ANSI driver
 129:								;         3: 0 = Two byte code ESC seq. from serial
 130:								;         4: 0 = Plain serial i/o (disable ANSI driver)
 131:								;         5: 0 = store interrupt status (on/off)
 132:								;         6: 0 = floppy home on err	1 = no home on err
 133:								;         7: 0 = unlock LBA free addressing (unpartitioned)
 134:	004A'         	CURSSHP		EQU	TMPBYTE-1	; cursor shape
 135:	0048'         	CURPBUF		EQU	CURSSHP-2	; word: cursor position
 136:	0046'         	FTRKBUF		EQU	CURPBUF-2	; word: track # for i/o (0 - 65535)
 137:	0045'         	FDRVBUF		EQU	FTRKBUF-1	; byte: drive number for i/0 (0 - 15)
 138:	0043'         	FSECBUF		EQU	FDRVBUF-2	; word: sector # for i/o (1 .. 65535)
 139:	0041'         	FRDPBUF		EQU	FSECBUF-2	; word: dma address for i/o
 140:	003F'         	FSEKBUF		EQU	FRDPBUF-2	; word: current track number for drive A/B
 141:	003E'         	RAM3BUF		EQU	FSEKBUF-1	; byte:
 142:	003D'         	RAM2BUF		EQU	RAM3BUF-1	; byte:
 143:	003C'         	RAM1BUF		EQU	RAM2BUF-1	; byte:
 144:	003B'         	RAM0BUF		EQU	RAM1BUF-1	; byte:
 145:	003A'         	RST7SP3		EQU	003AH		; keep clear area of RST38 (RST7)
 146:	0039'         	RST7SP2		EQU	0039H
 147:	0038'         	RST7SP1		EQU	0038H
 148:	002F'         	RSRVBUF		EQU	RST7SP1-9	; free 9 byte buffer
 149:	002D'         	APPBUF		EQU	RSRVBUF-2	; word: generic buffer
 150:	002C'         	COPSYS		EQU	APPBUF-1	; Op system type for partition selection
 151:	002B'         	UART0BR		EQU	COPSYS-1	; UART 0 baudrate
 152:	002A'         	UART1BR		EQU	UART0BR-1	; UART 1 baudrate
 153:	0029'         	CTC0TC		EQU	UART1BR-1	; CTC channel 0 time constant
 154:	0028'         	CTC1TC		EQU	CTC0TC-1	; CTC channel 1 time constant
 155:	0027'         	TIMRCON		EQU	CTC1TC-1	; timer buf
 156:	0026'         	CNFBYTE		EQU	TIMRCON-1	; config byte
 157:								; - bits: 0: 0 = UART1 intr disabled	1 = RST8 redir UART1
 158:								;         1: 1 = XON/XOFF enabled on UART0
 159:								;         2: 1 = RTS/CTS enabled on UART0
 160:								;         3: 0 = unused/reserved
 161:								;         4: 0 = unused/reserved
 162:								;         5: 0 = unused/reserved
 163:								;         6: 0 = unused/reserved
 164:								;         7: 0 = unused/reserved
 165:	000F'         	FIFOSTO		EQU	000FH		; fifo queues storage start
 166:	0008'         	FIFSIZE		EQU	8		; fifo queue lenght
 167:	000B'         	FIFBLOK		EQU	11		; fifo queue size
 168:	000F'         	FIFOU0		EQU	FIFOSTO		; uart 0 queue (alternate console)
 169:	001A'         	FIFOKB		EQU	FIFOU0+FIFBLOK	; keyboard queue
 170:	0025'         	FIFOEND		EQU	FIFOKB+FIFBLOK	; fifo blocks end
 171:			;
 172:	3000'         	BLDOFFS		EQU	3000H		; place for disk bootloader
 173:			
 174:			;
 175:			; Some commodity equs
 176:			;
 177:	000D'         	CR		EQU	0DH		; ascii CR & LF
 178:	000A'         	LF		EQU	0AH
 179:	000C'         	FF		EQU	0CH		; FORM FEED (clear screen)
 180:	001B'         	ESC		EQU	1BH		; ESCape
 181:	0011'         	XONC		EQU	11H		; Xon
 182:	0013'         	XOFC		EQU	13H		; Xoff
 183:	FFFF'         	TRUE		EQU	-1
 184:	0000'         	FALSE		EQU	0
 185:	0100'         	TPA		EQU	0100H		; TPA base address (for CP/M)
 186:			
 187:			;
 188:			; Modules equs
 189:			;
 190:				; delay
 191:	00F6'         	MSCNT		EQU	246
 192:				; mmu
 193:	000D'         	MMUTSTPAGE	EQU	0DH		; logical page used for sizing
 194:	D000'         	MMUTSTADDR	EQU	MMUTSTPAGE<<12	; logical page used for sizing
 195:			
 196:			; Conventionally all bios/monitor images start at $F000.
 197:			; Except for special cases all code is copied to ram @ $F000.
 198:			; In this case eeprom page 0 is directly mapped into logical space
 199:			; by hardware so we can initialize the system at cold boot.
 200:			;
 201:			; We assume to initialize MMU as follow:
 202:			;
 203:			; +--------+
 204:			; |  F000  |	-> $C0000  eeprom page 0
 205:			; +--------+
 206:			; +--------+
 207:			; |  EFFF  |
 208:			; +--------+
 209:			;     ...       -> $00000 to $0EFFF ram
 210:			; +--------+
 211:			; |  0000  |
 212:			; +--------+
 213:			;
 214:			
 215:			
 216:			; include	modules/hwequs.inc.asm
 217:			; Hardware equates
 218:			; ---------------------------------------------------------------------
 219:			
 220:			; ---------------------------------------------------------------------
 221:			; LX529 VIDEO BOARD:
 222:			; ---------------------------------------------------------------------
 223:	0080'         	CRTBASE		EQU	80H
 224:				; RAM0 for ascii chars & semi6. Combined with RAM1 and RAM2 for graphics
 225:	0080'         	CRTRAM0DAT	EQU	CRTBASE		; RAM0 access: PIO0 port A data register
 226:	0082'         	CRTRAM0CNT	EQU	CRTBASE+2	; RAM0 access: PIO0 port A control register
 227:				; Printer port
 228:	0081'         	CRTPRNTDAT	EQU	CRTBASE+1	; PRINTER (output): PIO0 port B data register
 229:	0083'         	CRTPRNTCNT	EQU	CRTBASE+3	; PRINTER (output): PIO0 port B control register
 230:								; STROBE is generated by hardware
 231:				; RAM1 for graphics. (pixel index by RAM0+RAM1+RAM2)
 232:	0084'         	CRTRAM1DAT	EQU	CRTBASE+4	; RAM1 access: PIO1 port A data register
 233:	0086'         	CRTRAM1CNT	EQU	CRTBASE+6	; RAM1 access: PIO1 port A control register
 234:				; Keyboard port (negated). Bit 7 is for strobe
 235:	0085'         	CRTKEYBDAT	EQU	CRTBASE+5	; KEYBOARD (input): PIO1 port B data register
 236:	0087'         	CRTKEYBCNT	EQU	CRTBASE+7	; KEYBOARD (input): PIO1 port B control register
 237:	0007'         	KEYBSTRBBIT	EQU	7		; Strobe bit
 238:				; RAM2 for graphics. (pixel index by RAM0+RAM1+RAM2)
 239:	0088'         	CRTRAM2DAT	EQU	CRTBASE+8	; RAM2 access: PIO2 port A data register
 240:	008A'         	CRTRAM2CNT	EQU	CRTBASE+10	; RAM2 access: PIO2 port A control register
 241:				; Service/User port
 242:	0089'         	CRTSERVDAT	EQU	CRTBASE+9	; Service (i/o): PIO2 port B data register
 243:	008B'         	CRTSERVCNT	EQU	CRTBASE+11	; Service (i/o): PIO2 port B control register
 244:	0000'         	PRNTBUSYBIT	EQU	0		; Printer BUSY bit		(in)	1
 245:	0001'         	CRTWIDTHBIT	EQU	1		; Set 40/80 chars per line	(out)	0
 246:	0002'         	PIO2BIT2	EQU	2		; user 1 (input)		(in)	1
 247:	0003'         	PIO2BIT3	EQU	3		; user 2 (input)		(in)	1
 248:	0004'         	PIO2BIT4	EQU	4		; user 3 (input)		(in)	1
 249:	0005'         	CLKSCLK		EQU	5		; DS1320 clock line		(out)	0
 250:	0006'         	CLKIO		EQU	6		; DS1320 I/O line		(i/o)	1
 251:	0007'         	CLKRST		EQU	7		; DS1320 RST line		(out)	0
 252:				; normal set for PIO2 (msb) 01011101 (lsb) that is hex $5D
 253:								; Other bits available to user
 254:				; RAM3 control chars/graphics attributes
 255:	008E'         	CRTRAM3PORT	EQU	CRTBASE+14	; RAM3 port
 256:	0000'         	CRTBLINKBIT	EQU	0		; Blink
 257:	0001'         	CRTREVRSBIT	EQU	1		; Reverse
 258:	0002'         	CRTUNDERBIT	EQU	2		; Underline
 259:	0003'         	CRTHILITBIT	EQU	3		; Highlight
 260:	0004'         	CRTMODEBIT	EQU	4		; ASCII/GRAPHIC mode
 261:				; Beeper port
 262:	008F'         	CRTBEEPPORT	EQU	CRTBASE+15	; Beeper port
 263:				; 6545 CRT controller ports
 264:	008C'         	CRT6545ADST	EQU	CRTBASE+12	; Address & Status register
 265:	008D'         	CRT6545DATA	EQU	CRTBASE+13	; Data register
 266:				; Cursor modes
 267:	0040'         	BLISLOWBLOK	EQU	40H		; Blink, slow, block
 268:	004A'         	BLISLOWLINE	EQU	4AH		; Blink, slow, line
 269:	0060'         	BLIFASTBLOK	EQU	60H		; Blink, fast, block
 270:	006A'         	BLIFASTLINE	EQU	6AH		; Blink, fast, line
 271:	0020'         	CURSOROFF	EQU	20H		; Off
 272:	0000'         	FIXBLOCK	EQU	00H		; Fixed, block
 273:	000A'         	CURSORON	EQU	0AH		; On
 274:			
 275:			; ---------------------------------------------------------------------
 276:			; LX390 FDC CONTROLLER:
 277:			; ---------------------------------------------------------------------
 278:	00D0'         	FDCBASE		EQU	0D0H
 279:	00D0'         	FDCCMDSTATR	EQU	FDCBASE		; Command and status register
 280:	00D1'         	FDCTRAKREG	EQU	FDCBASE+1	; Track register
 281:	00D2'         	FDCSECTREG	EQU	FDCBASE+2	; Sector register
 282:	00D7'         	FDCDATAREG	EQU	FDCBASE+7	; Data register *** Verificare che sia $d7
 283:	00D6'         	FDCDRVRCNT	EQU	FDCBASE+6	; Driver select/control register
 284:			;
 285:	0007'         	FDCRESTC	EQU	00000111b	; 1771 restore (seek to trak 0) cmd
 286:	0017'         	FDCSEEKC	EQU	00010111b	; seek cmd
 287:	0088'         	FDCREADC	EQU	10001000b	; read cmd
 288:	00A8'         	FDCWRITC	EQU	10101000b	; write cmd
 289:	00D0'         	FDCRESET	EQU	11010000b	; fdc reset immediate cmd
 290:			;
 291:			; ---------------------------------------------------------------------
 292:			; LX389: PARALLEL INTERFACE
 293:			; ---------------------------------------------------------------------
 294:			; alternate printer port
 295:	0003'         	ALTPRNPRT	EQU	03H
 296:			;
 297:			; parallel port PC link
 298:	0003'         	PPDATAP		EQU	03H		; Data port
 299:	0002'         	PPCNTRP		EQU	02H		; Control port
 300:	0000'         	PPSTROB		EQU	0		; Strobe bit
 301:	0001'         	PPAKSTB		EQU	1		; Acknowledge/Stop bit
 302:			;
 303:	0000'         	PPDINI		EQU	00H		; 00000000 Dnl Init byte
 304:	0004'         	PPDRDY		EQU	04H		; 00000100 Dnl Ready
 305:	0006'         	PPDSTP		EQU	06H		; 00000110 Dnl Stop
 306:	0002'         	PPDOKG		EQU	02H		; 00000010 Dnl Ok Go
 307:	0001'         	PPUINI		EQU	01H		; 00000001 Upl Init byte
 308:	0005'         	PPURDY		EQU	05H		; 00000101 Upl Ready
 309:	0007'         	PPUACK		EQU	07H		; 00000111 Upl Acknowledge
 310:	0003'         	PPUOKG		EQU	03H		; 00000011 Upl Ok Go
 311:			;
 312:			; virtual disks (PC-linked over parallel port)
 313:	0000'         	VDRDSEC		EQU	0		; read sector command
 314:	0001'         	VDWRSEC		EQU	1		; write sector command
 315:	000A'         	VDBUFSZ		EQU	10		; 10 bytes block
 316:			; ---------------------------------------------------------------------
 317:			; MULTF-BOARD: MMU, IDE, SERIAL, CTC
 318:			; ---------------------------------------------------------------------
 319:			; -- I/O --
 320:	0020'         	MMUPORT		EQU	20H
 321:	0021'         	MENAPRT		EQU	21H
 322:			; -- Map --
 323:	00C0'         	EEPAGE0		EQU	0C0H		; page 0 of eeprom
 324:	F000'         	EEPSTA		EQU	0F000H		; eeprom location after MMU reset
 325:	00EF'         	MMTPAPAG	EQU	(EEPSTA>>8)-1	; TPA top page (256 bytes pages)
 326:	00FF'         	IMTPAG		EQU	0FFH		; eeprom page with image table
 327:	0400'         	IMTSIZ		EQU	1024		; size
 328:	E000'         	RAMTBL		EQU	0E000H		; ram table location
 329:	0030'         	TBLBLK		EQU	48		; block size
 330:	0014'         	MAXBLK		EQU	20		; max images
 331:	03C0'         	RTBSIZ		EQU	TBLBLK * MAXBLK	; real table size
 332:								; A table block is:
 333:	0008'         	TNAMELEN	EQU	8		;	name		: 8 bytes
 334:	0002'         	TPAGELEN	EQU	2		;	page offset	: 2 bytes
 335:	0004'         	TIADDRLEN	EQU	4		;	image address	: 4 bytes
 336:	0004'         	TSIZELEN	EQU	4		;	image size	: 4 bytes
 337:	0014'         	TDESCLEN	EQU	20		;	description	: 20 bytes
 338:			; -- IDE --
 339:	00E0'         	IDEPORTA	EQU	0E0H		; lower 8 bits of IDE interface
 340:	00E1'         	IDEPORTB	EQU	0E1H		; upper 8 bits of IDE interface
 341:	00E2'         	IDEPORTC	EQU	0E2H		; control lines for IDE interface
 342:	00E3'         	IDEPORTCTRL	EQU	0E3H		; 8255 configuration port
 343:			
 344:	0092'         	READCFG8255	EQU	10010010b	; Set 8255 IDEportC to output, IDEportA/B input
 345:	0080'         	WRITECFG8255	EQU	10000000b	; Set all three 8255 ports to output mode
 346:			;IDE control lines for use with IDEportC.
 347:	0001'         	IDEA0LINE	EQU	01H		; direct from 8255 to IDE interface
 348:	0002'         	IDEA1LINE	EQU	02H		; direct from 8255 to IDE interface
 349:	0004'         	IDEA2LINE	EQU	04H		; direct from 8255 to IDE interface
 350:	0008'         	IDECS0LINE	EQU	08H		; inverter between 8255 and IDE interface
 351:	0010'         	IDECS1LINE	EQU	10H		; inverter between 8255 and IDE interface
 352:	0020'         	IDEWRLINE	EQU	20H		; inverter between 8255 and IDE interface
 353:	0040'         	IDERDLINE	EQU	40H		; inverter between 8255 and IDE interface
 354:	0080'         	IDERSTLINE	EQU	80H		; inverter between 8255 and IDE interface
 355:			;Symbolic constants for the IDE Drive registers
 356:	0008'         	REGDATA		EQU	IDECS0LINE
 357:	0009'         	REGERR		EQU	IDECS0LINE + IDEA0LINE
 358:	000A'         	REGSECCNT	EQU	IDECS0LINE + IDEA1LINE
 359:	000B'         	REGSECTOR	EQU	IDECS0LINE + IDEA1LINE + IDEA0LINE
 360:	000C'         	REGCYLLSB	EQU	IDECS0LINE + IDEA2LINE
 361:	000D'         	REGCYLMSB	EQU	IDECS0LINE + IDEA2LINE + IDEA0LINE
 362:	000E'         	REGSHD		EQU	IDECS0LINE + IDEA2LINE + IDEA1LINE		;(0EH)
 363:	000F'         	REGCOMMAND	EQU	IDECS0LINE + IDEA2LINE + IDEA1LINE + IDEA0LINE	;(0FH)
 364:	000F'         	REGSTATUS	EQU	IDECS0LINE + IDEA2LINE + IDEA1LINE + IDEA0LINE
 365:	0016'         	REGCONTROL	EQU	IDECS1LINE + IDEA2LINE + IDEA1LINE
 366:	0016'         	REGASTATUS	EQU	IDECS1LINE + IDEA2LINE + IDEA1LINE
 367:			;IDE Command Constants.
 368:	0010'         	CMDRECAL	EQU	010H
 369:	0020'         	CMDREAD		EQU	020H
 370:	0030'         	CMDWRITE	EQU	030H
 371:	0091'         	CMDINIT		EQU	091H
 372:	00EC'         	CMDID		EQU	0ECH
 373:	00E0'         	CMDSPINDOWN	EQU	0E0H
 374:	00E1'         	CMDSPINUP	EQU	0E1H
 375:			; -- 16C550 UARTS --
 376:	00C0'         	UART0BASE	EQU	0C0H		; Port base address for 0
 377:	00C8'         	UART1BASE	EQU	0C8H		; Port base address for 1
 378:	00C0'         	UART0		EQU	UART0BASE	; Select UART 0
 379:	00C8'         	UART1		EQU	UART1BASE	; Select UART 1
 380:	0000'         	R0RXTX		EQU	0		; (r/w) RXD/TXD Transmit/Receive Buffer
 381:	0000'         	R0BRDL		EQU	0		; (r/w) DLL  if bit 7 of LCR is set: Baud Rate Divisor LSB
 382:	0001'         	R1IER		EQU	1		; (r/w) IER - Interrupt Enable Register
 383:	0001'         	R1BRDM		EQU	1		; (r/w) DLM if bit 7 of LCR is set: Baud Rate Divisor MSB
 384:	0002'         	R2IIR		EQU	2		; (r)   IIR - Interrupt Identification Register
 385:	0002'         	R2FCR		EQU	2		; (w)   FCR - FIFO Control Register
 386:	0003'         	R3LCR		EQU	3		; (r/w) LCR - Line Control Register
 387:	0004'         	R4MCR		EQU	4		; (r/w) MCR - Modem Control Register
 388:	0005'         	R5LSR		EQU	5		; (r)   LSR - Line Status Register
 389:	0006'         	R6MSR		EQU	6		; (r)   MSR - Modem Status Register
 390:	0007'         	R7SPR		EQU	7		; (r/w) SPR - Scratch Pad Register
 391:				; speeds:
 392:	0060'         	UART1200	EQU	96		; = 1,843,200 / ( 16 x 1200 )
 393:	0030'         	UART2400	EQU	48		; = 1,843,200 / ( 16 x 2400 )
 394:	0018'         	UART4800	EQU	24		; = 1,843,200 / ( 16 x 4800 )
 395:	000C'         	UART9600	EQU	12		; = 1,843,200 / ( 16 x 9600 )
 396:	0006'         	UART19K2	EQU	06		; = 1,843,200 / ( 16 x 19,200 )
 397:	0003'         	UART38K4	EQU	03		; = 1,843,200 / ( 16 x 38,400 )
 398:	0002'         	UART57K6	EQU	02		; = 1,843,200 / ( 16 x 57,600 )
 399:	0001'         	UART115K2	EQU	01		; = 1,843,200 / ( 16 x 115,200 )
 400:			
 401:	0006'         	U0DEFSPEED	EQU	UART19K2	; UART 0 default speed
 402:	000C'         	U1DEFSPEED	EQU	UART9600	; UART 1 default speed
 403:			; -- Z80CTC --
 404:	00E8'         	CTCBASE		EQU	0E8H
 405:	00E8'         	CTCCHAN0	EQU	CTCBASE+0	; Channel 1 - Free
 406:	00E9'         	CTCCHAN1	EQU	CTCBASE+1	; Channel 2 - System Timer
 407:	00EA'         	CTCCHAN2	EQU	CTCBASE+2	; Channel 3 - UART 1 Interrupt
 408:	00EB'         	CTCCHAN3	EQU	CTCBASE+3	; Channel 4 - UART 0 Interrupt
 409:	0020'         	CTC0TCHI	EQU	32		; hi speed chan. 0 tc: 4Mhz / 256 / 32 = 488.28 Hz
 410:	0005'         	CTC1TC100HZ	EQU	5		; lo speed chan. 1 tc: 488.28 Hz / 5 = ~ 97.6 Hz
 411:	000A'         	CTC1TC50HZ	EQU	10		; lo speed chan. 1 tc: 488.28 Hz / 10 = ~ 48.8 Hz
 412:	0013'         	CTC1TC25HZ	EQU	19		; lo speed chan. 1 tc: 488.28 Hz / 19 = ~ 25 Hz
 413:	0030'         	CTC1TC10HZ	EQU	48		; lo speed chan. 1 tc: 488.28 Hz / 48 = ~ 10 Hz
 414:	00F4'         	CTC1TC2HZ	EQU	244		; lo speed chan. 1 tc: 488.28 Hz / 244 = ~ 2 Hz
 415:	0013'         	SYSHERTZ	EQU	CTC1TC25HZ	; System timer hertz
 416:			; -- EEPROM --
 417:	0001'         	EEP29EE		EQU	01H		; type 29EE020
 418:	0002'         	EEP29XE		EQU	02H		; type 29LE020 or 29VE020
 419:	0004'         	EEP29C		EQU	04H		; type 29C020
 420:	0008'         	EEPUNSUPP	EQU	08H		; unsupported
 421:	0010'         	EEPROGLOCK	EQU	10H		; programming locked
 422:				;
 423:	0080'         	EERINEPROM	EQU	80H		; tried to program eeprom running inside it
 424:			
 425:			;
 426:			; MMU organization
 427:			;
 428:			; MMU manage 16 4kb pages in Z80 address space (logical)
 429:			; It can assign any of 256 4k pages (physical) from its
 430:			; 1Mb address space.
 431:			;
 432:			; To load phisycal page XXh to logical page (in CPU address space) Y,
 433:			; you should consider that MMU is at a fixed address 20h and that
 434:			; logical 4K page Y is derived in the MMU by the usage of A12,A13,A14
 435:			; and A15 address lines during an I/O instruction.
 436:			;
 437:			; So to address phys. ram page 00h at the top of logical space page Fh
 438:			; you need to have Fh * on top address lines * because this address
 439:			; is the index to MMU page.
 440:			;
 441:			; So:
 442:			;
 443:			; 	LD	A,00h		<--- phis. page number	00xxxh (4k page)
 444:			; 	LD	B,F0h		<--- log. page number 	 Fxxxh (cpu page)
 445:			; 	LD	C,20h		<--- MMU I/O address
 446:			; 	OUT	(C),A
 447:			; 	RET
 448:			;
 449:			; The OUT instruction place:
 450:			; A on data lines D0-D7
 451:			; Fh (from B register) on A12-A15
 452:			; on port 20h (C register)
 453:			;
 454:			;
 455:			; Memory is organized as follow:
 456:			;
 457:			;	Slot 1	-> RAM	  -> 512k from 00000h to 7ffffh (mandatory)
 458:			;	Slot 2	-> RAM	  -> 128k from 80000h to 9ffffh (option 1)
 459:			;	Slot 2	-> RAM    -> 256k from 80000h to bffffh (option 2)
 460:			;	Slot 3	-> EEPROM -> 256k from c0000h to fffffh (mandatory)
 461:			;
 462:			
 463:			
 464:			;-------------------------------------
 465:			; Production / Testing
 466:			
 467:	FFFF'         	BBDEBUG	EQU	TRUE
 468:			
 469:			
 470:			;-------------------------------------
 471:			; Segments, pages locations
 472:			
 473:	FFFF'         	IF	BBDEBUG
 474:			
 475:	0004'         	BBIMGP	EQU	04H		; Image location (DEBUG)
 476:	000E'         	BBAPPP	EQU	0EH
 477:	000F'         	BBPAG	EQU	0FH		; Base page location
 478:			
 479:			ELSE
 485:			ENDIF
 486:			
 487:	000D'         	TRNPAG	EQU	0DH		; Page used for transient MMU ops
 488:	F000'         	BBBASE	EQU	BBPAG << 12	; non resident base address
 489:	FC00'         	BBCOMN	EQU	BBBASE + 0C00H	; resident portion address
 490:			
 491:	F000'         	SYSBASE EQU	BBBASE		; use this to have 60K TPA
 492:			; SYSBASE EQU	BBCOMN		; use this to have 63K TPA
 493:			
 494:			;-------------------------------------
**** move.asm ****
  19:			
  20:				PUBLIC	?MOVE,?XMOVE,?BANK
  21:	FFFF'         		IF BANKED
  22:				PUBLIC	BANKBF
  23:				ENDIF
  24:			
  25:				EXTRN	@CBNK
  26:			
  27:				.Z80
  28:			
  29:	0008'         	PAGES32K	EQU	32768/4096	; physical pages for a 32k bank
  30:	000C'         	PAGES48K	EQU	49152/4096	; physical pages for a 48k bank
  31:			
  32:				CSEG	; must be in common memory
  33:			
  34:				; setup an inter-bank move of 128 bytes on the next call
  35:				; to ?move
  36:	0000'         	?XMOVE:
  37:	FFFF'         		IF BANKED
  38:	0000' ED438900		LD	(SRCBNK),BC		; C -> srcbnk, b -> dstbnk
  39:				ENDIF
  40:	0004' C9      		RET
  41:			
  42:			; select bank in A
  43:			
  44:	0005'         	?BANK:
  45:	FFFF'         		IF BANKED
  46:	0005' ED738700		LD	(TMPSP),SP
  47:	0009' 318700  		LD	SP,TMPSTK
  48:	000C' C5      		PUSH	BC
  49:	000D' D5      		PUSH	DE
  50:	000E' E5      		PUSH	HL
  51:	000F' F3      		DI				; for safety
  52:				; **************************************************************
  53:				; we MUST have first 50 bytes in cpu page 0 copied in every bank
  54:				; so save them in buffer
  55:				; **************************************************************
  56:	0010' 210000  		LD	HL,0
  57:	0013' 110B01  		LD	DE,PAG0BF
  58:	0016' 015000  		LD	BC,$50
  59:	0019' EDB0    		LDIR
  60:				; normalize bank page.
  61:				; for now we leave a 32k hole every bank for 32k banks
  62:				; just in case we switch to 48k banks (and 16k holes)
  63:	001B' CB27    		SLA	A
  64:	001D' CB27    		SLA	A
  65:	001F' CB27    		SLA	A
  66:	0021' CB27    		SLA	A
  67:				; A is now physical base page address of bank
  68:				; meaning bank 1 has pages 10h to 17h (for 32k banks)
  69:	0023' 1E0C    		LD	E,PAGES48K		; # pages
  70:	0025' 0E20    		LD	C,MMUPORT		; MMU I/O address
  71:	0027' 57      		LD	D,A			; physical page pointer
  72:	0028' AF      		XOR	A
  73:	0029'         	BNKPAG:
  74:	0029' 47      		LD	B,A			; logical page pointer
  75:	002A' ED51    		OUT	(C),D
  76:	002C' 14      		INC	D			; phis. page address 00xxxh, 01xxxh....
  77:	002D' C610    		ADD	A,$10			; log. page address 0h,1h,2h.... (00h,10h....)
  78:	002F' 1D      		DEC	E
  79:	0030' 20F7    		JR	NZ,BNKPAG
  80:				; **************************************************************
  81:				; UPDATE first 50 bytes in cpu page 0
  82:				; **************************************************************
  83:	0032' 210B01  		LD	HL,PAG0BF
  84:	0035' 110000  		LD	DE,0
  85:	0038' 015000  		LD	BC,$50
  86:	003B' EDB0    		LDIR
  87:				;
  88:	003D' E1      		POP	HL
  89:	003E' D1      		POP	DE
  90:	003F' C1      		POP	BC
  91:	0040' ED7B8700		LD	SP,(TMPSP)
  92:	0044' FB      		EI				; let's run
  93:				ENDIF
  94:	0045' C9      		RET
  95:			
  96:				;  block move
  97:	0046'         	?MOVE:
  98:	FFFF'         		IF BANKED
  99:	0046' 3A8900  		LD	A,(SRCBNK)		; contains 0ffh if normal block move
 100:	0049' 3C      		INC	A
 101:	004A' 2005    		JR	NZ,INTERBANKMOVE
 102:				ENDIF
 103:	004C' EB      		EX	DE,HL			; we are passed source in de and dest in hl
 104:	004D' EDB0    		LDIR				; use z80 block move instruction
 105:	004F' EB      		EX	DE,HL			; need next address in same regs
 106:	0050' C9      		RET
 107:			
 108:	FFFF'         		IF BANKED
 109:			
 110:	0051'         	INTERBANKMOVE:		; source in HL, dest in DE, count in BC
 111:			
 112:	0051' 3A8900  		LD	A,(SRCBNK)
 113:	0054' CD0500  		CALL	?BANK			; source in place
 114:				;
 115:	0057' E5      		PUSH	HL
 116:	0058' C5      		PUSH	BC
 117:	0059' EB      		EX	DE,HL
 118:	005A' 118B00  		LD	DE,BANKBF		; to buffer
 119:	005D' EDB0    		LDIR
 120:				;
 121:	005F' C1      		POP	BC
 122:	0060' D1      		POP	DE
 123:	0061' E5      		PUSH	HL
 124:	0062' 3A8A00  		LD	A,(DSTBNK)
 125:	0065' CD0500  		CALL	?BANK			; dest. in place
 126:				;
 127:	0068' 218B00  		LD	HL,BANKBF
 128:	006B' EDB0    		LDIR				; to destination
 129:	006D' E1      		POP	HL
 130:	006E' EB      		EX	DE,HL
 131:				;
 132:	006F' 3A0000  		LD	A,(@CBNK)		; restore current
 133:	0072' CD0500  		CALL	?BANK
 134:	0075' 3EFF    		LD	A,$FF
 135:	0077' 328900  		LD	(SRCBNK),A
 136:	007A' C9      		RET
 137:			
 138:	007B'         		DEFS	12
 139:	0087'         	TMPSTK:
 140:	0087'         	TMPSP:	DEFS	2
 141:	0089' FF      	SRCBNK:	DEFB	0FFH
 142:	008A' FF      	DSTBNK:	DEFB	0FFH
 143:	008B'         	BANKBF:	DEFS	128		; local temporary buffer for extended moves
 144:	010B'         	PAG0BF:	DEFS	50
 145:			
 146:			
 147:			
 148:				ENDIF
 149:			
 150:	013D'         		END



Statistics:

     5	passes
     0	jr promotions
   322	symbols
     0	bytes



Symbol Table:

?bank              5'     (public)
?move             46'     (public)
?xmove             0'     (public)
@cbnk              0      (extern)
altprnprt      =   3     
appbuf         =  2d     
bankbf            8b'     (public)
banked         =ffffffff 
bbappp         =   e     
bbbase         =f000     
bbcalret       =fd5a     
bbcbank        =   c     
bbcomn         =fc00     
bbconin        =fd94     
bbconout       =fd9f     
bbconst        =fdaa     
bbcpboot       =fcc3     
bbcrtcini      =fc03     
bbcrtfill      =fc09     
bbcstck        =   d     
bbcurset       =fc21     
bbdebug        =ffffffff 
bbdiv16        =fcdb     
bbdmaset       =fcb7     
bbdprmset      =fd17     
bbdriveid      =fcf3     
bbdsksel       =fcbd     
bbeidck        =fd23     
bbepmngr       =fd1d     
bbexec         =fd29     
bbfdrvsel      =fcd5     
bbfhome        =fc81     
bbflopio       =fc93     
bbfread        =fc87     
bbfwrite       =fc8d     
bbhdboot       =fd0b     
bbhdgeo        =fd05     
bbhdinit       =fced     
bbhdrd         =fcff     
bbhdwr         =fcf9     
bbimgp         =   4     
bbinictc       =fc57     
bbldpart       =fd11     
bbmul16        =fce1     
bboffcal       =fce7     
bbpag          =   f     
bbprcvblk      =fc6f     
bbprnchr       =fc99     
bbpsndblk      =fc63     
bbrdtime       =fca5     
bbrdvdsk       =fc75     
bbresctc       =fc5d     
bbsecset       =fcb1     
bbsidset       =fccf     
bbstack        =fec0     
bbstbase       =fe9c     
bbsttim        =fc9f     
bbtrkset       =fcab     
bbu0ini        =fc39     
bbu1ini        =fc51     
bbu1rx         =fc45     
bbu1st         =fc4b     
bbu1tx         =fc3f     
bbuplchr       =fc69     
bbvcpmbt       =fcc9     
bbvoid         =fd6a     
bbwrvdsk       =fc7b     
bldoffs        =3000     
blifastblok    =  60     
blifastline    =  6a     
blislowblok    =  40     
blislowline    =  4a     
bnkpag            29'    
btpasiz        =   6     
cdisk          =   4     
clkio          =   6     
clkrst         =   7     
clksclk        =   5     
cmdid          =  ec     
cmdinit        =  91     
cmdread        =  20     
cmdrecal       =  10     
cmdspindown    =  e0     
cmdspinup      =  e1     
cmdwrite       =  30     
cnfbyte        =  26     
colbuf         =  4f     
copsys         =  2c     
cr             =   d     
crt6545adst    =  8c     
crt6545data    =  8d     
crtbase        =  80     
crtbeepport    =  8f     
crtblinkbit    =   0     
crthilitbit    =   3     
crtkeybcnt     =  87     
crtkeybdat     =  85     
crtmodebit     =   4     
crtprntcnt     =  83     
crtprntdat     =  81     
crtram0cnt     =  82     
crtram0dat     =  80     
crtram1cnt     =  86     
crtram1dat     =  84     
crtram2cnt     =  8a     
crtram2dat     =  88     
crtram3port    =  8e     
crtrevrsbit    =   1     
crtservcnt     =  8b     
crtservdat     =  89     
crtunderbit    =   2     
crtwidthbit    =   1     
ctc0tc         =  29     
ctc0tchi       =  20     
ctc1tc         =  28     
ctc1tc100hz    =   5     
ctc1tc10hz     =  30     
ctc1tc25hz     =  13     
ctc1tc2hz      =  f4     
ctc1tc50hz     =   a     
ctcbase        =  e8     
ctcchan0       =  e8     
ctcchan1       =  e9     
ctcchan2       =  ea     
ctcchan3       =  eb     
curpbuf        =  48     
cursoroff      =  20     
cursoron       =   a     
cursshp        =  4a     
delay          =fd85     
dly1           =fd89     
dly2           =fd87     
dostx          =fe6f     
dselbf         =  4e     
dstbnk            8a'    
eep29c         =   4     
eep29ee        =   1     
eep29xe        =   2     
eepage0        =  c0     
eeproglock     =  10     
eepsta         =f000     
eepunsupp      =   8     
eerineprom     =  80     
esc            =  1b     
false          =   0     
fdcbase        =  d0     
fdccmdstatr    =  d0     
fdcdatareg     =  d7     
fdcdrvrcnt     =  d6     
fdcreadc       =  88     
fdcreset       =  d0     
fdcrestc       =   7     
fdcsectreg     =  d2     
fdcseekc       =  17     
fdctrakreg     =  d1     
fdcwritc       =  a8     
fdrvbuf        =  45     
ff             =   c     
fifblok        =   b     
fifoend        =  25     
fifokb         =  1a     
fifosto        =   f     
fifou0         =   f     
fifsize        =   8     
fin            =fdc4     
fixblock       =   0     
fout           =fde1     
frdpbuf        =  41     
fsecbuf        =  43     
fsekbuf        =  3f     
fstat          =fdb5     
ftrkbuf        =  46     
hmempag        =   b     
idea0line      =   1     
idea1line      =   2     
idea2line      =   4     
idecs0line     =   8     
idecs1line     =  10     
ideporta       =  e0     
ideportb       =  e1     
ideportc       =  e2     
ideportctrl    =  e3     
iderdline      =  40     
iderstline     =  80     
idewrline      =  20     
imtpag         =  ff     
imtsiz         = 400     
interbankmove     51'    
intrdi         =fe0f     
intren         =fdfe     
iobyte         =   3     
kbdbyte        =  4d     
keybstrbbit    =   7     
lf             =   a     
maxblk         =  14     
menaprt        =  21     
miobyte        =  4c     
mmgetp         =fd78     
mmpmap         =fd6b     
mmtpapag       =  ef     
mmuport        =  20     
mmutstaddr     =d000     
mmutstpage     =   d     
monmaj         =  33     
monmin         =  34     
mscnt          =  f6     
mzmac          =   1     
pag0bf           10b'    
pages32k       =   8     
pages48k       =   c     
pio2bit2       =   2     
pio2bit3       =   3     
pio2bit4       =   4     
ppakstb        =   1     
ppcntrp        =   2     
ppdatap        =   3     
ppdini         =   0     
ppdokg         =   2     
ppdrdy         =   4     
ppdstp         =   6     
ppstrob        =   0     
ppuack         =   7     
ppuini         =   1     
ppuokg         =   3     
ppurdy         =   5     
prntbusybit    =   0     
prvtop         =  4f     
r0brdl         =   0     
r0rxtx         =   0     
r1brdm         =   1     
r1ier          =   1     
r2fcr          =   2     
r2iir          =   2     
r3lcr          =   3     
r4mcr          =   4     
r5lsr          =   5     
r6msr          =   6     
r7spr          =   7     
ram0buf        =  3b     
ram1buf        =  3c     
ram2buf        =  3d     
ram3buf        =  3e     
ramtbl         =e000     
readcfg8255    =  92     
regastatus     =  16     
regcommand     =   f     
regcontrol     =  16     
regcyllsb      =   c     
regcylmsb      =   d     
regdata        =   8     
regerr         =   9     
regseccnt      =   a     
regsector      =   b     
regshd         =   e     
regstatus      =   f     
rldrom         =fe85     
rsrvbuf        =  2f     
rst7sp1        =  38     
rst7sp2        =  39     
rst7sp3        =  3a     
rtbsiz         = 3c0     
sconin         =fc2d     
sconout        =fc27     
sconst         =fc33     
sintvec        =fff0     
srcbnk            89'    
srxrsm         =fe6d     
srxstp         =fe69     
sysbase        =f000     
syscmlo        =fec0     
syscom         =fc00     
syshertz       =  13     
sytimr         =fe19     
tblblk         =  30     
tdesclen       =  14     
tiaddrlen      =   4     
timrcon        =  27     
tmpbyte        =  4b     
tmpsp             87'    
tmpstk            87'    
tnamelen       =   8     
tpa            = 100     
tpagelen       =   2     
trnpag         =   d     
true           =ffffffff 
tsizelen       =   4     
tx0            =fe77     
tx01           =fe79     
u0defspeed     =   6     
u0isr          =fe25     
u1defspeed     =   c     
u1isr          =fe5b     
u1nul          =fe65     
uart0          =  c0     
uart0base      =  c0     
uart0br        =  2b     
uart1          =  c8     
uart115k2      =   1     
uart1200       =  60     
uart19k2       =   6     
uart1base      =  c8     
uart1br        =  2a     
uart2400       =  30     
uart38k4       =   3     
uart4800       =  18     
uart57k6       =   2     
uart9600       =   c     
uastav         =fe90     
uastkb         =fe92     
uisre          =fe50     
uisri          =fe35     
vconin         =fc15     
vconout        =fc0f     
vconst         =fc1b     
vdbufsz        =   a     
vdrdsec        =   0     
vdwrsec        =   1     
voidisr        =fe22     
writecfg8255   =  80     
xofc           =  13     
xonc           =  11     
zpm3           =   0     
