ZAS Relocating Macro Assembler (v3.05                             page    1
                                                            
                                                            

  0000           ;  PROGRAM:  SYSNDR.ASM
  0000           ;  AUTHOR:  RICHARD CONN
  0000           ;  VERSION:  1.0
  0000           ;  DATE:  24 FEB 84
  0000           
  0000           ;
  0000           ;       SYSNDR.ASM sets up a memory-based named directory file suitable
  0000           ; for loading by Z3LDR.  It does this by including SYSNDR.LIB.
  0000           ;
  0000+                  MACLIB  SYSNDR
  0000+          ;  DATA FILE:  SYSNDR.LIB
  0000+          ;  AUTHOR:  Richard Conn
  0000+          ;  VERSION:  1.0
  0000+          ;  DATE:  24 Feb 84
  0000+          
  0000+          ;
  0000+          ;       SYSNDR.LIB defines the structure of the memory-based named directory.
  0000+          ; It also defines a few elements for it and is suitable for enclosure in
  0000+          ; an NDR file.
  0000+          ;
  0000+          ;       The general structure is:
  0000+          ;
  0000+          ;               DB      Disk,User       ; A=1
  0000+          ;               DB      'NDIRNAME'      ; 8 chars
  0000+          ;               DB      'PASSWORD'      ; 8 chars
  0000+          ;               ...                     ; other entries
  0000+          ;               DB      0               ; End of NDR
  0000+          ;
  0000+          defdu   macro   ?disk,?user
  0000+                  db      ?disk-'@'               ; Convert Disk
  0000+                  db      ?user                   ; User is OK
  0000+                  endm
  0000+          
  0000+          sysndr  macro
  0000+                  defdu   'A',0
  0000+                  db      'BASE    '
  0000+                  db      '        '
  0000+          
  0000+                  defdu   'A',1
  0000+                  db      'ZDS     '
  0000+                  db      '        '
  0000+          
  0000+                  defdu   'A',14
  0000+                  db      'HELP    '
  0000+                  db      '        '
  0000+          
  0000+                  defdu   'A',15
  0000+                  db      'ROOT    '
  0000+                  db      '        '
  0000+          
  0000+                  defdu   'B',0
  0000+                  db      'SCRATCH '
  0000+                  db      '        '
  0000+          
  0000+          ;       defdu   'B',1
  0000+          ;       db      'ASM     '
ZAS Relocating Macro Assembler (v3.05                             page    2
                                                            
                                                            

  0000+          ;       db      '        '
  0000+          ;
  0000+          ;       defdu   'B',2
  0000+          ;       db      'C       '
  0000+          ;       db      '        '
  0000+          ;
  0000+          ;       defdu   'B',3
  0000+          ;       db      'PASCAL  '
  0000+          ;       db      '        '
  0000+          ;
  0000+          ;       defdu   'B',4
  0000+          ;       db      'SCR     '
  0000+          ;       db      '        '
  0000+          ;
  0000+          ;       defdu   'B',5
  0000+          ;       db      'BASIC   '
  0000+          ;       db      '        '
  0000+          ;
  0000+          ;       defdu   'B',7
  0000+          ;       db      'TEXT    '
  0000+          ;       db      '        '
  0000+          ;
  0000+          ;       defdu   'B',8
  0000+          ;       db      'CAT     '
  0000+          ;       db      '        '
  0000+          ;
  0000+          ;       defdu   'B',9
  0000+          ;       db      'DATA    '
  0000+          ;       db      '        '
  0000+          ;
  0000+          ;       defdu   'C',0
  0000+          ;       db      'BACKUP  '
  0000+          ;       db      '        '
  0000+          
  0000+                  db      0               ;End of List
  0000+                  endm
  0000+          
  0000+          ;
  0000+          ;  End of SYSNDR.LIB
  0000+          ;
  0000           
  0100                   org     100h
  0100           
  0100                   SYSNDR          ; Invoke macro
  0100                   defdu   'A',0
  0100 01                db      'A'-'@'         ; Convert Disk
  0101 00                db      0                       ; User is OK
  0102                   endm
  0102 4241534520        db      'BASE    '
  010A 2020202020        db      '        '
  0112           
  0112                   defdu   'A',1
  0112 01                db      'A'-'@'         ; Convert Disk
  0113 01                db      1                       ; User is OK
  0114                   endm
  0114 5A44532020        db      'ZDS     '
ZAS Relocating Macro Assembler (v3.05                             page    3
                                                            
                                                            

  011C 2020202020        db      '        '
  0124           
  0124                   defdu   'A',14
  0124 01                db      'A'-'@'         ; Convert Disk
  0125 0E                db      14                      ; User is OK
  0126                   endm
  0126 48454C5020        db      'HELP    '
  012E 2020202020        db      '        '
  0136           
  0136                   defdu   'A',15
  0136 01                db      'A'-'@'         ; Convert Disk
  0137 0F                db      15                      ; User is OK
  0138                   endm
  0138 524F4F5420        db      'ROOT    '
  0140 2020202020        db      '        '
  0148           
  0148                   defdu   'B',0
  0148 02                db      'B'-'@'         ; Convert Disk
  0149 00                db      0                       ; User is OK
  014A                   endm
  014A 5343524154        db      'SCRATCH '
  0152 2020202020        db      '        '
  015A           
  015A           ;       defdu   'B',1
  015A           ;       db      'ASM     '
  015A           ;       db      '        '
  015A           ;
  015A           ;       defdu   'B',2
  015A           ;       db      'C       '
  015A           ;       db      '        '
  015A           ;
  015A           ;       defdu   'B',3
  015A           ;       db      'PASCAL  '
  015A           ;       db      '        '
  015A           ;
  015A           ;       defdu   'B',4
  015A           ;       db      'SCR     '
  015A           ;       db      '        '
  015A           ;
  015A           ;       defdu   'B',5
  015A           ;       db      'BASIC   '
  015A           ;       db      '        '
  015A           ;
  015A           ;       defdu   'B',7
  015A           ;       db      'TEXT    '
  015A           ;       db      '        '
  015A           ;
  015A           ;       defdu   'B',8
  015A           ;       db      'CAT     '
  015A           ;       db      '        '
  015A           ;
  015A           ;       defdu   'B',9
  015A           ;       db      'DATA    '
  015A           ;       db      '        '
  015A           ;
  015A           ;       defdu   'C',0
ZAS Relocating Macro Assembler (v3.05                             page    4
                                                            
                                                            

  015A           ;       db      'BACKUP  '
  015A           ;       db      '        '
  015A           
  015A 00                db      0               ;End of List
  015B                   endm
  015B           
  015B                   end

**** Symbol table ****
DEFDU           FE05 SYSNDR          FDBB 
                                                          

  015A           ;       db      'BACKUP  '
  