eeschema (2011-03-23 BZR 2918)-stable  >> Creation date: 12/14/2011 3:46:28 PM

#Cmp ( order = Reference )
| C1         0.1uF       
| C2         0.1uF       
| C3         0.1uF       
| C4         0.1uF       
| C5         0.1uF       
| C6         0.1uF       
| C7         0.1uF       
| C8         0.1uF       
| C9         0.1uF       
| C10        0.1uF       
| C11        0.1uF       
| C12        0.1uF       
| C13        0.1uF       
| C14        0.1uF       
| C15        0.1uF       
| C16        0.1uF       
| C17        22uF        
| C18        22uF        
| D1         IDE_LED     
| JP1        RESET_SEL   
| JP2        IO_SEL      
| JP3        FDC_INT_SEL 
| JP4        READY/DC    
| JP5        TWO SIDE    
| JP6        DENSEL      
| JP7        IBM_FDC     
| JP8        IDE_VCC     
| P1         ECB BUS     
| P2         IDE         
| P3         FLOPPY      
| P4         SHUGART50   
| P5         IDE_LED     
| R1         10k         
| R2         10k         
| R3         10k         
| R4         10k         
| R5         470         
| R6         470         
| R7         0           
| RR1        150/1k      
| U1         FDC9266     
| U2         8255        
| U3         74LS273     
| U4         74LS245     
| U5         74LS241     
| U6         74LS241     
| U7         74LS240     
| U8         74LS139     
| U9         74LS138     
| U10        74LS125     
| U11        74LS32      
| U12        74LS14      
| U13        74LS14      
| U14        74LS06      
| U15        74LS06      
| U16        8MHz        
#End Cmp

#Cmp ( order = Value )
| 0            R7        
| 0.1uF        C1        
| 0.1uF        C2        
| 0.1uF        C3        
| 0.1uF        C4        
| 0.1uF        C5        
| 0.1uF        C6        
| 0.1uF        C7        
| 0.1uF        C8        
| 0.1uF        C9        
| 0.1uF        C10       
| 0.1uF        C11       
| 0.1uF        C12       
| 0.1uF        C13       
| 0.1uF        C14       
| 0.1uF        C15       
| 0.1uF        C16       
| 10k          R1        
| 10k          R2        
| 10k          R3        
| 10k          R4        
| 150/1k       RR1       
| 22uF         C17       
| 22uF         C18       
| 470          R5        
| 470          R6        
| 74LS06       U14       
| 74LS06       U15       
| 74LS125      U10       
| 74LS138      U9        
| 74LS139      U8        
| 74LS14       U12       
| 74LS14       U13       
| 74LS240      U7        
| 74LS241      U5        
| 74LS241      U6        
| 74LS245      U4        
| 74LS273      U3        
| 74LS32       U11       
| 8255         U2        
| 8MHz         U16       
| DENSEL       JP6       
| ECB BUS      P1        
| FDC9266      U1        
| FDC_INT_SEL  JP3       
| FLOPPY       P3        
| IBM_FDC      JP7       
| IDE          P2        
| IDE_LED      D1        
| IDE_LED      P5        
| IDE_VCC      JP8       
| IO_SEL       JP2       
| READY/DC     JP4       
| RESET_SEL    JP1       
| SHUGART50    P4        
| TWO SIDE     JP5       
#End Cmp

#End List
