This file contains any messages produced by compilers while
running configure, to aid debugging if configure makes a mistake.

It was created by configure, which was
generated by GNU Autoconf 2.68.  Invocation command line was

  $ ./configure --disable-option-checking --prefix=/usr/local --cache-file=/dev/null --srcdir=.

## --------- ##
## Platform. ##
## --------- ##

hostname = vger.home.site
uname -m = x86_64
uname -r = 4.14.12-1-default
uname -s = Linux
uname -v = #1 SMP PREEMPT Fri Jan 5 18:15:55 UTC 2018 (3cf399e)

/usr/bin/uname -p = x86_64
/bin/uname -X     = unknown

/bin/arch              = x86_64
/usr/bin/arch -k       = unknown
/usr/convex/getsysinfo = unknown
/usr/bin/hostinfo      = unknown
/bin/machine           = unknown
/usr/bin/oslevel       = unknown
/bin/universe          = unknown

PATH: /home/pbetti/bin
PATH: /home/pbetti/bin
PATH: /usr/local/bin
PATH: /usr/bin
PATH: /bin
PATH: /usr/lib/mit/bin
PATH: /usr/lib/mit/sbin
PATH: .


## ----------- ##
## Core tests. ##
## ----------- ##

configure:2075: loading site script /usr/share/site/x86_64-unknown-linux-gnu
| #!/bin/sh
| # Site script for configure. It is resourced via $CONFIG_SITE environment varaible.
| 
| # If user did not specify libdir, guess the correct target:
| # Use lib64 for 64 bit bi-arch targets, keep the default for the rest.
| if test "$libdir" = '${exec_prefix}/lib' ; then
| 
| 	ac_config_site_64bit_host=NONE
| 
| 	case "$host" in
| 	"" )
| 		# User did not specify host target.
| 		# The native platform x86_64 is a bi-arch platform.
| 		# Try to detect cross-compilation to inferior architecture.
| 
| 		# We are trying to guess 32-bit target compilation. It's not as easy as
| 		# it sounds, as there is possible several intermediate combinations.
| 		ac_config_site_cross_to_32bit_host=NONE
| 
| 		# User defined -m32 in CFLAGS or CXXFLAGS or CC or CXX:
| 		# (It's sufficient for 32-bit, but alone may cause mis-behavior of some checks.)
| 		case "$CFLAGS $CXXFLAGS $CC $CXX" in
| 		*-m32*)
| 			ac_config_site_cross_to_32bit_host=YES
| 			;;
| 		esac
| 
| 		# Running with linux32:
| 		# (Changes detected platform, but not the toolchain target.)
| 		case "`/bin/uname -i`" in
| 		x86_64 | ppc64 | s390x | aarch64 )
| 			;;
| 		* )
| 			ac_config_site_cross_to_32bit_host=YES
| 			;;
| 		esac
| 
| 		if test "x$ac_config_site_cross_to_32bit_host" = xNONE; then
| 			ac_config_site_64bit_host=YES
| 		fi
| 
| 		;;
| 	*x86_64* | *ppc64* | *s390x* | *aarch64* )
| 		ac_config_site_64bit_host=YES
| 		;;
| 	esac
| 
| 	if test "x$ac_config_site_64bit_host" = xYES; then
| 		libdir='${exec_prefix}/lib64'
| 	fi
| fi
| 
| # If user did not specify libexecdir, set the correct target:
| # Nor FHS nor openSUSE allow prefix/libexec. Let's default to prefix/lib.
| 
| if test "$libexecdir" = '${exec_prefix}/libexec' ; then
| 	libexecdir='${exec_prefix}/lib'
| fi
| 
| # Continue with the standard behavior of configure defined in AC_SITE_LOAD:
| if test "x$prefix" != xNONE; then
| 	ac_site_file1=$prefix/share/config.site
| 	ac_site_file2=$prefix/etc/config.site
| else
| 	ac_site_file1=$ac_default_prefix/share/config.site
| 	ac_site_file2=$ac_default_prefix/etc/config.site
| fi
| for ac_site_file in "$ac_site_file1" "$ac_site_file2"
| do
| 	test "x$ac_site_file" = xNONE && continue
| 	if test /dev/null != "$ac_site_file" && test -r "$ac_site_file"; then
| 		{ $as_echo "/usr/share/site/x86_64-unknown-linux-gnu:${as_lineno-$LINENO}: loading site script $ac_site_file" >&5
| $as_echo "/usr/share/site/x86_64-unknown-linux-gnu: loading site script $ac_site_file" >&6;}
| 		sed 's/^/| /' "$ac_site_file" >&5
| 		. "$ac_site_file" \
| 			|| { { $as_echo "/usr/share/site/x86_64-unknown-linux-gnu:${as_lineno-$LINENO}: error: in \`$ac_pwd':" >&5
| $as_echo "/usr/share/site/x86_64-unknown-linux-gnu: error: in \`$ac_pwd':" >&2;}
| as_fn_error $? "failed to load site script $ac_site_file
| See \`config.log' for more details" "$LINENO" 5; }
| 	fi
| done
configure:2230: checking build system type
configure:2244: result: x86_64-unknown-linux-gnu
configure:2264: checking host system type
configure:2277: result: x86_64-unknown-linux-gnu
configure:2318: checking how to print strings
configure:2345: result: printf
configure:2414: checking for gcc
configure:2430: found /usr/bin/gcc
configure:2441: result: gcc
configure:2670: checking for C compiler version
configure:2679: gcc --version >&5
gcc (SUSE Linux) 7.2.1 20171020 [gcc-7-branch revision 253932]
Copyright (C) 2017 Free Software Foundation, Inc.
This is free software; see the source for copying conditions.  There is NO
warranty; not even for MERCHANTABILITY or FITNESS FOR A PARTICULAR PURPOSE.

configure:2690: $? = 0
configure:2679: gcc -v >&5
Using built-in specs.
COLLECT_GCC=gcc
COLLECT_LTO_WRAPPER=/usr/lib64/gcc/x86_64-suse-linux/7/lto-wrapper
OFFLOAD_TARGET_NAMES=hsa:nvptx-none
Target: x86_64-suse-linux
Configured with: ../configure --prefix=/usr --infodir=/usr/share/info --mandir=/usr/share/man --libdir=/usr/lib64 --libexecdir=/usr/lib64 --enable-languages=c,c++,objc,fortran,obj-c++,ada,go --enable-offload-targets=hsa,nvptx-none=/usr/nvptx-none, --without-cuda-driver --enable-checking=release --disable-werror --with-gxx-include-dir=/usr/include/c++/7 --enable-ssp --disable-libssp --disable-libvtv --disable-libcc1 --enable-plugin --with-bugurl=http://bugs.opensuse.org/ --with-pkgversion='SUSE Linux' --with-slibdir=/lib64 --with-system-zlib --enable-__cxa_atexit --enable-libstdcxx-allocator=new --disable-libstdcxx-pch --enable-version-specific-runtime-libs --with-gcc-major-version-only --enable-linker-build-id --enable-linux-futex --enable-gnu-indirect-function --program-suffix=-7 --without-system-libunwind --enable-multilib --with-arch-32=x86-64 --with-tune=generic --build=x86_64-suse-linux --host=x86_64-suse-linux
Thread model: posix
gcc version 7.2.1 20171020 [gcc-7-branch revision 253932] (SUSE Linux) 
configure:2690: $? = 0
configure:2679: gcc -V >&5
gcc: error: unrecognized command line option '-V'
gcc: fatal error: no input files
compilation terminated.
configure:2690: $? = 1
configure:2679: gcc -qversion >&5
gcc: error: unrecognized command line option '-qversion'; did you mean '--version'?
gcc: fatal error: no input files
compilation terminated.
configure:2690: $? = 1
configure:2710: checking whether the C compiler works
configure:2732: gcc    conftest.c  >&5
configure:2736: $? = 0
configure:2784: result: yes
configure:2787: checking for C compiler default output file name
configure:2789: result: a.out
configure:2795: checking for suffix of executables
configure:2802: gcc -o conftest    conftest.c  >&5
configure:2806: $? = 0
configure:2828: result: 
configure:2850: checking whether we are cross compiling
configure:2858: gcc -o conftest    conftest.c  >&5
configure:2862: $? = 0
configure:2869: ./conftest
configure:2873: $? = 0
configure:2888: result: no
configure:2893: checking for suffix of object files
configure:2915: gcc -c   conftest.c >&5
configure:2919: $? = 0
configure:2940: result: o
configure:2944: checking whether we are using the GNU C compiler
configure:2963: gcc -c   conftest.c >&5
configure:2963: $? = 0
configure:2972: result: yes
configure:2981: checking whether gcc accepts -g
configure:3001: gcc -c -g  conftest.c >&5
configure:3001: $? = 0
configure:3042: result: yes
configure:3059: checking for gcc option to accept ISO C89
configure:3123: gcc  -c -g -O2  conftest.c >&5
configure:3123: $? = 0
configure:3136: result: none needed
configure:3156: checking for a sed that does not truncate output
configure:3220: result: /usr/bin/sed
configure:3238: checking for grep that handles long lines and -e
configure:3296: result: /usr/bin/grep
configure:3301: checking for egrep
configure:3363: result: /usr/bin/grep -E
configure:3368: checking for fgrep
configure:3430: result: /usr/bin/grep -F
configure:3465: checking for ld used by gcc
configure:3532: result: /usr/x86_64-suse-linux/bin/ld
configure:3539: checking if the linker (/usr/x86_64-suse-linux/bin/ld) is GNU ld
configure:3554: result: yes
configure:3566: checking for BSD- or MS-compatible name lister (nm)
configure:3615: result: /usr/bin/nm -B
configure:3745: checking the name lister (/usr/bin/nm -B) interface
configure:3752: gcc -c -g -O2  conftest.c >&5
configure:3755: /usr/bin/nm -B "conftest.o"
configure:3758: output
0000000000000000 B some_variable
configure:3765: result: BSD nm
configure:3768: checking whether ln -s works
configure:3772: result: yes
configure:3780: checking the maximum length of command line arguments
configure:3910: result: 1572864
configure:3927: checking whether the shell understands some XSI constructs
configure:3937: result: yes
configure:3941: checking whether the shell understands "+="
configure:3947: result: yes
configure:3982: checking how to convert x86_64-unknown-linux-gnu file names to x86_64-unknown-linux-gnu format
configure:4022: result: func_convert_file_noop
configure:4029: checking how to convert x86_64-unknown-linux-gnu file names to toolchain format
configure:4049: result: func_convert_file_noop
configure:4056: checking for /usr/x86_64-suse-linux/bin/ld option to reload object files
configure:4063: result: -r
configure:4137: checking for objdump
configure:4153: found /usr/bin/objdump
configure:4164: result: objdump
configure:4196: checking how to recognize dependent libraries
configure:4398: result: pass_all
configure:4483: checking for dlltool
configure:4513: result: no
configure:4543: checking how to associate runtime and link libraries
configure:4570: result: printf %s\n
configure:4631: checking for ar
configure:4647: found /usr/bin/ar
configure:4658: result: ar
configure:4695: checking for archiver @FILE support
configure:4712: gcc -c -g -O2  conftest.c >&5
configure:4712: $? = 0
configure:4715: ar cru libconftest.a @conftest.lst >&5
configure:4718: $? = 0
configure:4723: ar cru libconftest.a @conftest.lst >&5
ar: conftest.o: No such file or directory
configure:4726: $? = 1
configure:4738: result: @
configure:4796: checking for strip
configure:4812: found /usr/bin/strip
configure:4823: result: strip
configure:4895: checking for ranlib
configure:4911: found /usr/bin/ranlib
configure:4922: result: ranlib
configure:4999: checking for gawk
configure:5015: found /usr/bin/gawk
configure:5026: result: gawk
configure:5066: checking command to parse /usr/bin/nm -B output from gcc object
configure:5186: gcc -c -g -O2  conftest.c >&5
configure:5189: $? = 0
configure:5193: /usr/bin/nm -B conftest.o \| sed -n -e 's/^.*[ ]\([ABCDGIRSTW][ABCDGIRSTW]*\)[ ][ ]*\([_A-Za-z][_A-Za-z0-9]*\)$/\1 \2 \2/p' | sed '/ __gnu_lto/d' \> conftest.nm
configure:5196: $? = 0
configure:5262: gcc -o conftest -g -O2   conftest.c conftstm.o >&5
configure:5265: $? = 0
configure:5303: result: ok
configure:5340: checking for sysroot
configure:5370: result: no
configure:5447: gcc -c -g -O2  conftest.c >&5
configure:5450: $? = 0
configure:5626: checking for mt
configure:5642: found /usr/bin/mt
configure:5653: result: mt
configure:5676: checking if mt is a manifest tool
configure:5682: mt '-?'
usage: mt [-v] [--version] [-h] [ -f device ] command [ count ]
configure:5690: result: no
configure:6332: checking how to run the C preprocessor
configure:6363: gcc -E  conftest.c
configure:6363: $? = 0
configure:6377: gcc -E  conftest.c
conftest.c:9:10: fatal error: ac_nonexistent.h: No such file or directory
 #include <ac_nonexistent.h>
          ^~~~~~~~~~~~~~~~~~
compilation terminated.
configure:6377: $? = 1
configure: failed program was:
| /* confdefs.h */
| #define PACKAGE_NAME ""
| #define PACKAGE_TARNAME ""
| #define PACKAGE_VERSION ""
| #define PACKAGE_STRING ""
| #define PACKAGE_BUGREPORT ""
| #define PACKAGE_URL ""
| /* end confdefs.h.  */
| #include <ac_nonexistent.h>
configure:6402: result: gcc -E
configure:6422: gcc -E  conftest.c
configure:6422: $? = 0
configure:6436: gcc -E  conftest.c
conftest.c:9:10: fatal error: ac_nonexistent.h: No such file or directory
 #include <ac_nonexistent.h>
          ^~~~~~~~~~~~~~~~~~
compilation terminated.
configure:6436: $? = 1
configure: failed program was:
| /* confdefs.h */
| #define PACKAGE_NAME ""
| #define PACKAGE_TARNAME ""
| #define PACKAGE_VERSION ""
| #define PACKAGE_STRING ""
| #define PACKAGE_BUGREPORT ""
| #define PACKAGE_URL ""
| /* end confdefs.h.  */
| #include <ac_nonexistent.h>
configure:6465: checking for ANSI C header files
configure:6485: gcc -c -g -O2  conftest.c >&5
configure:6485: $? = 0
configure:6558: gcc -o conftest -g -O2   conftest.c  >&5
configure:6558: $? = 0
configure:6558: ./conftest
configure:6558: $? = 0
configure:6569: result: yes
configure:6582: checking for sys/types.h
configure:6582: gcc -c -g -O2  conftest.c >&5
configure:6582: $? = 0
configure:6582: result: yes
configure:6582: checking for sys/stat.h
configure:6582: gcc -c -g -O2  conftest.c >&5
configure:6582: $? = 0
configure:6582: result: yes
configure:6582: checking for stdlib.h
configure:6582: gcc -c -g -O2  conftest.c >&5
configure:6582: $? = 0
configure:6582: result: yes
configure:6582: checking for string.h
configure:6582: gcc -c -g -O2  conftest.c >&5
configure:6582: $? = 0
configure:6582: result: yes
configure:6582: checking for memory.h
configure:6582: gcc -c -g -O2  conftest.c >&5
configure:6582: $? = 0
configure:6582: result: yes
configure:6582: checking for strings.h
configure:6582: gcc -c -g -O2  conftest.c >&5
configure:6582: $? = 0
configure:6582: result: yes
configure:6582: checking for inttypes.h
configure:6582: gcc -c -g -O2  conftest.c >&5
configure:6582: $? = 0
configure:6582: result: yes
configure:6582: checking for stdint.h
configure:6582: gcc -c -g -O2  conftest.c >&5
configure:6582: $? = 0
configure:6582: result: yes
configure:6582: checking for unistd.h
configure:6582: gcc -c -g -O2  conftest.c >&5
configure:6582: $? = 0
configure:6582: result: yes
configure:6596: checking for dlfcn.h
configure:6596: gcc -c -g -O2  conftest.c >&5
configure:6596: $? = 0
configure:6596: result: yes
configure:6802: checking for objdir
configure:6817: result: .libs
configure:7084: checking if gcc supports -fno-rtti -fno-exceptions
configure:7102: gcc -c -g -O2  -fno-rtti -fno-exceptions conftest.c >&5
cc1: warning: command line option '-fno-rtti' is valid for C++/ObjC++ but not for C
configure:7106: $? = 0
configure:7119: result: no
configure:7446: checking for gcc option to produce PIC
configure:7453: result: -fPIC -DPIC
configure:7461: checking if gcc PIC flag -fPIC -DPIC works
configure:7479: gcc -c -g -O2  -fPIC -DPIC -DPIC conftest.c >&5
configure:7483: $? = 0
configure:7496: result: yes
configure:7525: checking if gcc static flag -static works
configure:7553: result: no
configure:7568: checking if gcc supports -c -o file.o
configure:7589: gcc -c -g -O2  -o out/conftest2.o conftest.c >&5
configure:7593: $? = 0
configure:7615: result: yes
configure:7623: checking if gcc supports -c -o file.o
configure:7670: result: yes
configure:7703: checking whether the gcc linker (/usr/x86_64-suse-linux/bin/ld -m elf_x86_64) supports shared libraries
configure:8860: result: yes
configure:8897: checking whether -lc should be explicitly linked in
configure:8905: gcc -c -g -O2  conftest.c >&5
configure:8908: $? = 0
configure:8923: gcc -shared  -fPIC -DPIC conftest.o  -v -Wl,-soname -Wl,conftest -o conftest 2\>\&1 \| /usr/bin/grep  -lc  \>/dev/null 2\>\&1
configure:8926: $? = 0
configure:8940: result: no
configure:9100: checking dynamic linker characteristics
configure:9611: gcc -o conftest -g -O2   -Wl,-rpath -Wl,/foo conftest.c  >&5
configure:9611: $? = 0
configure:9845: result: GNU/Linux ld.so
configure:9952: checking how to hardcode library paths into programs
configure:9977: result: immediate
configure:10517: checking whether stripping libraries is possible
configure:10522: result: yes
configure:10557: checking if libtool supports shared libraries
configure:10559: result: yes
configure:10562: checking whether to build shared libraries
configure:10583: result: yes
configure:10586: checking whether to build static libraries
configure:10590: result: yes
configure:10645: checking for a BSD-compatible install
configure:10713: result: /usr/bin/install -c
configure:10724: checking whether build environment is sane
configure:10774: result: yes
configure:10915: checking for a thread-safe mkdir -p
configure:10954: result: /usr/bin/mkdir -p
configure:10963: checking whether make sets $(MAKE)
configure:10985: result: yes
configure:11015: checking for style of include used by make
configure:11043: result: GNU
configure:11129: checking dependency style of gcc
configure:11240: result: gcc3
configure:11314: checking for gcc
configure:11341: result: gcc
configure:11570: checking for C compiler version
configure:11579: gcc --version >&5
gcc (SUSE Linux) 7.2.1 20171020 [gcc-7-branch revision 253932]
Copyright (C) 2017 Free Software Foundation, Inc.
This is free software; see the source for copying conditions.  There is NO
warranty; not even for MERCHANTABILITY or FITNESS FOR A PARTICULAR PURPOSE.

configure:11590: $? = 0
configure:11579: gcc -v >&5
Using built-in specs.
COLLECT_GCC=gcc
COLLECT_LTO_WRAPPER=/usr/lib64/gcc/x86_64-suse-linux/7/lto-wrapper
OFFLOAD_TARGET_NAMES=hsa:nvptx-none
Target: x86_64-suse-linux
Configured with: ../configure --prefix=/usr --infodir=/usr/share/info --mandir=/usr/share/man --libdir=/usr/lib64 --libexecdir=/usr/lib64 --enable-languages=c,c++,objc,fortran,obj-c++,ada,go --enable-offload-targets=hsa,nvptx-none=/usr/nvptx-none, --without-cuda-driver --enable-checking=release --disable-werror --with-gxx-include-dir=/usr/include/c++/7 --enable-ssp --disable-libssp --disable-libvtv --disable-libcc1 --enable-plugin --with-bugurl=http://bugs.opensuse.org/ --with-pkgversion='SUSE Linux' --with-slibdir=/lib64 --with-system-zlib --enable-__cxa_atexit --enable-libstdcxx-allocator=new --disable-libstdcxx-pch --enable-version-specific-runtime-libs --with-gcc-major-version-only --enable-linker-build-id --enable-linux-futex --enable-gnu-indirect-function --program-suffix=-7 --without-system-libunwind --enable-multilib --with-arch-32=x86-64 --with-tune=generic --build=x86_64-suse-linux --host=x86_64-suse-linux
Thread model: posix
gcc version 7.2.1 20171020 [gcc-7-branch revision 253932] (SUSE Linux) 
configure:11590: $? = 0
configure:11579: gcc -V >&5
gcc: error: unrecognized command line option '-V'
gcc: fatal error: no input files
compilation terminated.
configure:11590: $? = 1
configure:11579: gcc -qversion >&5
gcc: error: unrecognized command line option '-qversion'; did you mean '--version'?
gcc: fatal error: no input files
compilation terminated.
configure:11590: $? = 1
configure:11594: checking whether we are using the GNU C compiler
configure:11622: result: yes
configure:11631: checking whether gcc accepts -g
configure:11692: result: yes
configure:11709: checking for gcc option to accept ISO C89
configure:11786: result: none needed
configure:11811: checking how to run the C preprocessor
configure:11881: result: gcc -E
configure:11901: gcc -E  conftest.c
configure:11901: $? = 0
configure:11915: gcc -E  conftest.c
conftest.c:23:10: fatal error: ac_nonexistent.h: No such file or directory
 #include <ac_nonexistent.h>
          ^~~~~~~~~~~~~~~~~~
compilation terminated.
configure:11915: $? = 1
configure: failed program was:
| /* confdefs.h */
| #define PACKAGE_NAME ""
| #define PACKAGE_TARNAME ""
| #define PACKAGE_VERSION ""
| #define PACKAGE_STRING ""
| #define PACKAGE_BUGREPORT ""
| #define PACKAGE_URL ""
| #define STDC_HEADERS 1
| #define HAVE_SYS_TYPES_H 1
| #define HAVE_SYS_STAT_H 1
| #define HAVE_STDLIB_H 1
| #define HAVE_STRING_H 1
| #define HAVE_MEMORY_H 1
| #define HAVE_STRINGS_H 1
| #define HAVE_INTTYPES_H 1
| #define HAVE_STDINT_H 1
| #define HAVE_UNISTD_H 1
| #define HAVE_DLFCN_H 1
| #define LT_OBJDIR ".libs/"
| #define PACKAGE "cpmio"
| #define VERSION "1.1.1"
| /* end confdefs.h.  */
| #include <ac_nonexistent.h>
configure:11944: checking whether make sets $(MAKE)
configure:11966: result: yes
configure:11976: checking for printw in -lncurses
configure:12001: gcc -o conftest -g -O2   conftest.c -lncurses   >&5
configure:12001: $? = 0
configure:12010: result: yes
configure:12016: checking for printw in -lcurses
configure:12041: gcc -o conftest -g -O2   conftest.c -lcurses  -lncurses  >&5
/usr/lib64/gcc/x86_64-suse-linux/7/../../../../x86_64-suse-linux/bin/ld: cannot find -lcurses
collect2: error: ld returned 1 exit status
configure:12041: $? = 1
configure: failed program was:
| /* confdefs.h */
| #define PACKAGE_NAME ""
| #define PACKAGE_TARNAME ""
| #define PACKAGE_VERSION ""
| #define PACKAGE_STRING ""
| #define PACKAGE_BUGREPORT ""
| #define PACKAGE_URL ""
| #define STDC_HEADERS 1
| #define HAVE_SYS_TYPES_H 1
| #define HAVE_SYS_STAT_H 1
| #define HAVE_STDLIB_H 1
| #define HAVE_STRING_H 1
| #define HAVE_MEMORY_H 1
| #define HAVE_STRINGS_H 1
| #define HAVE_INTTYPES_H 1
| #define HAVE_STDINT_H 1
| #define HAVE_UNISTD_H 1
| #define HAVE_DLFCN_H 1
| #define LT_OBJDIR ".libs/"
| #define PACKAGE "cpmio"
| #define VERSION "1.1.1"
| /* end confdefs.h.  */
| 
| /* Override any GCC internal prototype to avoid an error.
|    Use char because int might match the return type of a GCC
|    builtin and then its argument prototype would still apply.  */
| #ifdef __cplusplus
| extern "C"
| #endif
| char printw ();
| int
| main ()
| {
| return printw ();
|   ;
|   return 0;
| }
configure:12050: result: no
configure:12105: checking for ANSI C header files
configure:12209: result: yes
configure:12220: checking sys/time.h usability
configure:12220: gcc -c -g -O2  conftest.c >&5
configure:12220: $? = 0
configure:12220: result: yes
configure:12220: checking sys/time.h presence
configure:12220: gcc -E  conftest.c
configure:12220: $? = 0
configure:12220: result: yes
configure:12220: checking for sys/time.h
configure:12220: result: yes
configure:12220: checking for unistd.h
configure:12220: result: yes
configure:12233: checking ncurses.h usability
configure:12233: gcc -c -g -O2  conftest.c >&5
configure:12233: $? = 0
configure:12233: result: yes
configure:12233: checking ncurses.h presence
configure:12233: gcc -E  conftest.c
configure:12233: $? = 0
configure:12233: result: yes
configure:12233: checking for ncurses.h
configure:12233: result: yes
configure:12244: checking whether time.h and sys/time.h may both be included
configure:12264: gcc -c -g -O2  conftest.c >&5
configure:12264: $? = 0
configure:12271: result: yes
configure:12280: checking return type of signal handlers
configure:12298: gcc -c -g -O2  conftest.c >&5
conftest.c: In function 'main':
conftest.c:34:10: error: void value not ignored as it ought to be
 return *(signal (0, 0)) (0) == 1;
         ~^~~~~~~~~~~~~~~~~~
configure:12298: $? = 1
configure: failed program was:
| /* confdefs.h */
| #define PACKAGE_NAME ""
| #define PACKAGE_TARNAME ""
| #define PACKAGE_VERSION ""
| #define PACKAGE_STRING ""
| #define PACKAGE_BUGREPORT ""
| #define PACKAGE_URL ""
| #define STDC_HEADERS 1
| #define HAVE_SYS_TYPES_H 1
| #define HAVE_SYS_STAT_H 1
| #define HAVE_STDLIB_H 1
| #define HAVE_STRING_H 1
| #define HAVE_MEMORY_H 1
| #define HAVE_STRINGS_H 1
| #define HAVE_INTTYPES_H 1
| #define HAVE_STDINT_H 1
| #define HAVE_UNISTD_H 1
| #define HAVE_DLFCN_H 1
| #define LT_OBJDIR ".libs/"
| #define PACKAGE "cpmio"
| #define VERSION "1.1.1"
| #define STDC_HEADERS 1
| #define HAVE_SYS_TIME_H 1
| #define HAVE_UNISTD_H 1
| #define HAVE_NCURSES_H 1
| #define TIME_WITH_SYS_TIME 1
| /* end confdefs.h.  */
| #include <sys/types.h>
| #include <signal.h>
| 
| int
| main ()
| {
| return *(signal (0, 0)) (0) == 1;
|   ;
|   return 0;
| }
configure:12305: result: void
configure:12315: checking for select
configure:12315: gcc -o conftest -g -O2   conftest.c -lncurses  >&5
configure:12315: $? = 0
configure:12315: result: yes
configure:12457: creating ./config.status

## ---------------------- ##
## Running config.status. ##
## ---------------------- ##

This file was extended by config.status, which was
generated by GNU Autoconf 2.68.  Invocation command line was

  CONFIG_FILES    = 
  CONFIG_HEADERS  = 
  CONFIG_LINKS    = 
  CONFIG_COMMANDS = 
  $ ./config.status 

on vger.home.site

config.status:1098: creating Makefile
config.status:1098: creating lib/Makefile
config.status:1098: creating include/Makefile
config.status:1098: creating check/Makefile
config.status:1098: creating config.h
config.status:1327: executing libtool commands
config.status:1327: executing depfiles commands

## ---------------- ##
## Cache variables. ##
## ---------------- ##

ac_cv_build=x86_64-unknown-linux-gnu
ac_cv_c_compiler_gnu=yes
ac_cv_env_CC_set=
ac_cv_env_CC_value=
ac_cv_env_CFLAGS_set=
ac_cv_env_CFLAGS_value=
ac_cv_env_CPPFLAGS_set=
ac_cv_env_CPPFLAGS_value=
ac_cv_env_CPP_set=
ac_cv_env_CPP_value=
ac_cv_env_LDFLAGS_set=
ac_cv_env_LDFLAGS_value=
ac_cv_env_LIBS_set=
ac_cv_env_LIBS_value=
ac_cv_env_build_alias_set=
ac_cv_env_build_alias_value=
ac_cv_env_host_alias_set=
ac_cv_env_host_alias_value=
ac_cv_env_target_alias_set=
ac_cv_env_target_alias_value=
ac_cv_func_select=yes
ac_cv_header_dlfcn_h=yes
ac_cv_header_inttypes_h=yes
ac_cv_header_memory_h=yes
ac_cv_header_ncurses_h=yes
ac_cv_header_stdc=yes
ac_cv_header_stdint_h=yes
ac_cv_header_stdlib_h=yes
ac_cv_header_string_h=yes
ac_cv_header_strings_h=yes
ac_cv_header_sys_stat_h=yes
ac_cv_header_sys_time_h=yes
ac_cv_header_sys_types_h=yes
ac_cv_header_time=yes
ac_cv_header_unistd_h=yes
ac_cv_host=x86_64-unknown-linux-gnu
ac_cv_lib_curses_printw=no
ac_cv_lib_ncurses_printw=yes
ac_cv_objext=o
ac_cv_path_EGREP='/usr/bin/grep -E'
ac_cv_path_FGREP='/usr/bin/grep -F'
ac_cv_path_GREP=/usr/bin/grep
ac_cv_path_SED=/usr/bin/sed
ac_cv_path_install='/usr/bin/install -c'
ac_cv_path_mkdir=/usr/bin/mkdir
ac_cv_prog_AWK=gawk
ac_cv_prog_CPP='gcc -E'
ac_cv_prog_ac_ct_AR=ar
ac_cv_prog_ac_ct_CC=gcc
ac_cv_prog_ac_ct_MANIFEST_TOOL=mt
ac_cv_prog_ac_ct_OBJDUMP=objdump
ac_cv_prog_ac_ct_RANLIB=ranlib
ac_cv_prog_ac_ct_STRIP=strip
ac_cv_prog_cc_c89=
ac_cv_prog_cc_g=yes
ac_cv_prog_make_make_set=yes
ac_cv_type_signal=void
am_cv_CC_dependencies_compiler_type=gcc3
lt_cv_ar_at_file=@
lt_cv_archive_cmds_need_lc=no
lt_cv_deplibs_check_method=pass_all
lt_cv_file_magic_cmd='$MAGIC_CMD'
lt_cv_file_magic_test_file=
lt_cv_ld_reload_flag=-r
lt_cv_nm_interface='BSD nm'
lt_cv_objdir=.libs
lt_cv_path_LD=/usr/x86_64-suse-linux/bin/ld
lt_cv_path_NM='/usr/bin/nm -B'
lt_cv_path_mainfest_tool=no
lt_cv_prog_compiler_c_o=yes
lt_cv_prog_compiler_pic='-fPIC -DPIC'
lt_cv_prog_compiler_pic_works=yes
lt_cv_prog_compiler_rtti_exceptions=no
lt_cv_prog_compiler_static_works=no
lt_cv_prog_gnu_ld=yes
lt_cv_sharedlib_from_linklib_cmd='printf %s\n'
lt_cv_shlibpath_overrides_runpath=yes
lt_cv_sys_global_symbol_pipe='sed -n -e '\''s/^.*[	 ]\([ABCDGIRSTW][ABCDGIRSTW]*\)[	 ][	 ]*\([_A-Za-z][_A-Za-z0-9]*\)$/\1 \2 \2/p'\'' | sed '\''/ __gnu_lto/d'\'''
lt_cv_sys_global_symbol_to_c_name_address='sed -n -e '\''s/^: \([^ ]*\)[ ]*$/  {\"\1\", (void *) 0},/p'\'' -e '\''s/^[ABCDGIRSTW]* \([^ ]*\) \([^ ]*\)$/  {"\2", (void *) \&\2},/p'\'''
lt_cv_sys_global_symbol_to_c_name_address_lib_prefix='sed -n -e '\''s/^: \([^ ]*\)[ ]*$/  {\"\1\", (void *) 0},/p'\'' -e '\''s/^[ABCDGIRSTW]* \([^ ]*\) \(lib[^ ]*\)$/  {"\2", (void *) \&\2},/p'\'' -e '\''s/^[ABCDGIRSTW]* \([^ ]*\) \([^ ]*\)$/  {"lib\2", (void *) \&\2},/p'\'''
lt_cv_sys_global_symbol_to_cdecl='sed -n -e '\''s/^T .* \(.*\)$/extern int \1();/p'\'' -e '\''s/^[ABCDGIRSTW]* .* \(.*\)$/extern char \1;/p'\'''
lt_cv_sys_max_cmd_len=1572864
lt_cv_to_host_file_cmd=func_convert_file_noop
lt_cv_to_tool_file_cmd=func_convert_file_noop

## ----------------- ##
## Output variables. ##
## ----------------- ##

ACLOCAL='${SHELL} /home/pbetti/elettronica/Z80-CPM/hardware/Z80DarkStar/support/zxcc/zxcc-0.5.7/cpmio/config/missing --run aclocal-1.11'
AMDEPBACKSLASH='\'
AMDEP_FALSE='#'
AMDEP_TRUE=''
AMTAR='$${TAR-tar}'
AR='ar'
AUTOCONF='${SHELL} /home/pbetti/elettronica/Z80-CPM/hardware/Z80DarkStar/support/zxcc/zxcc-0.5.7/cpmio/config/missing --run autoconf'
AUTOHEADER='${SHELL} /home/pbetti/elettronica/Z80-CPM/hardware/Z80DarkStar/support/zxcc/zxcc-0.5.7/cpmio/config/missing --run autoheader'
AUTOMAKE='${SHELL} /home/pbetti/elettronica/Z80-CPM/hardware/Z80DarkStar/support/zxcc/zxcc-0.5.7/cpmio/config/missing --run automake-1.11'
AWK='gawk'
CC='gcc'
CCDEPMODE='depmode=gcc3'
CFLAGS='-g -O2'
CPP='gcc -E'
CPPFLAGS=''
CYGPATH_W='echo'
DEFS='-DHAVE_CONFIG_H'
DEPDIR='.deps'
DLLTOOL='false'
DSYMUTIL=''
DUMPBIN=''
ECHO_C=''
ECHO_N='-n'
ECHO_T=''
EGREP='/usr/bin/grep -E'
EXEEXT=''
FGREP='/usr/bin/grep -F'
GREP='/usr/bin/grep'
INSTALL_DATA='${INSTALL} -m 644'
INSTALL_PROGRAM='${INSTALL}'
INSTALL_SCRIPT='${INSTALL}'
INSTALL_STRIP_PROGRAM='$(install_sh) -c -s'
LD='/usr/x86_64-suse-linux/bin/ld -m elf_x86_64'
LDFLAGS=''
LIBOBJS=''
LIBS='-lncurses '
LIBTOOL='$(SHELL) $(top_builddir)/libtool'
LIPO=''
LN_S='ln -s'
LTLIBOBJS=''
MAKEINFO='${SHELL} /home/pbetti/elettronica/Z80-CPM/hardware/Z80DarkStar/support/zxcc/zxcc-0.5.7/cpmio/config/missing --run makeinfo'
MANIFEST_TOOL=':'
MKDIR_P='/usr/bin/mkdir -p'
NM='/usr/bin/nm -B'
NMEDIT=''
OBJDUMP='objdump'
OBJEXT='o'
OTOOL64=''
OTOOL=''
PACKAGE='cpmio'
PACKAGE_BUGREPORT=''
PACKAGE_NAME=''
PACKAGE_STRING=''
PACKAGE_TARNAME=''
PACKAGE_URL=''
PACKAGE_VERSION=''
PATH_SEPARATOR=':'
RANLIB='ranlib'
SED='/usr/bin/sed'
SET_MAKE=''
SHELL='/bin/sh'
STRIP='strip'
VERSION='1.1.1'
ac_ct_AR='ar'
ac_ct_CC='gcc'
ac_ct_DUMPBIN=''
am__EXEEXT_FALSE=''
am__EXEEXT_TRUE='#'
am__fastdepCC_FALSE='#'
am__fastdepCC_TRUE=''
am__include='include'
am__isrc=''
am__leading_dot='.'
am__nodep='_no'
am__quote=''
am__tar='$${TAR-tar} chof - "$$tardir"'
am__untar='$${TAR-tar} xf -'
bindir='${exec_prefix}/bin'
build='x86_64-unknown-linux-gnu'
build_alias=''
build_cpu='x86_64'
build_os='linux-gnu'
build_vendor='unknown'
datadir='${datarootdir}'
datarootdir='${prefix}/share'
docdir='${datarootdir}/doc/${PACKAGE}'
dvidir='${docdir}'
exec_prefix='${prefix}'
host='x86_64-unknown-linux-gnu'
host_alias=''
host_cpu='x86_64'
host_os='linux-gnu'
host_vendor='unknown'
htmldir='${docdir}'
includedir='${prefix}/include'
infodir='${datarootdir}/info'
install_sh='${SHELL} /home/pbetti/elettronica/Z80-CPM/hardware/Z80DarkStar/support/zxcc/zxcc-0.5.7/cpmio/config/install-sh'
libdir='${exec_prefix}/lib64'
libexecdir='${exec_prefix}/lib'
localedir='${datarootdir}/locale'
localstatedir='${prefix}/var'
mandir='${datarootdir}/man'
mkdir_p='/usr/bin/mkdir -p'
oldincludedir='/usr/include'
pdfdir='${docdir}'
prefix='/usr/local'
program_transform_name='s,x,x,'
psdir='${docdir}'
sbindir='${exec_prefix}/sbin'
sharedstatedir='${prefix}/com'
sysconfdir='${prefix}/etc'
target_alias=''

## ----------- ##
## confdefs.h. ##
## ----------- ##

/* confdefs.h */
#define PACKAGE_NAME ""
#define PACKAGE_TARNAME ""
#define PACKAGE_VERSION ""
#define PACKAGE_STRING ""
#define PACKAGE_BUGREPORT ""
#define PACKAGE_URL ""
#define STDC_HEADERS 1
#define HAVE_SYS_TYPES_H 1
#define HAVE_SYS_STAT_H 1
#define HAVE_STDLIB_H 1
#define HAVE_STRING_H 1
#define HAVE_MEMORY_H 1
#define HAVE_STRINGS_H 1
#define HAVE_INTTYPES_H 1
#define HAVE_STDINT_H 1
#define HAVE_UNISTD_H 1
#define HAVE_DLFCN_H 1
#define LT_OBJDIR ".libs/"
#define PACKAGE "cpmio"
#define VERSION "1.1.1"
#define STDC_HEADERS 1
#define HAVE_SYS_TIME_H 1
#define HAVE_UNISTD_H 1
#define HAVE_NCURSES_H 1
#define TIME_WITH_SYS_TIME 1
#define RETSIGTYPE void
#define HAVE_SELECT 1

configure: exit 0
