   1:			;	NAME	'Dallas DS-1302 Trickle chargher displaty utility'
   2:			
   3:			; link to DarkStar Monitor symbols...
   4:			rsym bios.sym
   5:			
   6:			
   7:	000D          	CR	EQU	0DH
   8:	000A          	LF	EQU	0AH
   9:	0080          	CMDLN	EQU	$0080		;
  10:			
  11:	0100          		ORG TPA
  12:			
  13:	0100  ED73B801	BEGIN:	LD	(STACK),SP
  14:	0104  31B801  		LD	SP,STACK
  15:				;
  16:	0107  CD1F01  		CALL	GDMRN
  17:	010A  0D0A5A44		DB	CR,LF,'ZDS DS1302 v 1.0',CR,LF,'$'
	      53204453
	      31333032
	      20762031
	      2E300D0A
	      24
  18:	011F  D1      	GDMRN:	POP	DE
  19:	0120  0E09    		LD	C,9
  20:	0122  CD06D6  		CALL	BDOS
  21:				;
  22:	0125  F3      		DI
  23:			; 	CALL	STTCK
  24:	0126  CD6601  		CALL	RDTCK
  25:	0129  FB      		EI
  26:	012A  CD4801  		CALL	MDISR
  27:	012D  54726963		DB	'Trickle Chargher STATUS:',CR,LF,'$'
	      6B6C6520
	      43686172
	      67686572
	      20535441
	      5455533A
	      0D0A24
  28:	0148  D1      	MDISR:	POP	DE
  29:	0149  0E09    		LD	C,9
  30:	014B  CD06D6  		CALL	BDOS
  31:	014E  217701  		LD	HL,REGBUF
  32:	0151  5E      		LD	E,(HL)		; not needed in effect, since
  33:							; E already contains ds1302 register value
  34:	0152  CD0000  		CALL	BINDISP		; display reg E
U Undeclared error
  35:	0155  CD5B01  		CALL	MNEWL
  36:	0158  0D0A24  		DB	CR,LF,'$'
  37:	015B  D1      	MNEWL:	POP	DE
  38:	015C  0E09    		LD	C,9
  39:	015E  CD06D6  		CALL	BDOS
  40:			
  41:	0161  ED7BB801	EXIT:	LD	SP,(STACK)	;   restore Stack Pointer
  42:	0165  C9      		RET			;    and back to OS
  43:			
  44:			
  45:			;;
  46:			;; Read trickle charger register
  47:			;;
  48:	0166  CD0000  	RDTCK:	CALL	COPEN			; Open the Clock
U Undeclared error
  49:	0169  3E91    		LD	A,10010001B		; select write to trickle charger reg.
  50:	016B  CD0000  		CALL	WR1302
U Undeclared error
  51:	016E  1601    		LD	D,1			; one byte to read
  52:	0170  217701  		LD	HL,REGBUF		; where to place copy
  53:	0173  CD0000  		CALL	RDDSRE			; read in register
U Undeclared error
  54:	0176  C9      		RET
  55:			
  56:	0177          	REGBUF:	DS	1			; DS1302 register buffer
  57:			
  58:	0178          		DS	64			; Stack Space
  59:	01B8          	STACK:	DS	2
  60:			
  61:			;; EOF



Error + Warning report:

     4 errors
     0 warnings
     4 U -- Undeclared error

     4	passes
     0	jr promotions
   401	symbols
     0	bytes



Symbol Table:

aftrio          e8b0+    crtrevrsbit        1+    pio2bit4           4+    
all00           ec04+    crtservcnt        8b+    ppakstb            1+    
all01           ec3b+    crtservdat        89+    ppcntrp            2+    
all02           ecf2+    crtunderbit        2+    ppdatap            3+    
all03           ed29+    crtwidthbit        1+    ppdini             0+    
alloc           e808+    cslp0           e95d+    ppdokg             2+    
altprnprt          3+    curpbuf           55+    ppdrdy             4+    
appbuf            3e+    cwflg           e642+    ppdstp             6+    
base               0+    datsiz           475+    ppstrob            0+    
bbappp             e+    delay           fd64+    ppuack             7+    
bbbase          f000+    dfmt128            0+    ppuini             1+    
bbcalret        fd4b+    dfmt256            0+    ppuokg             3+    
bbcbank            c+    dfmt512         ffff+    ppurdy             5+    
bbcomn          fc00+    diff16          e90e+    prntbusybit        0+    
bbconin         fc1e+    dirbf           eb84+    prvtop            5b+    
bbconout        fc14+    dly1            fd68+    ram0buf           48+    
bbconst         fc28+    dly2            fd66+    ram1buf           49+    
bbcpboot        fcf0+    dmaadr          e982+    ram2buf           4a+    
bbcptime        fce6+    dpbase          e437+    ram3buf           4b+    
bbcrtcini       fc00+    dpbnds          e482+    rcp             ee00+    
bbcrtfill       fc0a+    dpbvrt          e457+    rcps              10+    
bbcstck            d+    dreadh          e707+    rdflo           e71b+    
bbdebug         ffff+    dselbf            5a+    rdtck            166     
bbdiv16         fc32+    dwrith          e73a+    rdvrt           e72b+    
bbdmaset        fcd2+    eepsta          f000+    readcfg8255       92+    
bbdriveid       fd22+    enddat          ede0+    readhst         e704+    
bbdsksel        fcdc+    erflag          e96c+    regastatus        16+    
bbexec          fd2c+    exit             161+    regbuf           177     
bbfdrvsel       fd0e+    expath          f9f4+    regcommand         f+    
bbfhome         fc64+    expaths            5+    regcontrol        16+    
bbflopio        fc82+    extfcb          f9d0+    regcyllsb          c+    
bbfread         fc6e+    extrabias       1200+    regcylmsb          d+    
bbfwrite        fc78+    extstk          fbd0+    regdata            8+    
bbhdinit        fd18+    false              0+    regerr             9+    
bbimgp             4+    fcp             f600+    regseccnt          a+    
bbjtobnk        fc00+    fcps               4+    regsector          b+    
bboffcal        fc3c+    fdcbase           d0+    regshd             e+    
bbpag              f+    fdccmdstatr       d0+    regstatus          f+    
bbpmap          fd5f+    fdcdatareg        d7+    resroom          400+    
bbprcvblk       fc5a+    fdcdrvrcnt        d6+    rhstfi          e873+    
bbprnchr        fc8c+    fdcreadc          88+    rst7spc           38+    
bbpsndblk       fc46+    fdcrestc           7+    rtcbuf          e660+    
bbrdtime        fcb4+    fdcsectreg        d2+    rwmove          e8fc+    
bbrdvdsk        fc96+    fdcseekc          17+    rwoper          e80f+    
bbsecset        fcc8+    fdctrakreg        d1+    rwoshf          e816+    
bbsidset        fd04+    fdcwritc          a8+    sectran         e6e5+    
bbstack           30+    fdrvbuf           52+    seg1            ee00+    
bbsttim         fcaa+    ff                 c+    seg10           f800+    
bbtrkset        fcbe+    frdpbuf           4e+    seg11           fb00+    
bbuplchr        fc50+    fsecbuf           50+    seg12           fbd0+    
bbvcpmbt        fcfa+    fsekbuf           4c+    seg2            f600+    
bbvoid          fd5e+    ftrkbuf           53+    seg3            f600+    
bbwrvdsk        fca0+    gdmrn            11f     seg4            f900+    
bdos            d606+    gocpm           e5f3+    seg5            f980+    
bdosb           d600+    haseds          ffff+    seg6            f9d0+    
bdwtyp          e96f+    hddlyst           3d+    seg7            f9f4+    
begdat          e96b+    hmempag            b+    seg8            f9ff+    
begin            100+    home            e66a+    seg9            fa00+    
bfailmsg        e502+    homflo          e678+    sekdsk          e972+    
bias            9a00+    hstact          e96b+    sekhst          e981+    
biohby            e4+    hstbsz           200+    seksec          e975+    
bioreas          a00+    hstbuf          e984+    sektrk          e973+    
bios            e400+    hstdsk          e97c+    selact          e69f+    
biosiz           56b+    hstfil          e87b+    seldsk          e684+    
biostds          600+    hstfrd          e8ad+    selflp          e6c7+    
bldoffs         2000+    hstful          e855+    selhdd          e6cd+    
bootfail        e5eb+    hstlgs          e97a+    selndb          e6c2+    
botdsk          e436+    hstloa          e844+    selvrt          e6ce+    
botok           e53f+    hstrdd          e847+    setdma          e6e0+    
bseldsk         e923+    hstrsf          e8d2+    setsec          e6db+    
bsetdma         e91e+    hstsec          e97f+    settrk          e6d6+    
bsetsec         e919+    hstsyn          e852+    shsize            20+    
bsettrk         e914+    hsttmp          e97b+    shstk           f900+    
btpasiz            6+    hsttrk          e97d+    shstks             4+    
cbboot          e514+    hstwrt          e96d+    signon          e4a8+    
cbread          e788+    idea0line          1+    sk2hst          e8bf+    
cbrev              f+    idea1line          2+    sminttbl        fd73+    
ccp             ce00+    idea2line          4+    stack            1b8     
cdisk              4+    idecs0line         8+    stmpp2          ffff+    
chk00           ec72+    idecs1line        10+    stmpzs             0+    
chk01           ecb2+    ideporta          e0+    synpnd          e8ff+    
chk02           ed60+    ideportb          e1+    syscmhi         ffff+    
chk03           eda0+    ideportc          e2+    syscmlo         fd93+    
chksid          e76e+    ideportctrl       e3+    syscom          fc00+    
chkuna          e7c3+    iderdline         40+    time            e659+    
cldcmnd         e62d+    iderstline        80+    tmpbyte           57+    
clkday          e663+    idewrline         20+    tpa              100+    
clkdow          e665+    idisk1            24+    trans           e477+    
clkhr           e662+    idisk2            24+    true            ffff+    
clkio              6+    idisk3             1+    unacnt          e971+    
clkmm           e661+    idisk4             1+    unadsk          e976+    
clkmon          e664+    incomm          ffff+    unasec          e979+    
clkrst             7+    intron             0+    unatrk          e977+    
clksclk            5+    iobval            95+    usenodeblock       0+    
clkse           e660+    iobyte             3+    vdbufsz            a+    
clkyea          e666+    ioflag          e96e+    vdrdsec            0+    
cloisr          e667+    iop                0+    vdskbuf           40+    
cmdid             ec+    iops               0+    vdwrsec            1+    
cmdinit           91+    iuser1            24+    vers              16+    
cmdln          =  80+    iuser2             f+    wboot           e586+    
cmdread           20+    iuser3            24+    wboote          e403+    
cmdrecal          10+    iuser4             f+    whstfi          e86c+    
cmdset          e654+    kbdbyte           59+    wrall              0+    
cmdspindown       e0+    keybstrbbit        7+    wrdir              1+    
cmdspinup         e1+    lf             =   a+    wrfl2           e75e+    
cmdwrite          30+    lsect           e5c1+    wrflo           e74e+    
colbuf            5b+    mconin          e928+    wrflt           e752+    
coldbeg         e643+    mconout         e939+    write           e79b+    
coldend         e64a+    mconst          e948+    writecfg8255      80+    
constr          e95c+    mdisr            148     writehst        e737+    
cont            e5d3+    menaprt           21+    wrttmp          e980+    
cpm2sup         ffff+    miobyte           58+    wrual              2+    
cpm3sup            0+    mmtpapag          ef+    wrvrt           e762+    
cpmsiz          1beb+    mmuport           20+    z3cl            fb00+    
cr             =   d+    mmutstaddr      7000+    z3cls             d0+    
crt6545adst       8c+    mmutstpage         7+    z3env           f800+    
crt6545data       8d+    mnewl            15b     z3envs             2+    
crtbase           80+    mnodev          e957+    z3msg           f980+    
crtbeepport       8f+    mscnt             f6+    z3ndir          fa00+    
crtblinkbit        0+    msize             3f+    z3ndirs           1c+    
crthilitbit        3+    mzmac              1+    z3rev             21+    
crtkeybcnt        87+    nextop          e5d6+    z3whl           f9ff+    
crtkeybdat        85+    noovf           e801+    zbufbas         ee00+    
crtmodebit         4+    noprow          e970+    zdsstpr         f438+    
crtprntcnt        83+    path            e64b+    zdsstsz          1c8+    
crtprntdat        81+    phydpt          e4a6+    zero128         e63a+    
crtram0cnt        82+    phylen             a+    zerom           e63c+    
crtram0dat        80+    phyoff             f+    zflopkg          200+    
crtram1cnt        86+    phyprm          e49b+    ziopkg             0+    
crtram1dat        84+    physpt          e4a5+    zrespkg          800+    
crtram2cnt        8a+    phystr          e6e8+    zstdovr          400+    
crtram2dat        88+    pio2bit2           2+    
crtram3port       8e+    pio2bit3           3+    
